<?xml version="1.0" encoding="utf-8"?>
<CoverageSession xmlns:xsd="http://www.w3.org/2001/XMLSchema" xmlns:xsi="http://www.w3.org/2001/XMLSchema-instance" Version="4.6.0.0">
  <Summary numSequencePoints="365" visitedSequencePoints="254" numBranchPoints="148" visitedBranchPoints="101" sequenceCoverage="69.59" branchCoverage="68.24" maxCyclomaticComplexity="12" minCyclomaticComplexity="1" maxCrapScore="31.59" minCrapScore="1" visitedClasses="9" numClasses="10" visitedMethods="43" numMethods="68" />
  <Modules>
    <Module hash="6C-22-FB-E8-BA-4B-80-79-FE-93-27-5B-0A-11-FD-5A-5B-44-4D-F8">
      <Summary numSequencePoints="113" visitedSequencePoints="50" numBranchPoints="36" visitedBranchPoints="15" sequenceCoverage="44.25" branchCoverage="41.67" maxCyclomaticComplexity="1" minCyclomaticComplexity="1" maxCrapScore="2" minCrapScore="1" visitedClasses="2" numClasses="2" visitedMethods="15" numMethods="36" />
      <ModulePath>C:\TheSolutionsBrothers\Projeto_NFe\NDD.NFe\NDD.NFe.Infra.Data.Tests\bin\Debug\NDD.NFe.Common.Tests.dll</ModulePath>
      <ModuleTime>2018-06-04T18:13:38.8435074Z</ModuleTime>
      <ModuleName>NDD.NFe.Common.Tests</ModuleName>
      <Files>
        <File uid="1" fullPath="C:\TheSolutionsBrothers\Projeto_NFe\NDD.NFe\NDD.NFe.Common.Tests\Features\Addresses\ObjectMother.cs" />
        <File uid="2" fullPath="C:\TheSolutionsBrothers\Projeto_NFe\NDD.NFe\NDD.NFe.Common.Tests\Features\Receivers\ObjectMother.cs" />
        <File uid="3" fullPath="C:\TheSolutionsBrothers\Projeto_NFe\NDD.NFe\NDD.NFe.Common.Tests\Base\BaseSqlTest.cs" />
      </Files>
      <Classes>
        <Class>
          <Summary numSequencePoints="105" visitedSequencePoints="42" numBranchPoints="35" visitedBranchPoints="14" sequenceCoverage="40" branchCoverage="40" maxCyclomaticComplexity="1" minCyclomaticComplexity="1" maxCrapScore="2" minCrapScore="1" visitedClasses="1" numClasses="1" visitedMethods="14" numMethods="35" />
          <FullName>NDD.NFe.Common.Tests.Features.ObjectMothers.ObjectMother</FullName>
          <Methods>
            <Method visited="true" cyclomaticComplexity="1" nPathComplexity="0" sequenceCoverage="100" branchCoverage="100" crapScore="1" isConstructor="false" isStatic="true" isGetter="false" isSetter="false">
              <Summary numSequencePoints="3" visitedSequencePoints="3" numBranchPoints="1" visitedBranchPoints="1" sequenceCoverage="100" branchCoverage="100" maxCyclomaticComplexity="1" minCyclomaticComplexity="1" maxCrapScore="1" minCrapScore="1" visitedClasses="0" numClasses="0" visitedMethods="1" numMethods="1" />
              <MetadataToken>100663297</MetadataToken>
              <Name>NDD.NFe.Domain.Features.Addresses.Address NDD.NFe.Common.Tests.Features.ObjectMothers.ObjectMother::GetNewValidAddress()</Name>
              <FileRef uid="1" />
              <SequencePoints>
                <SequencePoint vc="31" uspid="1" ordinal="0" offset="0" sl="14" sc="9" el="14" ec="10" bec="0" bev="0" fileid="1" />
                <SequencePoint vc="31" uspid="2" ordinal="1" offset="1" sl="15" sc="13" el="23" ec="15" bec="0" bev="0" fileid="1" />
                <SequencePoint vc="31" uspid="3" ordinal="2" offset="77" sl="24" sc="9" el="24" ec="10" bec="0" bev="0" fileid="1" />
              </SequencePoints>
              <BranchPoints />
              <MethodPoint xsi:type="SequencePoint" vc="31" uspid="1" ordinal="0" offset="0" sl="14" sc="9" el="14" ec="10" bec="0" bev="0" fileid="1" />
            </Method>
            <Method visited="true" cyclomaticComplexity="1" nPathComplexity="0" sequenceCoverage="100" branchCoverage="100" crapScore="1" isConstructor="false" isStatic="true" isGetter="false" isSetter="false">
              <Summary numSequencePoints="3" visitedSequencePoints="3" numBranchPoints="1" visitedBranchPoints="1" sequenceCoverage="100" branchCoverage="100" maxCyclomaticComplexity="1" minCyclomaticComplexity="1" maxCrapScore="1" minCrapScore="1" visitedClasses="0" numClasses="0" visitedMethods="1" numMethods="1" />
              <MetadataToken>100663298</MetadataToken>
              <Name>NDD.NFe.Domain.Features.Addresses.Address NDD.NFe.Common.Tests.Features.ObjectMothers.ObjectMother::GetExistentValidAddress()</Name>
              <FileRef uid="1" />
              <SequencePoints>
                <SequencePoint vc="29" uspid="4" ordinal="0" offset="0" sl="27" sc="9" el="27" ec="10" bec="0" bev="0" fileid="1" />
                <SequencePoint vc="29" uspid="5" ordinal="1" offset="1" sl="28" sc="13" el="37" ec="15" bec="0" bev="0" fileid="1" />
                <SequencePoint vc="29" uspid="6" ordinal="2" offset="86" sl="38" sc="9" el="38" ec="10" bec="0" bev="0" fileid="1" />
              </SequencePoints>
              <BranchPoints />
              <MethodPoint xsi:type="SequencePoint" vc="29" uspid="4" ordinal="0" offset="0" sl="27" sc="9" el="27" ec="10" bec="0" bev="0" fileid="1" />
            </Method>
            <Method visited="true" cyclomaticComplexity="1" nPathComplexity="0" sequenceCoverage="100" branchCoverage="100" crapScore="1" isConstructor="false" isStatic="true" isGetter="false" isSetter="false">
              <Summary numSequencePoints="3" visitedSequencePoints="3" numBranchPoints="1" visitedBranchPoints="1" sequenceCoverage="100" branchCoverage="100" maxCyclomaticComplexity="1" minCyclomaticComplexity="1" maxCrapScore="1" minCrapScore="1" visitedClasses="0" numClasses="0" visitedMethods="1" numMethods="1" />
              <MetadataToken>100663299</MetadataToken>
              <Name>NDD.NFe.Domain.Features.Addresses.Address NDD.NFe.Common.Tests.Features.ObjectMothers.ObjectMother::GetExistentValidAddressWithoutDependency()</Name>
              <FileRef uid="1" />
              <SequencePoints>
                <SequencePoint vc="1" uspid="7" ordinal="0" offset="0" sl="41" sc="9" el="41" ec="10" bec="0" bev="0" fileid="1" />
                <SequencePoint vc="1" uspid="8" ordinal="1" offset="1" sl="42" sc="13" el="51" ec="15" bec="0" bev="0" fileid="1" />
                <SequencePoint vc="1" uspid="9" ordinal="2" offset="86" sl="52" sc="9" el="52" ec="10" bec="0" bev="0" fileid="1" />
              </SequencePoints>
              <BranchPoints />
              <MethodPoint xsi:type="SequencePoint" vc="1" uspid="7" ordinal="0" offset="0" sl="41" sc="9" el="41" ec="10" bec="0" bev="0" fileid="1" />
            </Method>
            <Method visited="true" cyclomaticComplexity="1" nPathComplexity="0" sequenceCoverage="100" branchCoverage="100" crapScore="1" isConstructor="false" isStatic="true" isGetter="false" isSetter="false">
              <Summary numSequencePoints="3" visitedSequencePoints="3" numBranchPoints="1" visitedBranchPoints="1" sequenceCoverage="100" branchCoverage="100" maxCyclomaticComplexity="1" minCyclomaticComplexity="1" maxCrapScore="1" minCrapScore="1" visitedClasses="0" numClasses="0" visitedMethods="1" numMethods="1" />
              <MetadataToken>100663300</MetadataToken>
              <Name>NDD.NFe.Domain.Features.Addresses.Address NDD.NFe.Common.Tests.Features.ObjectMothers.ObjectMother::GetInvalidAddressWithNegativeNumber()</Name>
              <FileRef uid="1" />
              <SequencePoints>
                <SequencePoint vc="2" uspid="10" ordinal="0" offset="0" sl="55" sc="9" el="55" ec="10" bec="0" bev="0" fileid="1" />
                <SequencePoint vc="2" uspid="11" ordinal="1" offset="1" sl="56" sc="13" el="65" ec="15" bec="0" bev="0" fileid="1" />
                <SequencePoint vc="2" uspid="12" ordinal="2" offset="86" sl="66" sc="9" el="66" ec="10" bec="0" bev="0" fileid="1" />
              </SequencePoints>
              <BranchPoints />
              <MethodPoint xsi:type="SequencePoint" vc="2" uspid="10" ordinal="0" offset="0" sl="55" sc="9" el="55" ec="10" bec="0" bev="0" fileid="1" />
            </Method>
            <Method visited="false" cyclomaticComplexity="1" nPathComplexity="0" sequenceCoverage="0" branchCoverage="0" crapScore="2" isConstructor="false" isStatic="true" isGetter="false" isSetter="false">
              <Summary numSequencePoints="3" visitedSequencePoints="0" numBranchPoints="1" visitedBranchPoints="0" sequenceCoverage="0" branchCoverage="0" maxCyclomaticComplexity="1" minCyclomaticComplexity="1" maxCrapScore="2" minCrapScore="2" visitedClasses="0" numClasses="0" visitedMethods="0" numMethods="1" />
              <MetadataToken>100663301</MetadataToken>
              <Name>NDD.NFe.Domain.Features.Addresses.Address NDD.NFe.Common.Tests.Features.ObjectMothers.ObjectMother::GetInvalidAddressWithUninformedStreetName()</Name>
              <FileRef uid="1" />
              <SequencePoints>
                <SequencePoint vc="0" uspid="13" ordinal="0" offset="0" sl="69" sc="9" el="69" ec="10" bec="0" bev="0" fileid="1" />
                <SequencePoint vc="0" uspid="14" ordinal="1" offset="1" sl="70" sc="13" el="78" ec="15" bec="0" bev="0" fileid="1" />
                <SequencePoint vc="0" uspid="15" ordinal="2" offset="73" sl="79" sc="9" el="79" ec="10" bec="0" bev="0" fileid="1" />
              </SequencePoints>
              <BranchPoints />
              <MethodPoint xsi:type="SequencePoint" vc="0" uspid="13" ordinal="0" offset="0" sl="69" sc="9" el="69" ec="10" bec="0" bev="0" fileid="1" />
            </Method>
            <Method visited="true" cyclomaticComplexity="1" nPathComplexity="0" sequenceCoverage="100" branchCoverage="100" crapScore="1" isConstructor="false" isStatic="true" isGetter="false" isSetter="false">
              <Summary numSequencePoints="3" visitedSequencePoints="3" numBranchPoints="1" visitedBranchPoints="1" sequenceCoverage="100" branchCoverage="100" maxCyclomaticComplexity="1" minCyclomaticComplexity="1" maxCrapScore="1" minCrapScore="1" visitedClasses="0" numClasses="0" visitedMethods="1" numMethods="1" />
              <MetadataToken>100663302</MetadataToken>
              <Name>NDD.NFe.Domain.Features.Addresses.Address NDD.NFe.Common.Tests.Features.ObjectMothers.ObjectMother::GetInvalidAddressWithUninformedNeighborhood()</Name>
              <FileRef uid="1" />
              <SequencePoints>
                <SequencePoint vc="2" uspid="16" ordinal="0" offset="0" sl="82" sc="9" el="82" ec="10" bec="0" bev="0" fileid="1" />
                <SequencePoint vc="2" uspid="17" ordinal="1" offset="1" sl="83" sc="13" el="91" ec="15" bec="0" bev="0" fileid="1" />
                <SequencePoint vc="2" uspid="18" ordinal="2" offset="73" sl="92" sc="9" el="92" ec="10" bec="0" bev="0" fileid="1" />
              </SequencePoints>
              <BranchPoints />
              <MethodPoint xsi:type="SequencePoint" vc="2" uspid="16" ordinal="0" offset="0" sl="82" sc="9" el="82" ec="10" bec="0" bev="0" fileid="1" />
            </Method>
            <Method visited="false" cyclomaticComplexity="1" nPathComplexity="0" sequenceCoverage="0" branchCoverage="0" crapScore="2" isConstructor="false" isStatic="true" isGetter="false" isSetter="false">
              <Summary numSequencePoints="3" visitedSequencePoints="0" numBranchPoints="1" visitedBranchPoints="0" sequenceCoverage="0" branchCoverage="0" maxCyclomaticComplexity="1" minCyclomaticComplexity="1" maxCrapScore="2" minCrapScore="2" visitedClasses="0" numClasses="0" visitedMethods="0" numMethods="1" />
              <MetadataToken>100663303</MetadataToken>
              <Name>NDD.NFe.Domain.Features.Addresses.Address NDD.NFe.Common.Tests.Features.ObjectMothers.ObjectMother::GetInvalidAddressWithUninformedCity()</Name>
              <FileRef uid="1" />
              <SequencePoints>
                <SequencePoint vc="0" uspid="19" ordinal="0" offset="0" sl="95" sc="9" el="95" ec="10" bec="0" bev="0" fileid="1" />
                <SequencePoint vc="0" uspid="20" ordinal="1" offset="1" sl="96" sc="13" el="105" ec="15" bec="0" bev="0" fileid="1" />
                <SequencePoint vc="0" uspid="21" ordinal="2" offset="82" sl="106" sc="9" el="106" ec="10" bec="0" bev="0" fileid="1" />
              </SequencePoints>
              <BranchPoints />
              <MethodPoint xsi:type="SequencePoint" vc="0" uspid="19" ordinal="0" offset="0" sl="95" sc="9" el="95" ec="10" bec="0" bev="0" fileid="1" />
            </Method>
            <Method visited="false" cyclomaticComplexity="1" nPathComplexity="0" sequenceCoverage="0" branchCoverage="0" crapScore="2" isConstructor="false" isStatic="true" isGetter="false" isSetter="false">
              <Summary numSequencePoints="3" visitedSequencePoints="0" numBranchPoints="1" visitedBranchPoints="0" sequenceCoverage="0" branchCoverage="0" maxCyclomaticComplexity="1" minCyclomaticComplexity="1" maxCrapScore="2" minCrapScore="2" visitedClasses="0" numClasses="0" visitedMethods="0" numMethods="1" />
              <MetadataToken>100663304</MetadataToken>
              <Name>NDD.NFe.Domain.Features.Addresses.Address NDD.NFe.Common.Tests.Features.ObjectMothers.ObjectMother::GetInvalidAddressWithUninformedState()</Name>
              <FileRef uid="1" />
              <SequencePoints>
                <SequencePoint vc="0" uspid="22" ordinal="0" offset="0" sl="109" sc="9" el="109" ec="10" bec="0" bev="0" fileid="1" />
                <SequencePoint vc="0" uspid="23" ordinal="1" offset="1" sl="110" sc="13" el="118" ec="15" bec="0" bev="0" fileid="1" />
                <SequencePoint vc="0" uspid="24" ordinal="2" offset="73" sl="119" sc="9" el="119" ec="10" bec="0" bev="0" fileid="1" />
              </SequencePoints>
              <BranchPoints />
              <MethodPoint xsi:type="SequencePoint" vc="0" uspid="22" ordinal="0" offset="0" sl="109" sc="9" el="109" ec="10" bec="0" bev="0" fileid="1" />
            </Method>
            <Method visited="false" cyclomaticComplexity="1" nPathComplexity="0" sequenceCoverage="0" branchCoverage="0" crapScore="2" isConstructor="false" isStatic="true" isGetter="false" isSetter="false">
              <Summary numSequencePoints="3" visitedSequencePoints="0" numBranchPoints="1" visitedBranchPoints="0" sequenceCoverage="0" branchCoverage="0" maxCyclomaticComplexity="1" minCyclomaticComplexity="1" maxCrapScore="2" minCrapScore="2" visitedClasses="0" numClasses="0" visitedMethods="0" numMethods="1" />
              <MetadataToken>100663305</MetadataToken>
              <Name>NDD.NFe.Domain.Features.Addresses.Address NDD.NFe.Common.Tests.Features.ObjectMothers.ObjectMother::GetInvalidAddressWithUninformedCountry()</Name>
              <FileRef uid="1" />
              <SequencePoints>
                <SequencePoint vc="0" uspid="25" ordinal="0" offset="0" sl="122" sc="9" el="122" ec="10" bec="0" bev="0" fileid="1" />
                <SequencePoint vc="0" uspid="26" ordinal="1" offset="1" sl="123" sc="13" el="131" ec="15" bec="0" bev="0" fileid="1" />
                <SequencePoint vc="0" uspid="27" ordinal="2" offset="73" sl="132" sc="9" el="132" ec="10" bec="0" bev="0" fileid="1" />
              </SequencePoints>
              <BranchPoints />
              <MethodPoint xsi:type="SequencePoint" vc="0" uspid="25" ordinal="0" offset="0" sl="122" sc="9" el="122" ec="10" bec="0" bev="0" fileid="1" />
            </Method>
            <Method visited="false" cyclomaticComplexity="1" nPathComplexity="0" sequenceCoverage="0" branchCoverage="0" crapScore="2" isConstructor="false" isStatic="true" isGetter="false" isSetter="false">
              <Summary numSequencePoints="3" visitedSequencePoints="0" numBranchPoints="1" visitedBranchPoints="0" sequenceCoverage="0" branchCoverage="0" maxCyclomaticComplexity="1" minCyclomaticComplexity="1" maxCrapScore="2" minCrapScore="2" visitedClasses="0" numClasses="0" visitedMethods="0" numMethods="1" />
              <MetadataToken>100663306</MetadataToken>
              <Name>NDD.NFe.Domain.Features.Addresses.Address NDD.NFe.Common.Tests.Features.ObjectMothers.ObjectMother::GetInvalidAddressWithStreetNameLengthOverflow()</Name>
              <FileRef uid="1" />
              <SequencePoints>
                <SequencePoint vc="0" uspid="28" ordinal="0" offset="0" sl="135" sc="9" el="135" ec="10" bec="0" bev="0" fileid="1" />
                <SequencePoint vc="0" uspid="29" ordinal="1" offset="1" sl="136" sc="13" el="144" ec="15" bec="0" bev="0" fileid="1" />
                <SequencePoint vc="0" uspid="30" ordinal="2" offset="77" sl="145" sc="9" el="145" ec="10" bec="0" bev="0" fileid="1" />
              </SequencePoints>
              <BranchPoints />
              <MethodPoint xsi:type="SequencePoint" vc="0" uspid="28" ordinal="0" offset="0" sl="135" sc="9" el="135" ec="10" bec="0" bev="0" fileid="1" />
            </Method>
            <Method visited="false" cyclomaticComplexity="1" nPathComplexity="0" sequenceCoverage="0" branchCoverage="0" crapScore="2" isConstructor="false" isStatic="true" isGetter="false" isSetter="false">
              <Summary numSequencePoints="3" visitedSequencePoints="0" numBranchPoints="1" visitedBranchPoints="0" sequenceCoverage="0" branchCoverage="0" maxCyclomaticComplexity="1" minCyclomaticComplexity="1" maxCrapScore="2" minCrapScore="2" visitedClasses="0" numClasses="0" visitedMethods="0" numMethods="1" />
              <MetadataToken>100663307</MetadataToken>
              <Name>NDD.NFe.Domain.Features.Addresses.Address NDD.NFe.Common.Tests.Features.ObjectMothers.ObjectMother::GetInvalidAddressWithNeighborhoodNameLengthOverflow()</Name>
              <FileRef uid="1" />
              <SequencePoints>
                <SequencePoint vc="0" uspid="31" ordinal="0" offset="0" sl="148" sc="9" el="148" ec="10" bec="0" bev="0" fileid="1" />
                <SequencePoint vc="0" uspid="32" ordinal="1" offset="1" sl="149" sc="13" el="157" ec="15" bec="0" bev="0" fileid="1" />
                <SequencePoint vc="0" uspid="33" ordinal="2" offset="77" sl="158" sc="9" el="158" ec="10" bec="0" bev="0" fileid="1" />
              </SequencePoints>
              <BranchPoints />
              <MethodPoint xsi:type="SequencePoint" vc="0" uspid="31" ordinal="0" offset="0" sl="148" sc="9" el="148" ec="10" bec="0" bev="0" fileid="1" />
            </Method>
            <Method visited="false" cyclomaticComplexity="1" nPathComplexity="0" sequenceCoverage="0" branchCoverage="0" crapScore="2" isConstructor="false" isStatic="true" isGetter="false" isSetter="false">
              <Summary numSequencePoints="3" visitedSequencePoints="0" numBranchPoints="1" visitedBranchPoints="0" sequenceCoverage="0" branchCoverage="0" maxCyclomaticComplexity="1" minCyclomaticComplexity="1" maxCrapScore="2" minCrapScore="2" visitedClasses="0" numClasses="0" visitedMethods="0" numMethods="1" />
              <MetadataToken>100663308</MetadataToken>
              <Name>NDD.NFe.Domain.Features.Addresses.Address NDD.NFe.Common.Tests.Features.ObjectMothers.ObjectMother::GetInvalidAddressWithCityNameLengthOverflow()</Name>
              <FileRef uid="1" />
              <SequencePoints>
                <SequencePoint vc="0" uspid="34" ordinal="0" offset="0" sl="161" sc="9" el="161" ec="10" bec="0" bev="0" fileid="1" />
                <SequencePoint vc="0" uspid="35" ordinal="1" offset="1" sl="162" sc="13" el="170" ec="15" bec="0" bev="0" fileid="1" />
                <SequencePoint vc="0" uspid="36" ordinal="2" offset="77" sl="171" sc="9" el="171" ec="10" bec="0" bev="0" fileid="1" />
              </SequencePoints>
              <BranchPoints />
              <MethodPoint xsi:type="SequencePoint" vc="0" uspid="34" ordinal="0" offset="0" sl="161" sc="9" el="161" ec="10" bec="0" bev="0" fileid="1" />
            </Method>
            <Method visited="false" cyclomaticComplexity="1" nPathComplexity="0" sequenceCoverage="0" branchCoverage="0" crapScore="2" isConstructor="false" isStatic="true" isGetter="false" isSetter="false">
              <Summary numSequencePoints="3" visitedSequencePoints="0" numBranchPoints="1" visitedBranchPoints="0" sequenceCoverage="0" branchCoverage="0" maxCyclomaticComplexity="1" minCyclomaticComplexity="1" maxCrapScore="2" minCrapScore="2" visitedClasses="0" numClasses="0" visitedMethods="0" numMethods="1" />
              <MetadataToken>100663309</MetadataToken>
              <Name>NDD.NFe.Domain.Features.Addresses.Address NDD.NFe.Common.Tests.Features.ObjectMothers.ObjectMother::GetInvalidAddressWithStateNameLengthOverflow()</Name>
              <FileRef uid="1" />
              <SequencePoints>
                <SequencePoint vc="0" uspid="37" ordinal="0" offset="0" sl="174" sc="9" el="174" ec="10" bec="0" bev="0" fileid="1" />
                <SequencePoint vc="0" uspid="38" ordinal="1" offset="1" sl="175" sc="13" el="183" ec="15" bec="0" bev="0" fileid="1" />
                <SequencePoint vc="0" uspid="39" ordinal="2" offset="77" sl="184" sc="9" el="184" ec="10" bec="0" bev="0" fileid="1" />
              </SequencePoints>
              <BranchPoints />
              <MethodPoint xsi:type="SequencePoint" vc="0" uspid="37" ordinal="0" offset="0" sl="174" sc="9" el="174" ec="10" bec="0" bev="0" fileid="1" />
            </Method>
            <Method visited="false" cyclomaticComplexity="1" nPathComplexity="0" sequenceCoverage="0" branchCoverage="0" crapScore="2" isConstructor="false" isStatic="true" isGetter="false" isSetter="false">
              <Summary numSequencePoints="3" visitedSequencePoints="0" numBranchPoints="1" visitedBranchPoints="0" sequenceCoverage="0" branchCoverage="0" maxCyclomaticComplexity="1" minCyclomaticComplexity="1" maxCrapScore="2" minCrapScore="2" visitedClasses="0" numClasses="0" visitedMethods="0" numMethods="1" />
              <MetadataToken>100663310</MetadataToken>
              <Name>NDD.NFe.Domain.Features.Addresses.Address NDD.NFe.Common.Tests.Features.ObjectMothers.ObjectMother::GetInvalidAddressWithCountryNameLengthOverflow()</Name>
              <FileRef uid="1" />
              <SequencePoints>
                <SequencePoint vc="0" uspid="40" ordinal="0" offset="0" sl="187" sc="9" el="187" ec="10" bec="0" bev="0" fileid="1" />
                <SequencePoint vc="0" uspid="41" ordinal="1" offset="1" sl="188" sc="13" el="196" ec="15" bec="0" bev="0" fileid="1" />
                <SequencePoint vc="0" uspid="42" ordinal="2" offset="77" sl="197" sc="9" el="197" ec="10" bec="0" bev="0" fileid="1" />
              </SequencePoints>
              <BranchPoints />
              <MethodPoint xsi:type="SequencePoint" vc="0" uspid="40" ordinal="0" offset="0" sl="187" sc="9" el="187" ec="10" bec="0" bev="0" fileid="1" />
            </Method>
            <Method visited="true" cyclomaticComplexity="1" nPathComplexity="0" sequenceCoverage="100" branchCoverage="100" crapScore="1" isConstructor="false" isStatic="true" isGetter="false" isSetter="false">
              <Summary numSequencePoints="3" visitedSequencePoints="3" numBranchPoints="1" visitedBranchPoints="1" sequenceCoverage="100" branchCoverage="100" maxCyclomaticComplexity="1" minCyclomaticComplexity="1" maxCrapScore="1" minCrapScore="1" visitedClasses="0" numClasses="0" visitedMethods="1" numMethods="1" />
              <MetadataToken>100663311</MetadataToken>
              <Name>NDD.NFe.Domain.Features.Receivers.Receiver NDD.NFe.Common.Tests.Features.ObjectMothers.ObjectMother::GetNewValidPhysicalReceiver(NDD.NFe.Domain.Features.Addresses.Address)</Name>
              <FileRef uid="2" />
              <SequencePoints>
                <SequencePoint vc="4" uspid="43" ordinal="0" offset="0" sl="14" sc="3" el="14" ec="4" bec="0" bev="0" fileid="2" />
                <SequencePoint vc="4" uspid="44" ordinal="1" offset="1" sl="15" sc="4" el="24" ec="6" bec="0" bev="0" fileid="2" />
                <SequencePoint vc="4" uspid="45" ordinal="2" offset="73" sl="25" sc="3" el="25" ec="4" bec="0" bev="0" fileid="2" />
              </SequencePoints>
              <BranchPoints />
              <MethodPoint xsi:type="SequencePoint" vc="4" uspid="43" ordinal="0" offset="0" sl="14" sc="3" el="14" ec="4" bec="0" bev="0" fileid="2" />
            </Method>
            <Method visited="true" cyclomaticComplexity="1" nPathComplexity="0" sequenceCoverage="100" branchCoverage="100" crapScore="1" isConstructor="false" isStatic="true" isGetter="false" isSetter="false">
              <Summary numSequencePoints="3" visitedSequencePoints="3" numBranchPoints="1" visitedBranchPoints="1" sequenceCoverage="100" branchCoverage="100" maxCyclomaticComplexity="1" minCyclomaticComplexity="1" maxCrapScore="1" minCrapScore="1" visitedClasses="0" numClasses="0" visitedMethods="1" numMethods="1" />
              <MetadataToken>100663312</MetadataToken>
              <Name>NDD.NFe.Domain.Features.Receivers.Receiver NDD.NFe.Common.Tests.Features.ObjectMothers.ObjectMother::GetNewValidLegalReceiver(NDD.NFe.Domain.Features.Addresses.Address)</Name>
              <FileRef uid="2" />
              <SequencePoints>
                <SequencePoint vc="4" uspid="46" ordinal="0" offset="0" sl="28" sc="3" el="28" ec="4" bec="0" bev="0" fileid="2" />
                <SequencePoint vc="4" uspid="47" ordinal="1" offset="1" sl="29" sc="4" el="38" ec="6" bec="0" bev="0" fileid="2" />
                <SequencePoint vc="4" uspid="48" ordinal="2" offset="81" sl="39" sc="3" el="39" ec="4" bec="0" bev="0" fileid="2" />
              </SequencePoints>
              <BranchPoints />
              <MethodPoint xsi:type="SequencePoint" vc="4" uspid="46" ordinal="0" offset="0" sl="28" sc="3" el="28" ec="4" bec="0" bev="0" fileid="2" />
            </Method>
            <Method visited="true" cyclomaticComplexity="1" nPathComplexity="0" sequenceCoverage="100" branchCoverage="100" crapScore="1" isConstructor="false" isStatic="true" isGetter="false" isSetter="false">
              <Summary numSequencePoints="3" visitedSequencePoints="3" numBranchPoints="1" visitedBranchPoints="1" sequenceCoverage="100" branchCoverage="100" maxCyclomaticComplexity="1" minCyclomaticComplexity="1" maxCrapScore="1" minCrapScore="1" visitedClasses="0" numClasses="0" visitedMethods="1" numMethods="1" />
              <MetadataToken>100663313</MetadataToken>
              <Name>NDD.NFe.Domain.Features.Receivers.Receiver NDD.NFe.Common.Tests.Features.ObjectMothers.ObjectMother::GetExistentValidPhysicalReceiver(NDD.NFe.Domain.Features.Addresses.Address)</Name>
              <FileRef uid="2" />
              <SequencePoints>
                <SequencePoint vc="4" uspid="49" ordinal="0" offset="0" sl="42" sc="3" el="42" ec="4" bec="0" bev="0" fileid="2" />
                <SequencePoint vc="4" uspid="50" ordinal="1" offset="1" sl="43" sc="4" el="53" ec="6" bec="0" bev="0" fileid="2" />
                <SequencePoint vc="4" uspid="51" ordinal="2" offset="82" sl="54" sc="3" el="54" ec="4" bec="0" bev="0" fileid="2" />
              </SequencePoints>
              <BranchPoints />
              <MethodPoint xsi:type="SequencePoint" vc="4" uspid="49" ordinal="0" offset="0" sl="42" sc="3" el="42" ec="4" bec="0" bev="0" fileid="2" />
            </Method>
            <Method visited="true" cyclomaticComplexity="1" nPathComplexity="0" sequenceCoverage="100" branchCoverage="100" crapScore="1" isConstructor="false" isStatic="true" isGetter="false" isSetter="false">
              <Summary numSequencePoints="3" visitedSequencePoints="3" numBranchPoints="1" visitedBranchPoints="1" sequenceCoverage="100" branchCoverage="100" maxCyclomaticComplexity="1" minCyclomaticComplexity="1" maxCrapScore="1" minCrapScore="1" visitedClasses="0" numClasses="0" visitedMethods="1" numMethods="1" />
              <MetadataToken>100663314</MetadataToken>
              <Name>NDD.NFe.Domain.Features.Receivers.Receiver NDD.NFe.Common.Tests.Features.ObjectMothers.ObjectMother::GetExistentValidLegalReceiver(NDD.NFe.Domain.Features.Addresses.Address)</Name>
              <FileRef uid="2" />
              <SequencePoints>
                <SequencePoint vc="4" uspid="52" ordinal="0" offset="0" sl="57" sc="3" el="57" ec="4" bec="0" bev="0" fileid="2" />
                <SequencePoint vc="4" uspid="53" ordinal="1" offset="1" sl="58" sc="4" el="68" ec="6" bec="0" bev="0" fileid="2" />
                <SequencePoint vc="4" uspid="54" ordinal="2" offset="90" sl="69" sc="3" el="69" ec="4" bec="0" bev="0" fileid="2" />
              </SequencePoints>
              <BranchPoints />
              <MethodPoint xsi:type="SequencePoint" vc="4" uspid="52" ordinal="0" offset="0" sl="57" sc="3" el="57" ec="4" bec="0" bev="0" fileid="2" />
            </Method>
            <Method visited="false" cyclomaticComplexity="1" nPathComplexity="0" sequenceCoverage="0" branchCoverage="0" crapScore="2" isConstructor="false" isStatic="true" isGetter="false" isSetter="false">
              <Summary numSequencePoints="3" visitedSequencePoints="0" numBranchPoints="1" visitedBranchPoints="0" sequenceCoverage="0" branchCoverage="0" maxCyclomaticComplexity="1" minCyclomaticComplexity="1" maxCrapScore="2" minCrapScore="2" visitedClasses="0" numClasses="0" visitedMethods="0" numMethods="1" />
              <MetadataToken>100663315</MetadataToken>
              <Name>NDD.NFe.Domain.Features.Receivers.Receiver NDD.NFe.Common.Tests.Features.ObjectMothers.ObjectMother::GetInvalidPhysicalReceiverEmptyCpf(NDD.NFe.Domain.Features.Addresses.Address)</Name>
              <FileRef uid="2" />
              <SequencePoints>
                <SequencePoint vc="0" uspid="55" ordinal="0" offset="0" sl="72" sc="3" el="72" ec="4" bec="0" bev="0" fileid="2" />
                <SequencePoint vc="0" uspid="56" ordinal="1" offset="1" sl="73" sc="4" el="83" ec="6" bec="0" bev="0" fileid="2" />
                <SequencePoint vc="0" uspid="57" ordinal="2" offset="82" sl="84" sc="3" el="84" ec="4" bec="0" bev="0" fileid="2" />
              </SequencePoints>
              <BranchPoints />
              <MethodPoint xsi:type="SequencePoint" vc="0" uspid="55" ordinal="0" offset="0" sl="72" sc="3" el="72" ec="4" bec="0" bev="0" fileid="2" />
            </Method>
            <Method visited="false" cyclomaticComplexity="1" nPathComplexity="0" sequenceCoverage="0" branchCoverage="0" crapScore="2" isConstructor="false" isStatic="true" isGetter="false" isSetter="false">
              <Summary numSequencePoints="3" visitedSequencePoints="0" numBranchPoints="1" visitedBranchPoints="0" sequenceCoverage="0" branchCoverage="0" maxCyclomaticComplexity="1" minCyclomaticComplexity="1" maxCrapScore="2" minCrapScore="2" visitedClasses="0" numClasses="0" visitedMethods="0" numMethods="1" />
              <MetadataToken>100663316</MetadataToken>
              <Name>NDD.NFe.Domain.Features.Receivers.Receiver NDD.NFe.Common.Tests.Features.ObjectMothers.ObjectMother::GetInvalidPhysicalReceiverNullCpf(NDD.NFe.Domain.Features.Addresses.Address)</Name>
              <FileRef uid="2" />
              <SequencePoints>
                <SequencePoint vc="0" uspid="58" ordinal="0" offset="0" sl="87" sc="3" el="87" ec="4" bec="0" bev="0" fileid="2" />
                <SequencePoint vc="0" uspid="59" ordinal="1" offset="1" sl="88" sc="4" el="98" ec="6" bec="0" bev="0" fileid="2" />
                <SequencePoint vc="0" uspid="60" ordinal="2" offset="78" sl="99" sc="3" el="99" ec="4" bec="0" bev="0" fileid="2" />
              </SequencePoints>
              <BranchPoints />
              <MethodPoint xsi:type="SequencePoint" vc="0" uspid="58" ordinal="0" offset="0" sl="87" sc="3" el="87" ec="4" bec="0" bev="0" fileid="2" />
            </Method>
            <Method visited="false" cyclomaticComplexity="1" nPathComplexity="0" sequenceCoverage="0" branchCoverage="0" crapScore="2" isConstructor="false" isStatic="true" isGetter="false" isSetter="false">
              <Summary numSequencePoints="3" visitedSequencePoints="0" numBranchPoints="1" visitedBranchPoints="0" sequenceCoverage="0" branchCoverage="0" maxCyclomaticComplexity="1" minCyclomaticComplexity="1" maxCrapScore="2" minCrapScore="2" visitedClasses="0" numClasses="0" visitedMethods="0" numMethods="1" />
              <MetadataToken>100663317</MetadataToken>
              <Name>NDD.NFe.Domain.Features.Receivers.Receiver NDD.NFe.Common.Tests.Features.ObjectMothers.ObjectMother::GetInvalidPhysicalReceiverCpfInvalid(NDD.NFe.Domain.Features.Addresses.Address)</Name>
              <FileRef uid="2" />
              <SequencePoints>
                <SequencePoint vc="0" uspid="61" ordinal="0" offset="0" sl="102" sc="3" el="102" ec="4" bec="0" bev="0" fileid="2" />
                <SequencePoint vc="0" uspid="62" ordinal="1" offset="1" sl="103" sc="4" el="113" ec="6" bec="0" bev="0" fileid="2" />
                <SequencePoint vc="0" uspid="63" ordinal="2" offset="82" sl="114" sc="3" el="114" ec="4" bec="0" bev="0" fileid="2" />
              </SequencePoints>
              <BranchPoints />
              <MethodPoint xsi:type="SequencePoint" vc="0" uspid="61" ordinal="0" offset="0" sl="102" sc="3" el="102" ec="4" bec="0" bev="0" fileid="2" />
            </Method>
            <Method visited="true" cyclomaticComplexity="1" nPathComplexity="0" sequenceCoverage="100" branchCoverage="100" crapScore="1" isConstructor="false" isStatic="true" isGetter="false" isSetter="false">
              <Summary numSequencePoints="3" visitedSequencePoints="3" numBranchPoints="1" visitedBranchPoints="1" sequenceCoverage="100" branchCoverage="100" maxCyclomaticComplexity="1" minCyclomaticComplexity="1" maxCrapScore="1" minCrapScore="1" visitedClasses="0" numClasses="0" visitedMethods="1" numMethods="1" />
              <MetadataToken>100663318</MetadataToken>
              <Name>NDD.NFe.Domain.Features.Receivers.Receiver NDD.NFe.Common.Tests.Features.ObjectMothers.ObjectMother::GetInvalidPhysicalReceiverEmptyName(NDD.NFe.Domain.Features.Addresses.Address)</Name>
              <FileRef uid="2" />
              <SequencePoints>
                <SequencePoint vc="2" uspid="64" ordinal="0" offset="0" sl="117" sc="3" el="117" ec="4" bec="0" bev="0" fileid="2" />
                <SequencePoint vc="2" uspid="65" ordinal="1" offset="1" sl="118" sc="4" el="128" ec="6" bec="0" bev="0" fileid="2" />
                <SequencePoint vc="2" uspid="66" ordinal="2" offset="82" sl="129" sc="3" el="129" ec="4" bec="0" bev="0" fileid="2" />
              </SequencePoints>
              <BranchPoints />
              <MethodPoint xsi:type="SequencePoint" vc="2" uspid="64" ordinal="0" offset="0" sl="117" sc="3" el="117" ec="4" bec="0" bev="0" fileid="2" />
            </Method>
            <Method visited="false" cyclomaticComplexity="1" nPathComplexity="0" sequenceCoverage="0" branchCoverage="0" crapScore="2" isConstructor="false" isStatic="true" isGetter="false" isSetter="false">
              <Summary numSequencePoints="3" visitedSequencePoints="0" numBranchPoints="1" visitedBranchPoints="0" sequenceCoverage="0" branchCoverage="0" maxCyclomaticComplexity="1" minCyclomaticComplexity="1" maxCrapScore="2" minCrapScore="2" visitedClasses="0" numClasses="0" visitedMethods="0" numMethods="1" />
              <MetadataToken>100663319</MetadataToken>
              <Name>NDD.NFe.Domain.Features.Receivers.Receiver NDD.NFe.Common.Tests.Features.ObjectMothers.ObjectMother::GetInvalidPhysicalReceiverNullName(NDD.NFe.Domain.Features.Addresses.Address)</Name>
              <FileRef uid="2" />
              <SequencePoints>
                <SequencePoint vc="0" uspid="67" ordinal="0" offset="0" sl="132" sc="3" el="132" ec="4" bec="0" bev="0" fileid="2" />
                <SequencePoint vc="0" uspid="68" ordinal="1" offset="1" sl="133" sc="4" el="143" ec="6" bec="0" bev="0" fileid="2" />
                <SequencePoint vc="0" uspid="69" ordinal="2" offset="78" sl="144" sc="3" el="144" ec="4" bec="0" bev="0" fileid="2" />
              </SequencePoints>
              <BranchPoints />
              <MethodPoint xsi:type="SequencePoint" vc="0" uspid="67" ordinal="0" offset="0" sl="132" sc="3" el="132" ec="4" bec="0" bev="0" fileid="2" />
            </Method>
            <Method visited="false" cyclomaticComplexity="1" nPathComplexity="0" sequenceCoverage="0" branchCoverage="0" crapScore="2" isConstructor="false" isStatic="true" isGetter="false" isSetter="false">
              <Summary numSequencePoints="3" visitedSequencePoints="0" numBranchPoints="1" visitedBranchPoints="0" sequenceCoverage="0" branchCoverage="0" maxCyclomaticComplexity="1" minCyclomaticComplexity="1" maxCrapScore="2" minCrapScore="2" visitedClasses="0" numClasses="0" visitedMethods="0" numMethods="1" />
              <MetadataToken>100663320</MetadataToken>
              <Name>NDD.NFe.Domain.Features.Receivers.Receiver NDD.NFe.Common.Tests.Features.ObjectMothers.ObjectMother::GetInvalidPhysicalReceiverNameLength(NDD.NFe.Domain.Features.Addresses.Address)</Name>
              <FileRef uid="2" />
              <SequencePoints>
                <SequencePoint vc="0" uspid="70" ordinal="0" offset="0" sl="147" sc="3" el="147" ec="4" bec="0" bev="0" fileid="2" />
                <SequencePoint vc="0" uspid="71" ordinal="1" offset="1" sl="148" sc="4" el="159" ec="6" bec="0" bev="0" fileid="2" />
                <SequencePoint vc="0" uspid="72" ordinal="2" offset="82" sl="160" sc="3" el="160" ec="4" bec="0" bev="0" fileid="2" />
              </SequencePoints>
              <BranchPoints />
              <MethodPoint xsi:type="SequencePoint" vc="0" uspid="70" ordinal="0" offset="0" sl="147" sc="3" el="147" ec="4" bec="0" bev="0" fileid="2" />
            </Method>
            <Method visited="true" cyclomaticComplexity="1" nPathComplexity="0" sequenceCoverage="100" branchCoverage="100" crapScore="1" isConstructor="false" isStatic="true" isGetter="false" isSetter="false">
              <Summary numSequencePoints="3" visitedSequencePoints="3" numBranchPoints="1" visitedBranchPoints="1" sequenceCoverage="100" branchCoverage="100" maxCyclomaticComplexity="1" minCyclomaticComplexity="1" maxCrapScore="1" minCrapScore="1" visitedClasses="0" numClasses="0" visitedMethods="1" numMethods="1" />
              <MetadataToken>100663321</MetadataToken>
              <Name>NDD.NFe.Domain.Features.Receivers.Receiver NDD.NFe.Common.Tests.Features.ObjectMothers.ObjectMother::GetInvalidPhysicalReceiverNullAddress()</Name>
              <FileRef uid="2" />
              <SequencePoints>
                <SequencePoint vc="2" uspid="73" ordinal="0" offset="0" sl="163" sc="3" el="163" ec="4" bec="0" bev="0" fileid="2" />
                <SequencePoint vc="2" uspid="74" ordinal="1" offset="1" sl="164" sc="4" el="174" ec="6" bec="0" bev="0" fileid="2" />
                <SequencePoint vc="2" uspid="75" ordinal="2" offset="82" sl="175" sc="3" el="175" ec="4" bec="0" bev="0" fileid="2" />
              </SequencePoints>
              <BranchPoints />
              <MethodPoint xsi:type="SequencePoint" vc="2" uspid="73" ordinal="0" offset="0" sl="163" sc="3" el="163" ec="4" bec="0" bev="0" fileid="2" />
            </Method>
            <Method visited="false" cyclomaticComplexity="1" nPathComplexity="0" sequenceCoverage="0" branchCoverage="0" crapScore="2" isConstructor="false" isStatic="true" isGetter="false" isSetter="false">
              <Summary numSequencePoints="3" visitedSequencePoints="0" numBranchPoints="1" visitedBranchPoints="0" sequenceCoverage="0" branchCoverage="0" maxCyclomaticComplexity="1" minCyclomaticComplexity="1" maxCrapScore="2" minCrapScore="2" visitedClasses="0" numClasses="0" visitedMethods="0" numMethods="1" />
              <MetadataToken>100663322</MetadataToken>
              <Name>NDD.NFe.Domain.Features.Receivers.Receiver NDD.NFe.Common.Tests.Features.ObjectMothers.ObjectMother::GetInvalidLegalReceiverEmptyCnpj(NDD.NFe.Domain.Features.Addresses.Address)</Name>
              <FileRef uid="2" />
              <SequencePoints>
                <SequencePoint vc="0" uspid="76" ordinal="0" offset="0" sl="178" sc="3" el="178" ec="4" bec="0" bev="0" fileid="2" />
                <SequencePoint vc="0" uspid="77" ordinal="1" offset="1" sl="179" sc="4" el="189" ec="6" bec="0" bev="0" fileid="2" />
                <SequencePoint vc="0" uspid="78" ordinal="2" offset="90" sl="190" sc="3" el="190" ec="4" bec="0" bev="0" fileid="2" />
              </SequencePoints>
              <BranchPoints />
              <MethodPoint xsi:type="SequencePoint" vc="0" uspid="76" ordinal="0" offset="0" sl="178" sc="3" el="178" ec="4" bec="0" bev="0" fileid="2" />
            </Method>
            <Method visited="false" cyclomaticComplexity="1" nPathComplexity="0" sequenceCoverage="0" branchCoverage="0" crapScore="2" isConstructor="false" isStatic="true" isGetter="false" isSetter="false">
              <Summary numSequencePoints="3" visitedSequencePoints="0" numBranchPoints="1" visitedBranchPoints="0" sequenceCoverage="0" branchCoverage="0" maxCyclomaticComplexity="1" minCyclomaticComplexity="1" maxCrapScore="2" minCrapScore="2" visitedClasses="0" numClasses="0" visitedMethods="0" numMethods="1" />
              <MetadataToken>100663323</MetadataToken>
              <Name>NDD.NFe.Domain.Features.Receivers.Receiver NDD.NFe.Common.Tests.Features.ObjectMothers.ObjectMother::GetInvalidLegalReceiverNullCnpj(NDD.NFe.Domain.Features.Addresses.Address)</Name>
              <FileRef uid="2" />
              <SequencePoints>
                <SequencePoint vc="0" uspid="79" ordinal="0" offset="0" sl="193" sc="3" el="193" ec="4" bec="0" bev="0" fileid="2" />
                <SequencePoint vc="0" uspid="80" ordinal="1" offset="1" sl="194" sc="4" el="204" ec="6" bec="0" bev="0" fileid="2" />
                <SequencePoint vc="0" uspid="81" ordinal="2" offset="86" sl="205" sc="3" el="205" ec="4" bec="0" bev="0" fileid="2" />
              </SequencePoints>
              <BranchPoints />
              <MethodPoint xsi:type="SequencePoint" vc="0" uspid="79" ordinal="0" offset="0" sl="193" sc="3" el="193" ec="4" bec="0" bev="0" fileid="2" />
            </Method>
            <Method visited="false" cyclomaticComplexity="1" nPathComplexity="0" sequenceCoverage="0" branchCoverage="0" crapScore="2" isConstructor="false" isStatic="true" isGetter="false" isSetter="false">
              <Summary numSequencePoints="3" visitedSequencePoints="0" numBranchPoints="1" visitedBranchPoints="0" sequenceCoverage="0" branchCoverage="0" maxCyclomaticComplexity="1" minCyclomaticComplexity="1" maxCrapScore="2" minCrapScore="2" visitedClasses="0" numClasses="0" visitedMethods="0" numMethods="1" />
              <MetadataToken>100663324</MetadataToken>
              <Name>NDD.NFe.Domain.Features.Receivers.Receiver NDD.NFe.Common.Tests.Features.ObjectMothers.ObjectMother::GetInvalidLegalReceiverCnpjInvalid(NDD.NFe.Domain.Features.Addresses.Address)</Name>
              <FileRef uid="2" />
              <SequencePoints>
                <SequencePoint vc="0" uspid="82" ordinal="0" offset="0" sl="208" sc="3" el="208" ec="4" bec="0" bev="0" fileid="2" />
                <SequencePoint vc="0" uspid="83" ordinal="1" offset="1" sl="209" sc="4" el="219" ec="6" bec="0" bev="0" fileid="2" />
                <SequencePoint vc="0" uspid="84" ordinal="2" offset="90" sl="220" sc="3" el="220" ec="4" bec="0" bev="0" fileid="2" />
              </SequencePoints>
              <BranchPoints />
              <MethodPoint xsi:type="SequencePoint" vc="0" uspid="82" ordinal="0" offset="0" sl="208" sc="3" el="208" ec="4" bec="0" bev="0" fileid="2" />
            </Method>
            <Method visited="true" cyclomaticComplexity="1" nPathComplexity="0" sequenceCoverage="100" branchCoverage="100" crapScore="1" isConstructor="false" isStatic="true" isGetter="false" isSetter="false">
              <Summary numSequencePoints="3" visitedSequencePoints="3" numBranchPoints="1" visitedBranchPoints="1" sequenceCoverage="100" branchCoverage="100" maxCyclomaticComplexity="1" minCyclomaticComplexity="1" maxCrapScore="1" minCrapScore="1" visitedClasses="0" numClasses="0" visitedMethods="1" numMethods="1" />
              <MetadataToken>100663325</MetadataToken>
              <Name>NDD.NFe.Domain.Features.Receivers.Receiver NDD.NFe.Common.Tests.Features.ObjectMothers.ObjectMother::GetInvalidLegalReceiverEmptyCompanyName(NDD.NFe.Domain.Features.Addresses.Address)</Name>
              <FileRef uid="2" />
              <SequencePoints>
                <SequencePoint vc="1" uspid="85" ordinal="0" offset="0" sl="223" sc="3" el="223" ec="4" bec="0" bev="0" fileid="2" />
                <SequencePoint vc="1" uspid="86" ordinal="1" offset="1" sl="224" sc="4" el="234" ec="6" bec="0" bev="0" fileid="2" />
                <SequencePoint vc="1" uspid="87" ordinal="2" offset="90" sl="235" sc="3" el="235" ec="4" bec="0" bev="0" fileid="2" />
              </SequencePoints>
              <BranchPoints />
              <MethodPoint xsi:type="SequencePoint" vc="1" uspid="85" ordinal="0" offset="0" sl="223" sc="3" el="223" ec="4" bec="0" bev="0" fileid="2" />
            </Method>
            <Method visited="true" cyclomaticComplexity="1" nPathComplexity="0" sequenceCoverage="100" branchCoverage="100" crapScore="1" isConstructor="false" isStatic="true" isGetter="false" isSetter="false">
              <Summary numSequencePoints="3" visitedSequencePoints="3" numBranchPoints="1" visitedBranchPoints="1" sequenceCoverage="100" branchCoverage="100" maxCyclomaticComplexity="1" minCyclomaticComplexity="1" maxCrapScore="1" minCrapScore="1" visitedClasses="0" numClasses="0" visitedMethods="1" numMethods="1" />
              <MetadataToken>100663326</MetadataToken>
              <Name>NDD.NFe.Domain.Features.Receivers.Receiver NDD.NFe.Common.Tests.Features.ObjectMothers.ObjectMother::GetInvalidLegalReceiverNullCompanyName(NDD.NFe.Domain.Features.Addresses.Address)</Name>
              <FileRef uid="2" />
              <SequencePoints>
                <SequencePoint vc="1" uspid="88" ordinal="0" offset="0" sl="238" sc="3" el="238" ec="4" bec="0" bev="0" fileid="2" />
                <SequencePoint vc="1" uspid="89" ordinal="1" offset="1" sl="239" sc="4" el="249" ec="6" bec="0" bev="0" fileid="2" />
                <SequencePoint vc="1" uspid="90" ordinal="2" offset="86" sl="250" sc="3" el="250" ec="4" bec="0" bev="0" fileid="2" />
              </SequencePoints>
              <BranchPoints />
              <MethodPoint xsi:type="SequencePoint" vc="1" uspid="88" ordinal="0" offset="0" sl="238" sc="3" el="238" ec="4" bec="0" bev="0" fileid="2" />
            </Method>
            <Method visited="false" cyclomaticComplexity="1" nPathComplexity="0" sequenceCoverage="0" branchCoverage="0" crapScore="2" isConstructor="false" isStatic="true" isGetter="false" isSetter="false">
              <Summary numSequencePoints="3" visitedSequencePoints="0" numBranchPoints="1" visitedBranchPoints="0" sequenceCoverage="0" branchCoverage="0" maxCyclomaticComplexity="1" minCyclomaticComplexity="1" maxCrapScore="2" minCrapScore="2" visitedClasses="0" numClasses="0" visitedMethods="0" numMethods="1" />
              <MetadataToken>100663327</MetadataToken>
              <Name>NDD.NFe.Domain.Features.Receivers.Receiver NDD.NFe.Common.Tests.Features.ObjectMothers.ObjectMother::GetInvalidLegalReceiverCompanyNameLengthOverflow(NDD.NFe.Domain.Features.Addresses.Address)</Name>
              <FileRef uid="2" />
              <SequencePoints>
                <SequencePoint vc="0" uspid="91" ordinal="0" offset="0" sl="253" sc="3" el="253" ec="4" bec="0" bev="0" fileid="2" />
                <SequencePoint vc="0" uspid="92" ordinal="1" offset="1" sl="254" sc="4" el="264" ec="6" bec="0" bev="0" fileid="2" />
                <SequencePoint vc="0" uspid="93" ordinal="2" offset="90" sl="265" sc="3" el="265" ec="4" bec="0" bev="0" fileid="2" />
              </SequencePoints>
              <BranchPoints />
              <MethodPoint xsi:type="SequencePoint" vc="0" uspid="91" ordinal="0" offset="0" sl="253" sc="3" el="253" ec="4" bec="0" bev="0" fileid="2" />
            </Method>
            <Method visited="false" cyclomaticComplexity="1" nPathComplexity="0" sequenceCoverage="0" branchCoverage="0" crapScore="2" isConstructor="false" isStatic="true" isGetter="false" isSetter="false">
              <Summary numSequencePoints="3" visitedSequencePoints="0" numBranchPoints="1" visitedBranchPoints="0" sequenceCoverage="0" branchCoverage="0" maxCyclomaticComplexity="1" minCyclomaticComplexity="1" maxCrapScore="2" minCrapScore="2" visitedClasses="0" numClasses="0" visitedMethods="0" numMethods="1" />
              <MetadataToken>100663328</MetadataToken>
              <Name>NDD.NFe.Domain.Features.Receivers.Receiver NDD.NFe.Common.Tests.Features.ObjectMothers.ObjectMother::GetInvalidLegalReceiverEmptyStateRegistration(NDD.NFe.Domain.Features.Addresses.Address)</Name>
              <FileRef uid="2" />
              <SequencePoints>
                <SequencePoint vc="0" uspid="94" ordinal="0" offset="0" sl="268" sc="3" el="268" ec="4" bec="0" bev="0" fileid="2" />
                <SequencePoint vc="0" uspid="95" ordinal="1" offset="1" sl="269" sc="4" el="279" ec="6" bec="0" bev="0" fileid="2" />
                <SequencePoint vc="0" uspid="96" ordinal="2" offset="90" sl="280" sc="3" el="280" ec="4" bec="0" bev="0" fileid="2" />
              </SequencePoints>
              <BranchPoints />
              <MethodPoint xsi:type="SequencePoint" vc="0" uspid="94" ordinal="0" offset="0" sl="268" sc="3" el="268" ec="4" bec="0" bev="0" fileid="2" />
            </Method>
            <Method visited="false" cyclomaticComplexity="1" nPathComplexity="0" sequenceCoverage="0" branchCoverage="0" crapScore="2" isConstructor="false" isStatic="true" isGetter="false" isSetter="false">
              <Summary numSequencePoints="3" visitedSequencePoints="0" numBranchPoints="1" visitedBranchPoints="0" sequenceCoverage="0" branchCoverage="0" maxCyclomaticComplexity="1" minCyclomaticComplexity="1" maxCrapScore="2" minCrapScore="2" visitedClasses="0" numClasses="0" visitedMethods="0" numMethods="1" />
              <MetadataToken>100663329</MetadataToken>
              <Name>NDD.NFe.Domain.Features.Receivers.Receiver NDD.NFe.Common.Tests.Features.ObjectMothers.ObjectMother::GetInvalidLegalReceiverNullStateRegistration(NDD.NFe.Domain.Features.Addresses.Address)</Name>
              <FileRef uid="2" />
              <SequencePoints>
                <SequencePoint vc="0" uspid="97" ordinal="0" offset="0" sl="283" sc="3" el="283" ec="4" bec="0" bev="0" fileid="2" />
                <SequencePoint vc="0" uspid="98" ordinal="1" offset="1" sl="284" sc="4" el="294" ec="6" bec="0" bev="0" fileid="2" />
                <SequencePoint vc="0" uspid="99" ordinal="2" offset="86" sl="295" sc="3" el="295" ec="4" bec="0" bev="0" fileid="2" />
              </SequencePoints>
              <BranchPoints />
              <MethodPoint xsi:type="SequencePoint" vc="0" uspid="97" ordinal="0" offset="0" sl="283" sc="3" el="283" ec="4" bec="0" bev="0" fileid="2" />
            </Method>
            <Method visited="false" cyclomaticComplexity="1" nPathComplexity="0" sequenceCoverage="0" branchCoverage="0" crapScore="2" isConstructor="false" isStatic="true" isGetter="false" isSetter="false">
              <Summary numSequencePoints="3" visitedSequencePoints="0" numBranchPoints="1" visitedBranchPoints="0" sequenceCoverage="0" branchCoverage="0" maxCyclomaticComplexity="1" minCyclomaticComplexity="1" maxCrapScore="2" minCrapScore="2" visitedClasses="0" numClasses="0" visitedMethods="0" numMethods="1" />
              <MetadataToken>100663330</MetadataToken>
              <Name>NDD.NFe.Domain.Features.Receivers.Receiver NDD.NFe.Common.Tests.Features.ObjectMothers.ObjectMother::GetInvalidLegalReceiverStateRegistrationLengthOverflow(NDD.NFe.Domain.Features.Addresses.Address)</Name>
              <FileRef uid="2" />
              <SequencePoints>
                <SequencePoint vc="0" uspid="100" ordinal="0" offset="0" sl="298" sc="3" el="298" ec="4" bec="0" bev="0" fileid="2" />
                <SequencePoint vc="0" uspid="101" ordinal="1" offset="1" sl="299" sc="4" el="309" ec="6" bec="0" bev="0" fileid="2" />
                <SequencePoint vc="0" uspid="102" ordinal="2" offset="90" sl="310" sc="3" el="310" ec="4" bec="0" bev="0" fileid="2" />
              </SequencePoints>
              <BranchPoints />
              <MethodPoint xsi:type="SequencePoint" vc="0" uspid="100" ordinal="0" offset="0" sl="298" sc="3" el="298" ec="4" bec="0" bev="0" fileid="2" />
            </Method>
            <Method visited="true" cyclomaticComplexity="1" nPathComplexity="0" sequenceCoverage="100" branchCoverage="100" crapScore="1" isConstructor="false" isStatic="true" isGetter="false" isSetter="false">
              <Summary numSequencePoints="3" visitedSequencePoints="3" numBranchPoints="1" visitedBranchPoints="1" sequenceCoverage="100" branchCoverage="100" maxCyclomaticComplexity="1" minCyclomaticComplexity="1" maxCrapScore="1" minCrapScore="1" visitedClasses="0" numClasses="0" visitedMethods="1" numMethods="1" />
              <MetadataToken>100663331</MetadataToken>
              <Name>NDD.NFe.Domain.Features.Receivers.Receiver NDD.NFe.Common.Tests.Features.ObjectMothers.ObjectMother::GetInvalidLegalReceiverNullAddress()</Name>
              <FileRef uid="2" />
              <SequencePoints>
                <SequencePoint vc="2" uspid="103" ordinal="0" offset="0" sl="313" sc="3" el="313" ec="4" bec="0" bev="0" fileid="2" />
                <SequencePoint vc="2" uspid="104" ordinal="1" offset="1" sl="314" sc="4" el="324" ec="6" bec="0" bev="0" fileid="2" />
                <SequencePoint vc="2" uspid="105" ordinal="2" offset="90" sl="325" sc="3" el="325" ec="4" bec="0" bev="0" fileid="2" />
              </SequencePoints>
              <BranchPoints />
              <MethodPoint xsi:type="SequencePoint" vc="2" uspid="103" ordinal="0" offset="0" sl="313" sc="3" el="313" ec="4" bec="0" bev="0" fileid="2" />
            </Method>
          </Methods>
        </Class>
        <Class>
          <Summary numSequencePoints="8" visitedSequencePoints="8" numBranchPoints="1" visitedBranchPoints="1" sequenceCoverage="100" branchCoverage="100" maxCyclomaticComplexity="1" minCyclomaticComplexity="1" maxCrapScore="1" minCrapScore="1" visitedClasses="1" numClasses="1" visitedMethods="1" numMethods="1" />
          <FullName>NDD.NFe.Common.Tests.Base.BaseSqlTest</FullName>
          <Methods>
            <Method visited="true" cyclomaticComplexity="1" nPathComplexity="0" sequenceCoverage="100" branchCoverage="100" crapScore="1" isConstructor="false" isStatic="true" isGetter="false" isSetter="false">
              <Summary numSequencePoints="8" visitedSequencePoints="8" numBranchPoints="1" visitedBranchPoints="1" sequenceCoverage="100" branchCoverage="100" maxCyclomaticComplexity="1" minCyclomaticComplexity="1" maxCrapScore="1" minCrapScore="1" visitedClasses="0" numClasses="0" visitedMethods="1" numMethods="1" />
              <MetadataToken>100663332</MetadataToken>
              <Name>System.Void NDD.NFe.Common.Tests.Base.BaseSqlTest::SeedDatabase()</Name>
              <FileRef uid="3" />
              <SequencePoints>
                <SequencePoint vc="39" uspid="106" ordinal="0" offset="0" sl="17" sc="9" el="17" ec="10" bec="0" bev="0" fileid="3" />
                <SequencePoint vc="39" uspid="107" ordinal="1" offset="1" sl="18" sc="4" el="18" ec="39" bec="0" bev="0" fileid="3" />
                <SequencePoint vc="39" uspid="108" ordinal="2" offset="13" sl="19" sc="4" el="19" ec="38" bec="0" bev="0" fileid="3" />
                <SequencePoint vc="39" uspid="109" ordinal="3" offset="25" sl="21" sc="13" el="21" ec="39" bec="0" bev="0" fileid="3" />
                <SequencePoint vc="39" uspid="110" ordinal="4" offset="37" sl="22" sc="13" el="22" ec="58" bec="0" bev="0" fileid="3" />
                <SequencePoint vc="39" uspid="111" ordinal="5" offset="49" sl="24" sc="4" el="24" ec="31" bec="0" bev="0" fileid="3" />
                <SequencePoint vc="39" uspid="112" ordinal="6" offset="61" sl="25" sc="4" el="25" ec="50" bec="0" bev="0" fileid="3" />
                <SequencePoint vc="39" uspid="113" ordinal="7" offset="73" sl="26" sc="3" el="26" ec="4" bec="0" bev="0" fileid="3" />
              </SequencePoints>
              <BranchPoints />
              <MethodPoint xsi:type="SequencePoint" vc="39" uspid="106" ordinal="0" offset="0" sl="17" sc="9" el="17" ec="10" bec="0" bev="0" fileid="3" />
            </Method>
          </Methods>
        </Class>
      </Classes>
    </Module>
    <Module hash="02-35-7C-76-D2-34-04-00-F3-4E-BB-85-9B-35-AC-B6-57-2D-9C-8B">
      <Summary numSequencePoints="75" visitedSequencePoints="75" numBranchPoints="34" visitedBranchPoints="34" sequenceCoverage="100" branchCoverage="100" maxCyclomaticComplexity="4" minCyclomaticComplexity="1" maxCrapScore="4" minCrapScore="1" visitedClasses="4" numClasses="4" visitedMethods="18" numMethods="18" />
      <ModulePath>C:\TheSolutionsBrothers\Projeto_NFe\NDD.NFe\NDD.NFe.Infra.Data.Tests\bin\Debug\NDD.NFe.Infra.Data.dll</ModulePath>
      <ModuleTime>2018-06-04T18:33:57.202952Z</ModuleTime>
      <ModuleName>NDD.NFe.Infra.Data</ModuleName>
      <Files>
        <File uid="7" fullPath="C:\TheSolutionsBrothers\Projeto_NFe\NDD.NFe\NDD.NFe.Infra.Data\Features\Receivers\ReceiverRepository.cs" />
        <File uid="9" fullPath="C:\TheSolutionsBrothers\Projeto_NFe\NDD.NFe\NDD.NFe.Infra.Data\Features\Addresses\AddressRepository.cs" />
      </Files>
      <Classes>
        <Class>
          <Summary numSequencePoints="41" visitedSequencePoints="41" numBranchPoints="18" visitedBranchPoints="18" sequenceCoverage="100" branchCoverage="100" maxCyclomaticComplexity="4" minCyclomaticComplexity="1" maxCrapScore="4" minCrapScore="1" visitedClasses="1" numClasses="1" visitedMethods="8" numMethods="8" />
          <FullName>NDD.NFe.Infra.Data.Features.Receivers.ReceiverRepository</FullName>
          <Methods>
            <Method visited="true" cyclomaticComplexity="3" nPathComplexity="4" sequenceCoverage="100" branchCoverage="100" crapScore="3" isConstructor="false" isStatic="false" isGetter="false" isSetter="false">
              <Summary numSequencePoints="9" visitedSequencePoints="9" numBranchPoints="5" visitedBranchPoints="5" sequenceCoverage="100" branchCoverage="100" maxCyclomaticComplexity="3" minCyclomaticComplexity="3" maxCrapScore="3" minCrapScore="3" visitedClasses="0" numClasses="0" visitedMethods="1" numMethods="1" />
              <MetadataToken>100663297</MetadataToken>
              <Name>System.Void NDD.NFe.Infra.Data.Features.Receivers.ReceiverRepository::Delete(NDD.NFe.Domain.Features.Receivers.Receiver)</Name>
              <FileRef uid="7" />
              <SequencePoints>
                <SequencePoint vc="6" uspid="114" ordinal="0" offset="0" sl="58" sc="3" el="58" ec="4" bec="0" bev="0" fileid="7" />
                <SequencePoint vc="6" uspid="115" ordinal="1" offset="1" sl="59" sc="4" el="59" ec="25" bec="2" bev="2" fileid="7" />
                <SequencePoint vc="2" uspid="116" ordinal="2" offset="18" sl="60" sc="4" el="60" ec="5" bec="0" bev="0" fileid="7" />
                <SequencePoint vc="2" uspid="117" ordinal="3" offset="19" sl="61" sc="5" el="61" ec="46" bec="0" bev="0" fileid="7" />
                <SequencePoint vc="4" uspid="118" ordinal="4" offset="25" sl="63" sc="4" el="63" ec="33" bec="2" bev="2" fileid="7" />
                <SequencePoint vc="2" uspid="119" ordinal="5" offset="47" sl="64" sc="4" el="64" ec="5" bec="0" bev="0" fileid="7" />
                <SequencePoint vc="2" uspid="120" ordinal="6" offset="48" sl="65" sc="5" el="65" ec="46" bec="0" bev="0" fileid="7" />
                <SequencePoint vc="2" uspid="121" ordinal="7" offset="54" sl="68" sc="4" el="68" ec="70" bec="0" bev="0" fileid="7" />
                <SequencePoint vc="2" uspid="122" ordinal="8" offset="94" sl="70" sc="3" el="70" ec="4" bec="0" bev="0" fileid="7" />
              </SequencePoints>
              <BranchPoints>
                <BranchPoint vc="2" uspid="123" ordinal="0" offset="16" sl="59" path="0" offsetend="18" fileid="7" />
                <BranchPoint vc="4" uspid="124" ordinal="1" offset="16" sl="59" path="1" offsetend="25" fileid="7" />
                <BranchPoint vc="2" uspid="125" ordinal="2" offset="45" sl="63" path="0" offsetend="47" fileid="7" />
                <BranchPoint vc="2" uspid="126" ordinal="3" offset="45" sl="63" path="1" offsetend="54" fileid="7" />
              </BranchPoints>
              <MethodPoint xsi:type="SequencePoint" vc="6" uspid="114" ordinal="0" offset="0" sl="58" sc="3" el="58" ec="4" bec="0" bev="0" fileid="7" />
            </Method>
            <Method visited="true" cyclomaticComplexity="2" nPathComplexity="2" sequenceCoverage="100" branchCoverage="100" crapScore="2" isConstructor="false" isStatic="false" isGetter="false" isSetter="false">
              <Summary numSequencePoints="6" visitedSequencePoints="6" numBranchPoints="3" visitedBranchPoints="3" sequenceCoverage="100" branchCoverage="100" maxCyclomaticComplexity="2" minCyclomaticComplexity="2" maxCrapScore="2" minCrapScore="2" visitedClasses="0" numClasses="0" visitedMethods="1" numMethods="1" />
              <MetadataToken>100663298</MetadataToken>
              <Name>NDD.NFe.Domain.Features.Receivers.Receiver NDD.NFe.Infra.Data.Features.Receivers.ReceiverRepository::Get(System.Int64)</Name>
              <FileRef uid="7" />
              <SequencePoints>
                <SequencePoint vc="9" uspid="127" ordinal="0" offset="0" sl="73" sc="3" el="73" ec="4" bec="0" bev="0" fileid="7" />
                <SequencePoint vc="9" uspid="128" ordinal="1" offset="1" sl="74" sc="4" el="74" ec="16" bec="2" bev="2" fileid="7" />
                <SequencePoint vc="1" uspid="129" ordinal="2" offset="13" sl="75" sc="4" el="75" ec="5" bec="0" bev="0" fileid="7" />
                <SequencePoint vc="1" uspid="130" ordinal="3" offset="14" sl="76" sc="5" el="76" ec="46" bec="0" bev="0" fileid="7" />
                <SequencePoint vc="8" uspid="131" ordinal="4" offset="20" sl="79" sc="4" el="79" ec="72" bec="0" bev="0" fileid="7" />
                <SequencePoint vc="8" uspid="132" ordinal="5" offset="62" sl="80" sc="3" el="80" ec="4" bec="0" bev="0" fileid="7" />
              </SequencePoints>
              <BranchPoints>
                <BranchPoint vc="1" uspid="133" ordinal="0" offset="11" sl="74" path="0" offsetend="13" fileid="7" />
                <BranchPoint vc="8" uspid="134" ordinal="1" offset="11" sl="74" path="1" offsetend="20" fileid="7" />
              </BranchPoints>
              <MethodPoint xsi:type="SequencePoint" vc="9" uspid="127" ordinal="0" offset="0" sl="73" sc="3" el="73" ec="4" bec="0" bev="0" fileid="7" />
            </Method>
            <Method visited="true" cyclomaticComplexity="1" nPathComplexity="0" sequenceCoverage="100" branchCoverage="100" crapScore="1" isConstructor="false" isStatic="false" isGetter="false" isSetter="false">
              <Summary numSequencePoints="3" visitedSequencePoints="3" numBranchPoints="1" visitedBranchPoints="1" sequenceCoverage="100" branchCoverage="100" maxCyclomaticComplexity="1" minCyclomaticComplexity="1" maxCrapScore="1" minCrapScore="1" visitedClasses="0" numClasses="0" visitedMethods="1" numMethods="1" />
              <MetadataToken>100663299</MetadataToken>
              <Name>System.Collections.Generic.IList`1&lt;NDD.NFe.Domain.Features.Receivers.Receiver&gt; NDD.NFe.Infra.Data.Features.Receivers.ReceiverRepository::GetAll()</Name>
              <FileRef uid="7" />
              <SequencePoints>
                <SequencePoint vc="1" uspid="135" ordinal="0" offset="0" sl="83" sc="3" el="83" ec="4" bec="0" bev="0" fileid="7" />
                <SequencePoint vc="1" uspid="136" ordinal="1" offset="1" sl="84" sc="4" el="84" ec="36" bec="0" bev="0" fileid="7" />
                <SequencePoint vc="1" uspid="137" ordinal="2" offset="21" sl="85" sc="3" el="85" ec="4" bec="0" bev="0" fileid="7" />
              </SequencePoints>
              <BranchPoints />
              <MethodPoint xsi:type="SequencePoint" vc="1" uspid="135" ordinal="0" offset="0" sl="83" sc="3" el="83" ec="4" bec="0" bev="0" fileid="7" />
            </Method>
            <Method visited="true" cyclomaticComplexity="1" nPathComplexity="0" sequenceCoverage="100" branchCoverage="100" crapScore="1" isConstructor="false" isStatic="false" isGetter="false" isSetter="false">
              <Summary numSequencePoints="5" visitedSequencePoints="5" numBranchPoints="1" visitedBranchPoints="1" sequenceCoverage="100" branchCoverage="100" maxCyclomaticComplexity="1" minCyclomaticComplexity="1" maxCrapScore="1" minCrapScore="1" visitedClasses="0" numClasses="0" visitedMethods="1" numMethods="1" />
              <MetadataToken>100663300</MetadataToken>
              <Name>NDD.NFe.Domain.Features.Receivers.Receiver NDD.NFe.Infra.Data.Features.Receivers.ReceiverRepository::Save(NDD.NFe.Domain.Features.Receivers.Receiver)</Name>
              <FileRef uid="7" />
              <SequencePoints>
                <SequencePoint vc="8" uspid="138" ordinal="0" offset="0" sl="88" sc="3" el="88" ec="4" bec="0" bev="0" fileid="7" />
                <SequencePoint vc="8" uspid="139" ordinal="1" offset="1" sl="89" sc="4" el="89" ec="24" bec="0" bev="0" fileid="7" />
                <SequencePoint vc="2" uspid="140" ordinal="2" offset="8" sl="91" sc="4" el="91" ec="53" bec="0" bev="0" fileid="7" />
                <SequencePoint vc="2" uspid="141" ordinal="3" offset="32" sl="93" sc="4" el="93" ec="20" bec="0" bev="0" fileid="7" />
                <SequencePoint vc="2" uspid="142" ordinal="4" offset="36" sl="94" sc="3" el="94" ec="4" bec="0" bev="0" fileid="7" />
              </SequencePoints>
              <BranchPoints />
              <MethodPoint xsi:type="SequencePoint" vc="8" uspid="138" ordinal="0" offset="0" sl="88" sc="3" el="88" ec="4" bec="0" bev="0" fileid="7" />
            </Method>
            <Method visited="true" cyclomaticComplexity="4" nPathComplexity="4" sequenceCoverage="100" branchCoverage="100" crapScore="4" isConstructor="false" isStatic="false" isGetter="false" isSetter="false">
              <Summary numSequencePoints="11" visitedSequencePoints="11" numBranchPoints="5" visitedBranchPoints="5" sequenceCoverage="100" branchCoverage="100" maxCyclomaticComplexity="4" minCyclomaticComplexity="4" maxCrapScore="4" minCrapScore="4" visitedClasses="0" numClasses="0" visitedMethods="1" numMethods="1" />
              <MetadataToken>100663301</MetadataToken>
              <Name>NDD.NFe.Domain.Features.Receivers.Receiver NDD.NFe.Infra.Data.Features.Receivers.ReceiverRepository::Update(NDD.NFe.Domain.Features.Receivers.Receiver)</Name>
              <FileRef uid="7" />
              <SequencePoints>
                <SequencePoint vc="10" uspid="143" ordinal="0" offset="0" sl="97" sc="3" el="97" ec="4" bec="0" bev="0" fileid="7" />
                <SequencePoint vc="10" uspid="144" ordinal="1" offset="1" sl="98" sc="4" el="98" ec="25" bec="2" bev="2" fileid="7" />
                <SequencePoint vc="2" uspid="145" ordinal="2" offset="18" sl="99" sc="4" el="99" ec="5" bec="0" bev="0" fileid="7" />
                <SequencePoint vc="2" uspid="146" ordinal="3" offset="19" sl="100" sc="5" el="100" ec="46" bec="0" bev="0" fileid="7" />
                <SequencePoint vc="8" uspid="147" ordinal="4" offset="25" sl="102" sc="4" el="102" ec="61" bec="2" bev="2" fileid="7" />
                <SequencePoint vc="2" uspid="148" ordinal="5" offset="58" sl="103" sc="4" el="103" ec="5" bec="0" bev="0" fileid="7" />
                <SequencePoint vc="2" uspid="149" ordinal="6" offset="59" sl="104" sc="5" el="104" ec="46" bec="0" bev="0" fileid="7" />
                <SequencePoint vc="6" uspid="150" ordinal="7" offset="65" sl="107" sc="4" el="107" ec="24" bec="0" bev="0" fileid="7" />
                <SequencePoint vc="2" uspid="151" ordinal="8" offset="72" sl="109" sc="4" el="109" ec="39" bec="0" bev="0" fileid="7" />
                <SequencePoint vc="2" uspid="152" ordinal="9" offset="90" sl="111" sc="4" el="111" ec="20" bec="0" bev="0" fileid="7" />
                <SequencePoint vc="2" uspid="153" ordinal="10" offset="94" sl="112" sc="3" el="112" ec="4" bec="0" bev="0" fileid="7" />
              </SequencePoints>
              <BranchPoints>
                <BranchPoint vc="2" uspid="154" ordinal="0" offset="16" sl="98" path="0" offsetend="18" fileid="7" />
                <BranchPoint vc="8" uspid="155" ordinal="1" offset="16" sl="98" path="1" offsetend="25" fileid="7" />
                <BranchPoint vc="2" uspid="158" ordinal="4" offset="56" sl="102" path="0" offsetend="58" fileid="7" />
                <BranchPoint vc="6" uspid="159" ordinal="5" offset="56" sl="102" path="1" offsetend="65" fileid="7" />
              </BranchPoints>
              <MethodPoint xsi:type="SequencePoint" vc="10" uspid="143" ordinal="0" offset="0" sl="97" sc="3" el="97" ec="4" bec="0" bev="0" fileid="7" />
            </Method>
            <Method visited="true" cyclomaticComplexity="1" nPathComplexity="0" sequenceCoverage="100" branchCoverage="100" crapScore="1" isConstructor="false" isStatic="false" isGetter="false" isSetter="false">
              <Summary numSequencePoints="3" visitedSequencePoints="3" numBranchPoints="1" visitedBranchPoints="1" sequenceCoverage="100" branchCoverage="100" maxCyclomaticComplexity="1" minCyclomaticComplexity="1" maxCrapScore="1" minCrapScore="1" visitedClasses="0" numClasses="0" visitedMethods="1" numMethods="1" />
              <MetadataToken>100663302</MetadataToken>
              <Name>System.Object[] NDD.NFe.Infra.Data.Features.Receivers.ReceiverRepository::Take(NDD.NFe.Domain.Features.Receivers.Receiver)</Name>
              <FileRef uid="7" />
              <SequencePoints>
                <SequencePoint vc="4" uspid="160" ordinal="0" offset="0" sl="115" sc="3" el="115" ec="4" bec="0" bev="0" fileid="7" />
                <SequencePoint vc="4" uspid="161" ordinal="1" offset="1" sl="116" sc="4" el="126" ec="6" bec="0" bev="0" fileid="7" />
                <SequencePoint vc="4" uspid="162" ordinal="2" offset="174" sl="127" sc="3" el="127" ec="4" bec="0" bev="0" fileid="7" />
              </SequencePoints>
              <BranchPoints />
              <MethodPoint xsi:type="SequencePoint" vc="4" uspid="160" ordinal="0" offset="0" sl="115" sc="3" el="115" ec="4" bec="0" bev="0" fileid="7" />
            </Method>
            <Method visited="true" cyclomaticComplexity="1" nPathComplexity="0" sequenceCoverage="100" branchCoverage="100" crapScore="1" isConstructor="true" isStatic="false" isGetter="false" isSetter="false">
              <Summary numSequencePoints="3" visitedSequencePoints="3" numBranchPoints="1" visitedBranchPoints="1" sequenceCoverage="100" branchCoverage="100" maxCyclomaticComplexity="1" minCyclomaticComplexity="1" maxCrapScore="1" minCrapScore="1" visitedClasses="0" numClasses="0" visitedMethods="1" numMethods="1" />
              <MetadataToken>100663303</MetadataToken>
              <Name>System.Void NDD.NFe.Infra.Data.Features.Receivers.ReceiverRepository::.ctor()</Name>
              <FileRef uid="7" />
              <SequencePoints>
                <SequencePoint vc="28" uspid="163" ordinal="0" offset="0" sl="46" sc="3" el="48" ec="48" bec="0" bev="0" fileid="7" />
                <SequencePoint vc="28" uspid="164" ordinal="1" offset="11" sl="50" sc="3" el="51" ec="57" bec="0" bev="0" fileid="7" />
                <SequencePoint vc="28" uspid="165" ordinal="2" offset="22" sl="53" sc="3" el="53" ec="94" bec="0" bev="0" fileid="7" />
              </SequencePoints>
              <BranchPoints />
              <MethodPoint xsi:type="SequencePoint" vc="28" uspid="163" ordinal="0" offset="0" sl="46" sc="3" el="48" ec="48" bec="0" bev="0" fileid="7" />
            </Method>
            <Method visited="true" cyclomaticComplexity="1" nPathComplexity="0" sequenceCoverage="100" branchCoverage="100" crapScore="1" isConstructor="true" isStatic="true" isGetter="false" isSetter="false">
              <Summary numSequencePoints="1" visitedSequencePoints="1" numBranchPoints="1" visitedBranchPoints="1" sequenceCoverage="100" branchCoverage="100" maxCyclomaticComplexity="1" minCyclomaticComplexity="1" maxCrapScore="1" minCrapScore="1" visitedClasses="0" numClasses="0" visitedMethods="1" numMethods="1" />
              <MetadataToken>100663304</MetadataToken>
              <Name>System.Void NDD.NFe.Infra.Data.Features.Receivers.ReceiverRepository::.cctor()</Name>
              <FileRef uid="7" />
              <SequencePoints>
                <SequencePoint vc="1" uspid="166" ordinal="0" offset="0" sl="129" sc="3" el="149" ec="8" bec="0" bev="0" fileid="7" />
              </SequencePoints>
              <BranchPoints />
              <MethodPoint xsi:type="SequencePoint" vc="1" uspid="166" ordinal="0" offset="0" sl="129" sc="3" el="149" ec="8" bec="0" bev="0" fileid="7" />
            </Method>
          </Methods>
        </Class>
        <Class>
          <Summary numSequencePoints="1" visitedSequencePoints="1" numBranchPoints="1" visitedBranchPoints="1" sequenceCoverage="100" branchCoverage="100" maxCyclomaticComplexity="1" minCyclomaticComplexity="1" maxCrapScore="2" minCrapScore="1" visitedClasses="1" numClasses="1" visitedMethods="1" numMethods="1" />
          <FullName>NDD.NFe.Infra.Data.Features.Receivers.ReceiverRepository/&lt;&gt;c</FullName>
          <Methods>
            <Method visited="false" cyclomaticComplexity="1" nPathComplexity="0" sequenceCoverage="0" branchCoverage="0" crapScore="2" isConstructor="true" isStatic="true" isGetter="false" isSetter="false">
              <Summary numSequencePoints="0" visitedSequencePoints="0" numBranchPoints="0" visitedBranchPoints="0" sequenceCoverage="0" branchCoverage="0" maxCyclomaticComplexity="1" minCyclomaticComplexity="1" maxCrapScore="2" minCrapScore="2" visitedClasses="0" numClasses="0" visitedMethods="0" numMethods="0" />
              <MetadataToken>100663313</MetadataToken>
              <Name>System.Void NDD.NFe.Infra.Data.Features.Receivers.ReceiverRepository/&lt;&gt;c::.cctor()</Name>
              <SequencePoints />
              <BranchPoints />
              <MethodPoint vc="0" uspid="167" ordinal="0" offset="0" />
            </Method>
            <Method visited="false" cyclomaticComplexity="1" nPathComplexity="0" sequenceCoverage="0" branchCoverage="0" crapScore="2" isConstructor="true" isStatic="false" isGetter="false" isSetter="false">
              <Summary numSequencePoints="0" visitedSequencePoints="0" numBranchPoints="0" visitedBranchPoints="0" sequenceCoverage="0" branchCoverage="0" maxCyclomaticComplexity="1" minCyclomaticComplexity="1" maxCrapScore="2" minCrapScore="2" visitedClasses="0" numClasses="0" visitedMethods="0" numMethods="0" />
              <MetadataToken>100663314</MetadataToken>
              <Name>System.Void NDD.NFe.Infra.Data.Features.Receivers.ReceiverRepository/&lt;&gt;c::.ctor()</Name>
              <SequencePoints />
              <BranchPoints />
              <MethodPoint vc="0" uspid="168" ordinal="0" offset="0" />
            </Method>
            <Method visited="true" cyclomaticComplexity="1" nPathComplexity="0" sequenceCoverage="100" branchCoverage="100" crapScore="1" isConstructor="false" isStatic="false" isGetter="false" isSetter="false">
              <Summary numSequencePoints="1" visitedSequencePoints="1" numBranchPoints="1" visitedBranchPoints="1" sequenceCoverage="100" branchCoverage="100" maxCyclomaticComplexity="1" minCyclomaticComplexity="1" maxCrapScore="1" minCrapScore="1" visitedClasses="0" numClasses="0" visitedMethods="1" numMethods="1" />
              <MetadataToken>100663315</MetadataToken>
              <Name>NDD.NFe.Domain.Features.Receivers.Receiver NDD.NFe.Infra.Data.Features.Receivers.ReceiverRepository/&lt;&gt;c::&lt;.cctor&gt;b__13_0(System.Data.IDataReader)</Name>
              <FileRef uid="7" />
              <SequencePoints>
                <SequencePoint vc="7" uspid="169" ordinal="0" offset="0" sl="130" sc="6" el="149" ec="7" bec="0" bev="0" fileid="7" />
              </SequencePoints>
              <BranchPoints />
              <MethodPoint xsi:type="SequencePoint" vc="7" uspid="169" ordinal="0" offset="0" sl="130" sc="6" el="149" ec="7" bec="0" bev="0" fileid="7" />
            </Method>
          </Methods>
        </Class>
        <Class>
          <Summary numSequencePoints="32" visitedSequencePoints="32" numBranchPoints="14" visitedBranchPoints="14" sequenceCoverage="100" branchCoverage="100" maxCyclomaticComplexity="2" minCyclomaticComplexity="1" maxCrapScore="2" minCrapScore="1" visitedClasses="1" numClasses="1" visitedMethods="8" numMethods="8" />
          <FullName>NDD.NFe.Infra.Data.Features.Addresses.AddressRepository</FullName>
          <Methods>
            <Method visited="true" cyclomaticComplexity="2" nPathComplexity="2" sequenceCoverage="100" branchCoverage="100" crapScore="2" isConstructor="false" isStatic="false" isGetter="false" isSetter="false">
              <Summary numSequencePoints="5" visitedSequencePoints="5" numBranchPoints="3" visitedBranchPoints="3" sequenceCoverage="100" branchCoverage="100" maxCyclomaticComplexity="2" minCyclomaticComplexity="2" maxCrapScore="2" minCrapScore="2" visitedClasses="0" numClasses="0" visitedMethods="1" numMethods="1" />
              <MetadataToken>100663305</MetadataToken>
              <Name>System.Void NDD.NFe.Infra.Data.Features.Addresses.AddressRepository::Delete(NDD.NFe.Domain.Features.Addresses.Address)</Name>
              <FileRef uid="9" />
              <SequencePoints>
                <SequencePoint vc="2" uspid="170" ordinal="0" offset="0" sl="49" sc="9" el="49" ec="10" bec="0" bev="0" fileid="9" />
                <SequencePoint vc="2" uspid="171" ordinal="1" offset="1" sl="50" sc="13" el="50" ec="32" bec="2" bev="2" fileid="9" />
                <SequencePoint vc="1" uspid="172" ordinal="2" offset="18" sl="51" sc="17" el="51" ec="58" bec="0" bev="0" fileid="9" />
                <SequencePoint vc="1" uspid="173" ordinal="3" offset="24" sl="53" sc="13" el="53" ec="67" bec="0" bev="0" fileid="9" />
                <SequencePoint vc="1" uspid="174" ordinal="4" offset="64" sl="54" sc="9" el="54" ec="10" bec="0" bev="0" fileid="9" />
              </SequencePoints>
              <BranchPoints>
                <BranchPoint vc="1" uspid="175" ordinal="0" offset="16" sl="50" path="0" offsetend="18" fileid="9" />
                <BranchPoint vc="1" uspid="176" ordinal="1" offset="16" sl="50" path="1" offsetend="24" fileid="9" />
              </BranchPoints>
              <MethodPoint xsi:type="SequencePoint" vc="2" uspid="170" ordinal="0" offset="0" sl="49" sc="9" el="49" ec="10" bec="0" bev="0" fileid="9" />
            </Method>
            <Method visited="true" cyclomaticComplexity="2" nPathComplexity="2" sequenceCoverage="100" branchCoverage="100" crapScore="2" isConstructor="false" isStatic="false" isGetter="false" isSetter="false">
              <Summary numSequencePoints="5" visitedSequencePoints="5" numBranchPoints="3" visitedBranchPoints="3" sequenceCoverage="100" branchCoverage="100" maxCyclomaticComplexity="2" minCyclomaticComplexity="2" maxCrapScore="2" minCrapScore="2" visitedClasses="0" numClasses="0" visitedMethods="1" numMethods="1" />
              <MetadataToken>100663306</MetadataToken>
              <Name>NDD.NFe.Domain.Features.Addresses.Address NDD.NFe.Infra.Data.Features.Addresses.AddressRepository::Get(System.Int64)</Name>
              <FileRef uid="9" />
              <SequencePoints>
                <SequencePoint vc="6" uspid="177" ordinal="0" offset="0" sl="57" sc="9" el="57" ec="10" bec="0" bev="0" fileid="9" />
                <SequencePoint vc="6" uspid="178" ordinal="1" offset="1" sl="58" sc="13" el="58" ec="25" bec="2" bev="2" fileid="9" />
[...]
            </Method>
            <Method visited="true" cyclomaticComplexity="4" nPathComplexity="2" sequenceCoverage="100" branchCoverage="100" crapScore="4" isConstructor="false" isStatic="true" isGetter="false" isSetter="false">
              <Summary numSequencePoints="16" visitedSequencePoints="16" numBranchPoints="3" visitedBranchPoints="3" sequenceCoverage="100" branchCoverage="100" maxCyclomaticComplexity="4" minCyclomaticComplexity="4" maxCrapScore="4" minCrapScore="4" visitedClasses="0" numClasses="0" visitedMethods="1" numMethods="1" />
              <MetadataToken>100663298</MetadataToken>
              <Name>System.Collections.Generic.List`1&lt;T&gt; NDD.Nfe.Infra.Db::GetAll(System.String,System.Func`2&lt;System.Data.IDataReader,T&gt;,System.Object[])</Name>
              <FileRef uid="73" />
              <SequencePoints>
                <SequencePoint vc="2" uspid="364" ordinal="0" offset="0" sl="59" sc="9" el="59" ec="10" bec="0" bev="0" fileid="73" />
                <SequencePoint vc="2" uspid="365" ordinal="1" offset="1" sl="60" sc="20" el="60" ec="63" bec="0" bev="0" fileid="73" />
                <SequencePoint vc="2" uspid="366" ordinal="2" offset="12" sl="61" sc="13" el="61" ec="14" bec="0" bev="0" fileid="73" />
                <SequencePoint vc="2" uspid="367" ordinal="3" offset="13" sl="62" sc="17" el="62" ec="64" bec="0" bev="0" fileid="73" />
                <SequencePoint vc="2" uspid="368" ordinal="4" offset="25" sl="64" sc="24" el="64" ec="61" bec="0" bev="0" fileid="73" />
                <SequencePoint vc="2" uspid="369" ordinal="5" offset="36" sl="65" sc="17" el="65" ec="18" bec="0" bev="0" fileid="73" />
                <SequencePoint vc="2" uspid="370" ordinal="6" offset="37" sl="66" sc="21" el="66" ec="53" bec="0" bev="0" fileid="73" />
                <SequencePoint vc="2" uspid="371" ordinal="7" offset="45" sl="67" sc="21" el="67" ec="47" bec="0" bev="0" fileid="73" />
                <SequencePoint vc="2" uspid="372" ordinal="8" offset="53" sl="68" sc="21" el="68" ec="50" bec="0" bev="0" fileid="73" />
                <SequencePoint vc="2" uspid="373" ordinal="9" offset="61" sl="70" sc="21" el="70" ec="39" bec="0" bev="0" fileid="73" />
                <SequencePoint vc="2" uspid="374" ordinal="10" offset="68" sl="72" sc="21" el="72" ec="46" bec="0" bev="0" fileid="73" />
                <SequencePoint vc="2" uspid="375" ordinal="11" offset="74" sl="73" sc="21" el="73" ec="58" bec="0" bev="0" fileid="73" />
                <SequencePoint vc="4" uspid="376" ordinal="12" offset="83" sl="76" sc="25" el="76" ec="48" bec="0" bev="0" fileid="73" />
                <SequencePoint vc="6" uspid="377" ordinal="13" offset="97" sl="75" sc="21" el="75" ec="42" bec="2" bev="2" fileid="73" />
                <SequencePoint vc="2" uspid="378" ordinal="14" offset="109" sl="78" sc="21" el="78" ec="33" bec="0" bev="0" fileid="73" />
                <SequencePoint vc="2" uspid="379" ordinal="15" offset="136" sl="81" sc="9" el="81" ec="10" bec="0" bev="0" fileid="73" />
              </SequencePoints>
              <BranchPoints>
                <BranchPoint vc="2" uspid="380" ordinal="0" offset="107" sl="75" path="0" offsetend="109" fileid="73" />
                <BranchPoint vc="4" uspid="381" ordinal="1" offset="107" sl="75" path="1" offsetend="83" fileid="73" />
              </BranchPoints>
              <MethodPoint xsi:type="SequencePoint" vc="2" uspid="364" ordinal="0" offset="0" sl="59" sc="9" el="59" ec="10" bec="0" bev="0" fileid="73" />
            </Method>
            <Method visited="true" cyclomaticComplexity="3" nPathComplexity="0" sequenceCoverage="100" branchCoverage="100" crapScore="3" isConstructor="false" isStatic="true" isGetter="false" isSetter="false">
              <Summary numSequencePoints="12" visitedSequencePoints="12" numBranchPoints="1" visitedBranchPoints="1" sequenceCoverage="100" branchCoverage="100" maxCyclomaticComplexity="3" minCyclomaticComplexity="3" maxCrapScore="3" minCrapScore="3" visitedClasses="0" numClasses="0" visitedMethods="1" numMethods="1" />
              <MetadataToken>100663299</MetadataToken>
              <Name>System.Int64 NDD.Nfe.Infra.Db::Insert(System.String,System.Object[])</Name>
              <FileRef uid="73" />
              <SequencePoints>
                <SequencePoint vc="3" uspid="382" ordinal="0" offset="0" sl="90" sc="9" el="90" ec="10" bec="0" bev="0" fileid="73" />
                <SequencePoint vc="3" uspid="383" ordinal="1" offset="1" sl="91" sc="20" el="91" ec="63" bec="0" bev="0" fileid="73" />
                <SequencePoint vc="3" uspid="384" ordinal="2" offset="12" sl="92" sc="13" el="92" ec="14" bec="0" bev="0" fileid="73" />
                <SequencePoint vc="3" uspid="385" ordinal="3" offset="13" sl="93" sc="17" el="93" ec="64" bec="0" bev="0" fileid="73" />
                <SequencePoint vc="3" uspid="386" ordinal="4" offset="25" sl="95" sc="24" el="95" ec="61" bec="0" bev="0" fileid="73" />
                <SequencePoint vc="3" uspid="387" ordinal="5" offset="36" sl="96" sc="17" el="96" ec="18" bec="0" bev="0" fileid="73" />
                <SequencePoint vc="3" uspid="388" ordinal="6" offset="37" sl="97" sc="21" el="97" ec="53" bec="0" bev="0" fileid="73" />
                <SequencePoint vc="3" uspid="389" ordinal="7" offset="45" sl="98" sc="21" el="98" ec="50" bec="0" bev="0" fileid="73" />
                <SequencePoint vc="3" uspid="390" ordinal="8" offset="53" sl="99" sc="21" el="99" ec="70" bec="0" bev="0" fileid="73" />
                <SequencePoint vc="3" uspid="391" ordinal="9" offset="66" sl="101" sc="21" el="101" ec="39" bec="0" bev="0" fileid="73" />
                <SequencePoint vc="3" uspid="392" ordinal="10" offset="73" sl="102" sc="21" el="102" ec="69" bec="0" bev="0" fileid="73" />
                <SequencePoint vc="3" uspid="393" ordinal="11" offset="110" sl="105" sc="9" el="105" ec="10" bec="0" bev="0" fileid="73" />
              </SequencePoints>
              <BranchPoints />
              <MethodPoint xsi:type="SequencePoint" vc="3" uspid="382" ordinal="0" offset="0" sl="90" sc="9" el="90" ec="10" bec="0" bev="0" fileid="73" />
            </Method>
            <Method visited="true" cyclomaticComplexity="3" nPathComplexity="0" sequenceCoverage="100" branchCoverage="100" crapScore="3" isConstructor="false" isStatic="true" isGetter="false" isSetter="false">
              <Summary numSequencePoints="14" visitedSequencePoints="14" numBranchPoints="1" visitedBranchPoints="1" sequenceCoverage="100" branchCoverage="100" maxCyclomaticComplexity="3" minCyclomaticComplexity="3" maxCrapScore="3" minCrapScore="3" visitedClasses="0" numClasses="0" visitedMethods="1" numMethods="1" />
              <MetadataToken>100663300</MetadataToken>
              <Name>System.Void NDD.Nfe.Infra.Db::Update(System.String,System.Object[])</Name>
              <FileRef uid="73" />
              <SequencePoints>
                <SequencePoint vc="240" uspid="394" ordinal="0" offset="0" sl="113" sc="9" el="113" ec="10" bec="0" bev="0" fileid="73" />
                <SequencePoint vc="240" uspid="395" ordinal="1" offset="1" sl="114" sc="20" el="114" ec="63" bec="0" bev="0" fileid="73" />
                <SequencePoint vc="240" uspid="396" ordinal="2" offset="12" sl="115" sc="13" el="115" ec="14" bec="0" bev="0" fileid="73" />
                <SequencePoint vc="240" uspid="397" ordinal="3" offset="13" sl="116" sc="17" el="116" ec="64" bec="0" bev="0" fileid="73" />
                <SequencePoint vc="240" uspid="398" ordinal="4" offset="25" sl="118" sc="24" el="118" ec="61" bec="0" bev="0" fileid="73" />
                <SequencePoint vc="240" uspid="399" ordinal="5" offset="36" sl="119" sc="17" el="119" ec="18" bec="0" bev="0" fileid="73" />
                <SequencePoint vc="240" uspid="400" ordinal="6" offset="37" sl="120" sc="21" el="120" ec="53" bec="0" bev="0" fileid="73" />
                <SequencePoint vc="240" uspid="401" ordinal="7" offset="45" sl="121" sc="21" el="121" ec="47" bec="0" bev="0" fileid="73" />
                <SequencePoint vc="240" uspid="402" ordinal="8" offset="53" sl="122" sc="21" el="122" ec="50" bec="0" bev="0" fileid="73" />
                <SequencePoint vc="240" uspid="403" ordinal="9" offset="61" sl="124" sc="21" el="124" ec="39" bec="0" bev="0" fileid="73" />
                <SequencePoint vc="240" uspid="404" ordinal="10" offset="68" sl="125" sc="21" el="125" ec="47" bec="0" bev="0" fileid="73" />
                <SequencePoint vc="240" uspid="405" ordinal="11" offset="75" sl="126" sc="17" el="126" ec="18" bec="0" bev="0" fileid="73" />
                <SequencePoint vc="240" uspid="406" ordinal="12" offset="89" sl="127" sc="13" el="127" ec="14" bec="0" bev="0" fileid="73" />
                <SequencePoint vc="240" uspid="407" ordinal="13" offset="103" sl="128" sc="9" el="128" ec="10" bec="0" bev="0" fileid="73" />
              </SequencePoints>
              <BranchPoints />
              <MethodPoint xsi:type="SequencePoint" vc="240" uspid="394" ordinal="0" offset="0" sl="113" sc="9" el="113" ec="10" bec="0" bev="0" fileid="73" />
            </Method>
            <Method visited="true" cyclomaticComplexity="1" nPathComplexity="0" sequenceCoverage="100" branchCoverage="100" crapScore="1" isConstructor="false" isStatic="true" isGetter="false" isSetter="false">
              <Summary numSequencePoints="3" visitedSequencePoints="3" numBranchPoints="1" visitedBranchPoints="1" sequenceCoverage="100" branchCoverage="100" maxCyclomaticComplexity="1" minCyclomaticComplexity="1" maxCrapScore="1" minCrapScore="1" visitedClasses="0" numClasses="0" visitedMethods="1" numMethods="1" />
              <MetadataToken>100663301</MetadataToken>
              <Name>System.Void NDD.Nfe.Infra.Db::Delete(System.String,System.Object[])</Name>
              <FileRef uid="73" />
              <SequencePoints>
                <SequencePoint vc="3" uspid="408" ordinal="0" offset="0" sl="136" sc="9" el="136" ec="10" bec="0" bev="0" fileid="73" />
                <SequencePoint vc="3" uspid="409" ordinal="1" offset="1" sl="137" sc="13" el="137" ec="32" bec="0" bev="0" fileid="73" />
                <SequencePoint vc="3" uspid="410" ordinal="2" offset="9" sl="138" sc="9" el="138" ec="10" bec="0" bev="0" fileid="73" />
              </SequencePoints>
              <BranchPoints />
              <MethodPoint xsi:type="SequencePoint" vc="3" uspid="408" ordinal="0" offset="0" sl="136" sc="9" el="136" ec="10" bec="0" bev="0" fileid="73" />
            </Method>
            <Method visited="true" cyclomaticComplexity="5" nPathComplexity="16" sequenceCoverage="50" branchCoverage="33.33" crapScore="8.12" isConstructor="false" isStatic="true" isGetter="false" isSetter="false">
              <Summary numSequencePoints="8" visitedSequencePoints="4" numBranchPoints="9" visitedBranchPoints="3" sequenceCoverage="50" branchCoverage="33.33" maxCyclomaticComplexity="5" minCyclomaticComplexity="5" maxCrapScore="8.12" minCrapScore="8.12" visitedClasses="0" numClasses="0" visitedMethods="1" numMethods="1" />
              <MetadataToken>100663302</MetadataToken>
              <Name>System.String NDD.Nfe.Infra.Db::AppendIdentitySelect(System.String)</Name>
              <FileRef uid="73" />
              <SequencePoints>
                <SequencePoint vc="3" uspid="411" ordinal="0" offset="0" sl="148" sc="9" el="148" ec="10" bec="0" bev="0" fileid="73" />
                <SequencePoint vc="3" uspid="412" ordinal="1" offset="1" sl="149" sc="13" el="149" ec="34" bec="8" bev="2" fileid="73" />
                <SequencePoint vc="0" uspid="413" ordinal="2" offset="61" sl="152" sc="43" el="152" ec="54" bec="0" bev="0" fileid="73" />
                <SequencePoint vc="3" uspid="414" ordinal="3" offset="65" sl="153" sc="47" el="153" ec="87" bec="0" bev="0" fileid="73" />
                <SequencePoint vc="0" uspid="415" ordinal="4" offset="79" sl="154" sc="50" el="154" ec="102" bec="0" bev="0" fileid="73" />
                <SequencePoint vc="0" uspid="416" ordinal="5" offset="93" sl="155" sc="53" el="155" ec="86" bec="0" bev="0" fileid="73" />
                <SequencePoint vc="0" uspid="417" ordinal="6" offset="107" sl="156" sc="26" el="156" ec="60" bec="0" bev="0" fileid="73" />
                <SequencePoint vc="3" uspid="418" ordinal="7" offset="121" sl="158" sc="9" el="158" ec="10" bec="0" bev="0" fileid="73" />
              </SequencePoints>
              <BranchPoints>
                <BranchPoint vc="3" uspid="419" ordinal="0" offset="18" sl="149" path="0" offsetend="20" fileid="73" />
                <BranchPoint vc="0" uspid="420" ordinal="1" offset="18" sl="149" path="1" offsetend="61" fileid="73" />
                <BranchPoint vc="0" uspid="421" ordinal="2" offset="31" sl="149" path="0" offsetend="33" fileid="73" />
                <BranchPoint vc="3" uspid="422" ordinal="3" offset="31" sl="149" path="1" offsetend="65" fileid="73" />
                <BranchPoint vc="0" uspid="423" ordinal="4" offset="44" sl="149" path="0" offsetend="46" fileid="73" />
                <BranchPoint vc="0" uspid="424" ordinal="5" offset="44" sl="149" path="1" offsetend="79" fileid="73" />
                <BranchPoint vc="0" uspid="425" ordinal="6" offset="57" sl="149" path="0" offsetchain="59" offsetend="107" fileid="73" />
                <BranchPoint vc="0" uspid="426" ordinal="7" offset="57" sl="149" path="1" offsetend="93" fileid="73" />
              </BranchPoints>
              <MethodPoint xsi:type="SequencePoint" vc="3" uspid="411" ordinal="0" offset="0" sl="148" sc="9" el="148" ec="10" bec="0" bev="0" fileid="73" />
            </Method>
            <Method visited="true" cyclomaticComplexity="7" nPathComplexity="16" sequenceCoverage="94.44" branchCoverage="88.89" crapScore="7.01" isConstructor="false" isStatic="true" isGetter="false" isSetter="false">
              <Summary numSequencePoints="18" visitedSequencePoints="17" numBranchPoints="9" visitedBranchPoints="8" sequenceCoverage="94.44" branchCoverage="88.89" maxCyclomaticComplexity="7" minCyclomaticComplexity="7" maxCrapScore="7.01" minCrapScore="7.01" visitedClasses="0" numClasses="0" visitedMethods="1" numMethods="1" />
              <MetadataToken>100663303</MetadataToken>
              <Name>System.Void NDD.Nfe.Infra.Db::SetParameters(System.Data.Common.DbCommand,System.Object[])</Name>
              <FileRef uid="73" />
              <SequencePoints>
                <SequencePoint vc="258" uspid="427" ordinal="0" offset="0" sl="166" sc="9" el="166" ec="10" bec="0" bev="0" fileid="73" />
                <SequencePoint vc="258" uspid="428" ordinal="1" offset="1" sl="167" sc="13" el="167" ec="51" bec="2" bev="2" fileid="73" />
                <SequencePoint vc="22" uspid="429" ordinal="2" offset="19" sl="168" sc="13" el="168" ec="14" bec="0" bev="0" fileid="73" />
                <SequencePoint vc="22" uspid="430" ordinal="3" offset="20" sl="169" sc="22" el="169" ec="31" bec="0" bev="0" fileid="73" />
                <SequencePoint vc="62" uspid="431" ordinal="4" offset="24" sl="170" sc="17" el="170" ec="18" bec="0" bev="0" fileid="73" />
                <SequencePoint vc="62" uspid="432" ordinal="5" offset="25" sl="171" sc="21" el="171" ec="55" bec="0" bev="0" fileid="73" />
                <SequencePoint vc="62" uspid="433" ordinal="6" offset="34" sl="173" sc="21" el="173" ec="78" bec="2" bev="1" fileid="73" />
                <SequencePoint vc="0" uspid="434" ordinal="7" offset="75" sl="174" sc="25" el="174" ec="45" bec="0" bev="0" fileid="73" />
                <SequencePoint vc="62" uspid="435" ordinal="8" offset="81" sl="176" sc="21" el="176" ec="65" bec="2" bev="2" fileid="73" />
                <SequencePoint vc="62" uspid="436" ordinal="9" offset="96" sl="178" sc="21" el="178" ec="65" bec="0" bev="0" fileid="73" />
                <SequencePoint vc="62" uspid="437" ordinal="10" offset="104" sl="179" sc="21" el="179" ec="54" bec="0" bev="0" fileid="73" />
                <SequencePoint vc="62" uspid="438" ordinal="11" offset="113" sl="180" sc="21" el="180" ec="47" bec="0" bev="0" fileid="73" />
                <SequencePoint vc="62" uspid="439" ordinal="12" offset="122" sl="182" sc="21" el="182" ec="57" bec="0" bev="0" fileid="73" />
                <SequencePoint vc="62" uspid="440" ordinal="13" offset="136" sl="183" sc="17" el="183" ec="18" bec="0" bev="0" fileid="73" />
                <SequencePoint vc="62" uspid="441" ordinal="14" offset="137" sl="169" sc="51" el="169" ec="57" bec="0" bev="0" fileid="73" />
                <SequencePoint vc="84" uspid="442" ordinal="15" offset="141" sl="169" sc="33" el="169" ec="49" bec="2" bev="2" fileid="73" />
                <SequencePoint vc="22" uspid="443" ordinal="16" offset="156" sl="184" sc="13" el="184" ec="14" bec="0" bev="0" fileid="73" />
                <SequencePoint vc="258" uspid="444" ordinal="17" offset="157" sl="185" sc="9" el="185" ec="10" bec="0" bev="0" fileid="73" />
              </SequencePoints>
              <BranchPoints>
                <BranchPoint vc="22" uspid="447" ordinal="2" offset="14" sl="167" path="0" offsetend="19" fileid="73" />
                <BranchPoint vc="236" uspid="448" ordinal="3" offset="14" sl="167" path="1" offsetend="157" fileid="73" />
                <BranchPoint vc="0" uspid="451" ordinal="6" offset="73" sl="173" path="0" offsetend="75" fileid="73" />
                <BranchPoint vc="62" uspid="452" ordinal="7" offset="73" sl="173" path="1" offsetend="81" fileid="73" />
                <BranchPoint vc="8" uspid="453" ordinal="8" offset="87" sl="176" path="0" offsetend="89" fileid="73" />
                <BranchPoint vc="54" uspid="454" ordinal="9" offset="87" sl="176" path="1" offsetend="95" fileid="73" />
                <BranchPoint vc="22" uspid="455" ordinal="10" offset="151" sl="169" path="0" offsetend="156" fileid="73" />
                <BranchPoint vc="62" uspid="456" ordinal="11" offset="151" sl="169" path="1" offsetend="24" fileid="73" />
              </BranchPoints>
              <MethodPoint xsi:type="SequencePoint" vc="258" uspid="427" ordinal="0" offset="0" sl="166" sc="9" el="166" ec="10" bec="0" bev="0" fileid="73" />
            </Method>
            <Method visited="true" cyclomaticComplexity="1" nPathComplexity="0" sequenceCoverage="100" branchCoverage="100" crapScore="1" isConstructor="true" isStatic="true" isGetter="false" isSetter="false">
              <Summary numSequencePoints="4" visitedSequencePoints="4" numBranchPoints="1" visitedBranchPoints="1" sequenceCoverage="100" branchCoverage="100" maxCyclomaticComplexity="1" minCyclomaticComplexity="1" maxCrapScore="1" minCrapScore="1" visitedClasses="0" numClasses="0" visitedMethods="1" numMethods="1" />
              <MetadataToken>100663304</MetadataToken>
              <Name>System.Void NDD.Nfe.Infra.Db::.cctor()</Name>
              <FileRef uid="73" />
              <SequencePoints>
                <SequencePoint vc="1" uspid="457" ordinal="0" offset="0" sl="11" sc="9" el="11" ec="108" bec="0" bev="0" fileid="73" />
                <SequencePoint vc="1" uspid="458" ordinal="1" offset="20" sl="12" sc="9" el="12" ec="106" bec="0" bev="0" fileid="73" />
                <SequencePoint vc="1" uspid="459" ordinal="2" offset="35" sl="14" sc="9" el="14" ec="124" bec="0" bev="0" fileid="73" />
                <SequencePoint vc="1" uspid="460" ordinal="3" offset="55" sl="15" sc="9" el="15" ec="137" bec="0" bev="0" fileid="73" />
              </SequencePoints>
              <BranchPoints />
              <MethodPoint xsi:type="SequencePoint" vc="1" uspid="457" ordinal="0" offset="0" sl="11" sc="9" el="11" ec="108" bec="0" bev="0" fileid="73" />
            </Method>
          </Methods>
        </Class>
      </Classes>
    </Module>
  </Modules>
</CoverageSession>