<?xml version="1.0" encoding="utf-8"?>
<CoverageSession xmlns:xsd="http://www.w3.org/2001/XMLSchema" xmlns:xsi="http://www.w3.org/2001/XMLSchema-instance" Version="4.6.0.0">
  <Summary numSequencePoints="1445" visitedSequencePoints="734" numBranchPoints="573" visitedBranchPoints="307" sequenceCoverage="50.80" branchCoverage="53.58" maxCyclomaticComplexity="22" minCyclomaticComplexity="0" maxCrapScore="64.84" minCrapScore="0" visitedClasses="24" numClasses="27" visitedMethods="113" numMethods="251" />
  <Modules>
    <Module hash="8D-09-78-55-95-08-14-EC-15-66-14-8F-52-E0-49-98-A4-54-F5-DB">
      <Summary numSequencePoints="514" visitedSequencePoints="111" numBranchPoints="159" visitedBranchPoints="37" sequenceCoverage="21.60" branchCoverage="23.27" maxCyclomaticComplexity="1" minCyclomaticComplexity="1" maxCrapScore="2" minCrapScore="1" visitedClasses="1" numClasses="2" visitedMethods="37" numMethods="159" />
      <ModulePath>C:\Users\ndduser\Desktop\AcademiaProgramador2018\TheSolutionBrothers\TheSolutionBrothers\Projeto_NFe\NDD.NFe\NDD.NFe.Application.Tests\bin\Debug\NDD.NFe.Common.Tests.dll</ModulePath>
      <ModuleTime>2018-06-13T18:03:07.8840372Z</ModuleTime>
      <ModuleName>NDD.NFe.Common.Tests</ModuleName>
      <Files>
        <File uid="1" fullPath="C:\Users\ndduser\Desktop\AcademiaProgramador2018\TheSolutionBrothers\TheSolutionBrothers\Projeto_NFe\NDD.NFe\NDD.NFe.Common.Tests\Features\Addresses\ObjectMother.cs" />
        <File uid="2" fullPath="C:\Users\ndduser\Desktop\AcademiaProgramador2018\TheSolutionBrothers\TheSolutionBrothers\Projeto_NFe\NDD.NFe\NDD.NFe.Common.Tests\Features\InvoiceCarriers\ObjectMother.cs" />
        <File uid="3" fullPath="C:\Users\ndduser\Desktop\AcademiaProgramador2018\TheSolutionBrothers\TheSolutionBrothers\Projeto_NFe\NDD.NFe\NDD.NFe.Common.Tests\Features\InvoiceItems\ObjectMother.cs" />
        <File uid="4" fullPath="C:\Users\ndduser\Desktop\AcademiaProgramador2018\TheSolutionBrothers\TheSolutionBrothers\Projeto_NFe\NDD.NFe\NDD.NFe.Common.Tests\Features\InvoiceReceivers\ObjectMother.cs" />
        <File uid="5" fullPath="C:\Users\ndduser\Desktop\AcademiaProgramador2018\TheSolutionBrothers\TheSolutionBrothers\Projeto_NFe\NDD.NFe\NDD.NFe.Common.Tests\Features\InvoiceSenders\ObjectMother.cs" />
        <File uid="6" fullPath="C:\Users\ndduser\Desktop\AcademiaProgramador2018\TheSolutionBrothers\TheSolutionBrothers\Projeto_NFe\NDD.NFe\NDD.NFe.Common.Tests\Features\Invoices\ObjectMother.cs" />
        <File uid="7" fullPath="C:\Users\ndduser\Desktop\AcademiaProgramador2018\TheSolutionBrothers\TheSolutionBrothers\Projeto_NFe\NDD.NFe\NDD.NFe.Common.Tests\Features\KeysAccess\ObjectMother.cs" />
        <File uid="8" fullPath="C:\Users\ndduser\Desktop\AcademiaProgramador2018\TheSolutionBrothers\TheSolutionBrothers\Projeto_NFe\NDD.NFe\NDD.NFe.Common.Tests\Features\InvoiceTaxes\ObjectMother.cs" />
        <File uid="9" fullPath="C:\Users\ndduser\Desktop\AcademiaProgramador2018\TheSolutionBrothers\TheSolutionBrothers\Projeto_NFe\NDD.NFe\NDD.NFe.Common.Tests\Features\Receivers\ObjectMother.cs" />
        <File uid="10" fullPath="C:\Users\ndduser\Desktop\AcademiaProgramador2018\TheSolutionBrothers\TheSolutionBrothers\Projeto_NFe\NDD.NFe\NDD.NFe.Common.Tests\Features\Carriers\ObjectMother.cs" />
        <File uid="11" fullPath="C:\Users\ndduser\Desktop\AcademiaProgramador2018\TheSolutionBrothers\TheSolutionBrothers\Projeto_NFe\NDD.NFe\NDD.NFe.Common.Tests\Features\Senders\ObjectMother.cs" />
        <File uid="12" fullPath="C:\Users\ndduser\Desktop\AcademiaProgramador2018\TheSolutionBrothers\TheSolutionBrothers\Projeto_NFe\NDD.NFe\NDD.NFe.Common.Tests\Features\CNPJs\ObjectMother.cs" />
        <File uid="13" fullPath="C:\Users\ndduser\Desktop\AcademiaProgramador2018\TheSolutionBrothers\TheSolutionBrothers\Projeto_NFe\NDD.NFe\NDD.NFe.Common.Tests\Features\CPFs\ObjectMother.cs" />
        <File uid="14" fullPath="C:\Users\ndduser\Desktop\AcademiaProgramador2018\TheSolutionBrothers\TheSolutionBrothers\Projeto_NFe\NDD.NFe\NDD.NFe.Common.Tests\Features\Products\ObjectMother.cs" />
        <File uid="15" fullPath="C:\Users\ndduser\Desktop\AcademiaProgramador2018\TheSolutionBrothers\TheSolutionBrothers\Projeto_NFe\NDD.NFe\NDD.NFe.Common.Tests\Features\TaxProducts\ObjectMother.cs" />
        <File uid="16" fullPath="C:\Users\ndduser\Desktop\AcademiaProgramador2018\TheSolutionBrothers\TheSolutionBrothers\Projeto_NFe\NDD.NFe\NDD.NFe.Common.Tests\Base\BaseSqlTest.cs" />
      </Files>
      <Classes>
        <Class>
          <Summary numSequencePoints="470" visitedSequencePoints="111" numBranchPoints="156" visitedBranchPoints="37" sequenceCoverage="23.62" branchCoverage="23.72" maxCyclomaticComplexity="1" minCyclomaticComplexity="1" maxCrapScore="2" minCrapScore="1" visitedClasses="1" numClasses="1" visitedMethods="37" numMethods="156" />
          <FullName>NDD.NFe.Common.Tests.Features.ObjectMothers.ObjectMother</FullName>
          <Methods>
            <Method visited="true" cyclomaticComplexity="1" nPathComplexity="0" sequenceCoverage="100" branchCoverage="100" crapScore="1" isConstructor="false" isStatic="true" isGetter="false" isSetter="false">
              <Summary numSequencePoints="3" visitedSequencePoints="3" numBranchPoints="1" visitedBranchPoints="1" sequenceCoverage="100" branchCoverage="100" maxCyclomaticComplexity="1" minCyclomaticComplexity="1" maxCrapScore="1" minCrapScore="1" visitedClasses="0" numClasses="0" visitedMethods="1" numMethods="1" />
              <MetadataToken>100663297</MetadataToken>
              <Name>NDD.NFe.Domain.Features.Addresses.Address NDD.NFe.Common.Tests.Features.ObjectMothers.ObjectMother::GetNewValidAddress()</Name>
              <FileRef uid="1" />
              <SequencePoints>
                <SequencePoint vc="32" uspid="1" ordinal="0" offset="0" sl="16" sc="9" el="16" ec="10" bec="0" bev="0" fileid="1" />
                <SequencePoint vc="32" uspid="2" ordinal="1" offset="1" sl="17" sc="13" el="25" ec="15" bec="0" bev="0" fileid="1" />
                <SequencePoint vc="32" uspid="3" ordinal="2" offset="77" sl="26" sc="9" el="26" ec="10" bec="0" bev="0" fileid="1" />
              </SequencePoints>
              <BranchPoints />
              <MethodPoint xsi:type="SequencePoint" vc="32" uspid="1" ordinal="0" offset="0" sl="16" sc="9" el="16" ec="10" bec="0" bev="0" fileid="1" />
            </Method>
            <Method visited="true" cyclomaticComplexity="1" nPathComplexity="0" sequenceCoverage="100" branchCoverage="100" crapScore="1" isConstructor="false" isStatic="true" isGetter="false" isSetter="false">
              <Summary numSequencePoints="3" visitedSequencePoints="3" numBranchPoints="1" visitedBranchPoints="1" sequenceCoverage="100" branchCoverage="100" maxCyclomaticComplexity="1" minCyclomaticComplexity="1" maxCrapScore="1" minCrapScore="1" visitedClasses="0" numClasses="0" visitedMethods="1" numMethods="1" />
              <MetadataToken>100663298</MetadataToken>
              <Name>NDD.NFe.Domain.Features.Addresses.Address NDD.NFe.Common.Tests.Features.ObjectMothers.ObjectMother::GetExistentValidAddress()</Name>
              <FileRef uid="1" />
              <SequencePoints>
                <SequencePoint vc="51" uspid="4" ordinal="0" offset="0" sl="29" sc="9" el="29" ec="10" bec="0" bev="0" fileid="1" />
                <SequencePoint vc="51" uspid="5" ordinal="1" offset="1" sl="30" sc="13" el="39" ec="15" bec="0" bev="0" fileid="1" />
                <SequencePoint vc="51" uspid="6" ordinal="2" offset="86" sl="40" sc="9" el="40" ec="10" bec="0" bev="0" fileid="1" />
              </SequencePoints>
              <BranchPoints />
              <MethodPoint xsi:type="SequencePoint" vc="51" uspid="4" ordinal="0" offset="0" sl="29" sc="9" el="29" ec="10" bec="0" bev="0" fileid="1" />
            </Method>
            <Method visited="false" cyclomaticComplexity="1" nPathComplexity="0" sequenceCoverage="0" branchCoverage="0" crapScore="2" isConstructor="false" isStatic="true" isGetter="false" isSetter="false">
              <Summary numSequencePoints="3" visitedSequencePoints="0" numBranchPoints="1" visitedBranchPoints="0" sequenceCoverage="0" branchCoverage="0" maxCyclomaticComplexity="1" minCyclomaticComplexity="1" maxCrapScore="2" minCrapScore="2" visitedClasses="0" numClasses="0" visitedMethods="0" numMethods="1" />
              <MetadataToken>100663299</MetadataToken>
              <Name>NDD.NFe.Domain.Features.Addresses.Address NDD.NFe.Common.Tests.Features.ObjectMothers.ObjectMother::GetExistentValidAddressWithoutDependency()</Name>
              <FileRef uid="1" />
              <SequencePoints>
                <SequencePoint vc="0" uspid="7" ordinal="0" offset="0" sl="43" sc="9" el="43" ec="10" bec="0" bev="0" fileid="1" />
                <SequencePoint vc="0" uspid="8" ordinal="1" offset="1" sl="44" sc="13" el="53" ec="15" bec="0" bev="0" fileid="1" />
                <SequencePoint vc="0" uspid="9" ordinal="2" offset="86" sl="54" sc="9" el="54" ec="10" bec="0" bev="0" fileid="1" />
              </SequencePoints>
              <BranchPoints />
              <MethodPoint xsi:type="SequencePoint" vc="0" uspid="7" ordinal="0" offset="0" sl="43" sc="9" el="43" ec="10" bec="0" bev="0" fileid="1" />
            </Method>
            <Method visited="false" cyclomaticComplexity="1" nPathComplexity="0" sequenceCoverage="0" branchCoverage="0" crapScore="2" isConstructor="false" isStatic="true" isGetter="false" isSetter="false">
              <Summary numSequencePoints="3" visitedSequencePoints="0" numBranchPoints="1" visitedBranchPoints="0" sequenceCoverage="0" branchCoverage="0" maxCyclomaticComplexity="1" minCyclomaticComplexity="1" maxCrapScore="2" minCrapScore="2" visitedClasses="0" numClasses="0" visitedMethods="0" numMethods="1" />
              <MetadataToken>100663300</MetadataToken>
              <Name>NDD.NFe.Domain.Features.Addresses.Address NDD.NFe.Common.Tests.Features.ObjectMothers.ObjectMother::GetInvalidAddressWithNegativeNumber()</Name>
              <FileRef uid="1" />
              <SequencePoints>
                <SequencePoint vc="0" uspid="10" ordinal="0" offset="0" sl="57" sc="9" el="57" ec="10" bec="0" bev="0" fileid="1" />
                <SequencePoint vc="0" uspid="11" ordinal="1" offset="1" sl="58" sc="13" el="67" ec="15" bec="0" bev="0" fileid="1" />
                <SequencePoint vc="0" uspid="12" ordinal="2" offset="86" sl="68" sc="9" el="68" ec="10" bec="0" bev="0" fileid="1" />
              </SequencePoints>
              <BranchPoints />
              <MethodPoint xsi:type="SequencePoint" vc="0" uspid="10" ordinal="0" offset="0" sl="57" sc="9" el="57" ec="10" bec="0" bev="0" fileid="1" />
            </Method>
            <Method visited="false" cyclomaticComplexity="1" nPathComplexity="0" sequenceCoverage="0" branchCoverage="0" crapScore="2" isConstructor="false" isStatic="true" isGetter="false" isSetter="false">
              <Summary numSequencePoints="3" visitedSequencePoints="0" numBranchPoints="1" visitedBranchPoints="0" sequenceCoverage="0" branchCoverage="0" maxCyclomaticComplexity="1" minCyclomaticComplexity="1" maxCrapScore="2" minCrapScore="2" visitedClasses="0" numClasses="0" visitedMethods="0" numMethods="1" />
              <MetadataToken>100663301</MetadataToken>
              <Name>NDD.NFe.Domain.Features.Addresses.Address NDD.NFe.Common.Tests.Features.ObjectMothers.ObjectMother::GetInvalidAddressWithUninformedStreetName()</Name>
              <FileRef uid="1" />
              <SequencePoints>
                <SequencePoint vc="0" uspid="13" ordinal="0" offset="0" sl="71" sc="9" el="71" ec="10" bec="0" bev="0" fileid="1" />
                <SequencePoint vc="0" uspid="14" ordinal="1" offset="1" sl="72" sc="13" el="80" ec="15" bec="0" bev="0" fileid="1" />
                <SequencePoint vc="0" uspid="15" ordinal="2" offset="73" sl="81" sc="9" el="81" ec="10" bec="0" bev="0" fileid="1" />
              </SequencePoints>
              <BranchPoints />
              <MethodPoint xsi:type="SequencePoint" vc="0" uspid="13" ordinal="0" offset="0" sl="71" sc="9" el="71" ec="10" bec="0" bev="0" fileid="1" />
            </Method>
            <Method visited="false" cyclomaticComplexity="1" nPathComplexity="0" sequenceCoverage="0" branchCoverage="0" crapScore="2" isConstructor="false" isStatic="true" isGetter="false" isSetter="false">
              <Summary numSequencePoints="3" visitedSequencePoints="0" numBranchPoints="1" visitedBranchPoints="0" sequenceCoverage="0" branchCoverage="0" maxCyclomaticComplexity="1" minCyclomaticComplexity="1" maxCrapScore="2" minCrapScore="2" visitedClasses="0" numClasses="0" visitedMethods="0" numMethods="1" />
              <MetadataToken>100663302</MetadataToken>
              <Name>NDD.NFe.Domain.Features.Addresses.Address NDD.NFe.Common.Tests.Features.ObjectMothers.ObjectMother::GetInvalidAddressWithUninformedNeighborhood()</Name>
              <FileRef uid="1" />
              <SequencePoints>
                <SequencePoint vc="0" uspid="16" ordinal="0" offset="0" sl="84" sc="9" el="84" ec="10" bec="0" bev="0" fileid="1" />
                <SequencePoint vc="0" uspid="17" ordinal="1" offset="1" sl="85" sc="13" el="93" ec="15" bec="0" bev="0" fileid="1" />
                <SequencePoint vc="0" uspid="18" ordinal="2" offset="73" sl="94" sc="9" el="94" ec="10" bec="0" bev="0" fileid="1" />
              </SequencePoints>
              <BranchPoints />
              <MethodPoint xsi:type="SequencePoint" vc="0" uspid="16" ordinal="0" offset="0" sl="84" sc="9" el="84" ec="10" bec="0" bev="0" fileid="1" />
            </Method>
            <Method visited="true" cyclomaticComplexity="1" nPathComplexity="0" sequenceCoverage="100" branchCoverage="100" crapScore="1" isConstructor="false" isStatic="true" isGetter="false" isSetter="false">
              <Summary numSequencePoints="3" visitedSequencePoints="3" numBranchPoints="1" visitedBranchPoints="1" sequenceCoverage="100" branchCoverage="100" maxCyclomaticComplexity="1" minCyclomaticComplexity="1" maxCrapScore="1" minCrapScore="1" visitedClasses="0" numClasses="0" visitedMethods="1" numMethods="1" />
              <MetadataToken>100663303</MetadataToken>
              <Name>NDD.NFe.Domain.Features.Addresses.Address NDD.NFe.Common.Tests.Features.ObjectMothers.ObjectMother::GetInvalidAddressWithUninformedCity()</Name>
              <FileRef uid="1" />
              <SequencePoints>
                <SequencePoint vc="6" uspid="19" ordinal="0" offset="0" sl="97" sc="9" el="97" ec="10" bec="0" bev="0" fileid="1" />
                <SequencePoint vc="6" uspid="20" ordinal="1" offset="1" sl="98" sc="13" el="107" ec="15" bec="0" bev="0" fileid="1" />
                <SequencePoint vc="6" uspid="21" ordinal="2" offset="82" sl="108" sc="9" el="108" ec="10" bec="0" bev="0" fileid="1" />
              </SequencePoints>
              <BranchPoints />
              <MethodPoint xsi:type="SequencePoint" vc="6" uspid="19" ordinal="0" offset="0" sl="97" sc="9" el="97" ec="10" bec="0" bev="0" fileid="1" />
            </Method>
            <Method visited="false" cyclomaticComplexity="1" nPathComplexity="0" sequenceCoverage="0" branchCoverage="0" crapScore="2" isConstructor="false" isStatic="true" isGetter="false" isSetter="false">
              <Summary numSequencePoints="3" visitedSequencePoints="0" numBranchPoints="1" visitedBranchPoints="0" sequenceCoverage="0" branchCoverage="0" maxCyclomaticComplexity="1" minCyclomaticComplexity="1" maxCrapScore="2" minCrapScore="2" visitedClasses="0" numClasses="0" visitedMethods="0" numMethods="1" />
              <MetadataToken>100663304</MetadataToken>
              <Name>NDD.NFe.Domain.Features.Addresses.Address NDD.NFe.Common.Tests.Features.ObjectMothers.ObjectMother::GetInvalidAddressWithUninformedState()</Name>
              <FileRef uid="1" />
              <SequencePoints>
                <SequencePoint vc="0" uspid="22" ordinal="0" offset="0" sl="111" sc="9" el="111" ec="10" bec="0" bev="0" fileid="1" />
                <SequencePoint vc="0" uspid="23" ordinal="1" offset="1" sl="112" sc="13" el="120" ec="15" bec="0" bev="0" fileid="1" />
                <SequencePoint vc="0" uspid="24" ordinal="2" offset="73" sl="121" sc="9" el="121" ec="10" bec="0" bev="0" fileid="1" />
              </SequencePoints>
              <BranchPoints />
              <MethodPoint xsi:type="SequencePoint" vc="0" uspid="22" ordinal="0" offset="0" sl="111" sc="9" el="111" ec="10" bec="0" bev="0" fileid="1" />
            </Method>
            <Method visited="false" cyclomaticComplexity="1" nPathComplexity="0" sequenceCoverage="0" branchCoverage="0" crapScore="2" isConstructor="false" isStatic="true" isGetter="false" isSetter="false">
              <Summary numSequencePoints="3" visitedSequencePoints="0" numBranchPoints="1" visitedBranchPoints="0" sequenceCoverage="0" branchCoverage="0" maxCyclomaticComplexity="1" minCyclomaticComplexity="1" maxCrapScore="2" minCrapScore="2" visitedClasses="0" numClasses="0" visitedMethods="0" numMethods="1" />
              <MetadataToken>100663305</MetadataToken>
              <Name>NDD.NFe.Domain.Features.Addresses.Address NDD.NFe.Common.Tests.Features.ObjectMothers.ObjectMother::GetInvalidAddressWithUninformedCountry()</Name>
              <FileRef uid="1" />
              <SequencePoints>
                <SequencePoint vc="0" uspid="25" ordinal="0" offset="0" sl="124" sc="9" el="124" ec="10" bec="0" bev="0" fileid="1" />
                <SequencePoint vc="0" uspid="26" ordinal="1" offset="1" sl="125" sc="13" el="133" ec="15" bec="0" bev="0" fileid="1" />
                <SequencePoint vc="0" uspid="27" ordinal="2" offset="73" sl="134" sc="9" el="134" ec="10" bec="0" bev="0" fileid="1" />
              </SequencePoints>
              <BranchPoints />
              <MethodPoint xsi:type="SequencePoint" vc="0" uspid="25" ordinal="0" offset="0" sl="124" sc="9" el="124" ec="10" bec="0" bev="0" fileid="1" />
            </Method>
            <Method visited="false" cyclomaticComplexity="1" nPathComplexity="0" sequenceCoverage="0" branchCoverage="0" crapScore="2" isConstructor="false" isStatic="true" isGetter="false" isSetter="false">
              <Summary numSequencePoints="3" visitedSequencePoints="0" numBranchPoints="1" visitedBranchPoints="0" sequenceCoverage="0" branchCoverage="0" maxCyclomaticComplexity="1" minCyclomaticComplexity="1" maxCrapScore="2" minCrapScore="2" visitedClasses="0" numClasses="0" visitedMethods="0" numMethods="1" />
              <MetadataToken>100663306</MetadataToken>
              <Name>NDD.NFe.Domain.Features.Addresses.Address NDD.NFe.Common.Tests.Features.ObjectMothers.ObjectMother::GetInvalidAddressWithStreetNameLengthOverflow()</Name>
              <FileRef uid="1" />
              <SequencePoints>
                <SequencePoint vc="0" uspid="28" ordinal="0" offset="0" sl="137" sc="9" el="137" ec="10" bec="0" bev="0" fileid="1" />
                <SequencePoint vc="0" uspid="29" ordinal="1" offset="1" sl="138" sc="13" el="146" ec="15" bec="0" bev="0" fileid="1" />
                <SequencePoint vc="0" uspid="30" ordinal="2" offset="77" sl="147" sc="9" el="147" ec="10" bec="0" bev="0" fileid="1" />
              </SequencePoints>
              <BranchPoints />
              <MethodPoint xsi:type="SequencePoint" vc="0" uspid="28" ordinal="0" offset="0" sl="137" sc="9" el="137" ec="10" bec="0" bev="0" fileid="1" />
            </Method>
            <Method visited="false" cyclomaticComplexity="1" nPathComplexity="0" sequenceCoverage="0" branchCoverage="0" crapScore="2" isConstructor="false" isStatic="true" isGetter="false" isSetter="false">
              <Summary numSequencePoints="3" visitedSequencePoints="0" numBranchPoints="1" visitedBranchPoints="0" sequenceCoverage="0" branchCoverage="0" maxCyclomaticComplexity="1" minCyclomaticComplexity="1" maxCrapScore="2" minCrapScore="2" visitedClasses="0" numClasses="0" visitedMethods="0" numMethods="1" />
              <MetadataToken>100663307</MetadataToken>
              <Name>NDD.NFe.Domain.Features.Addresses.Address NDD.NFe.Common.Tests.Features.ObjectMothers.ObjectMother::GetInvalidAddressWithNeighborhoodNameLengthOverflow()</Name>
              <FileRef uid="1" />
              <SequencePoints>
                <SequencePoint vc="0" uspid="31" ordinal="0" offset="0" sl="150" sc="9" el="150" ec="10" bec="0" bev="0" fileid="1" />
                <SequencePoint vc="0" uspid="32" ordinal="1" offset="1" sl="151" sc="13" el="159" ec="15" bec="0" bev="0" fileid="1" />
                <SequencePoint vc="0" uspid="33" ordinal="2" offset="77" sl="160" sc="9" el="160" ec="10" bec="0" bev="0" fileid="1" />
              </SequencePoints>
              <BranchPoints />
              <MethodPoint xsi:type="SequencePoint" vc="0" uspid="31" ordinal="0" offset="0" sl="150" sc="9" el="150" ec="10" bec="0" bev="0" fileid="1" />
            </Method>
            <Method visited="false" cyclomaticComplexity="1" nPathComplexity="0" sequenceCoverage="0" branchCoverage="0" crapScore="2" isConstructor="false" isStatic="true" isGetter="false" isSetter="false">
              <Summary numSequencePoints="3" visitedSequencePoints="0" numBranchPoints="1" visitedBranchPoints="0" sequenceCoverage="0" branchCoverage="0" maxCyclomaticComplexity="1" minCyclomaticComplexity="1" maxCrapScore="2" minCrapScore="2" visitedClasses="0" numClasses="0" visitedMethods="0" numMethods="1" />
              <MetadataToken>100663308</MetadataToken>
              <Name>NDD.NFe.Domain.Features.Addresses.Address NDD.NFe.Common.Tests.Features.ObjectMothers.ObjectMother::GetInvalidAddressWithCityNameLengthOverflow()</Name>
              <FileRef uid="1" />
              <SequencePoints>
                <SequencePoint vc="0" uspid="34" ordinal="0" offset="0" sl="163" sc="9" el="163" ec="10" bec="0" bev="0" fileid="1" />
                <SequencePoint vc="0" uspid="35" ordinal="1" offset="1" sl="164" sc="13" el="172" ec="15" bec="0" bev="0" fileid="1" />
                <SequencePoint vc="0" uspid="36" ordinal="2" offset="77" sl="173" sc="9" el="173" ec="10" bec="0" bev="0" fileid="1" />
              </SequencePoints>
              <BranchPoints />
              <MethodPoint xsi:type="SequencePoint" vc="0" uspid="34" ordinal="0" offset="0" sl="163" sc="9" el="163" ec="10" bec="0" bev="0" fileid="1" />
            </Method>
            <Method visited="false" cyclomaticComplexity="1" nPathComplexity="0" sequenceCoverage="0" branchCoverage="0" crapScore="2" isConstructor="false" isStatic="true" isGetter="false" isSetter="false">
              <Summary numSequencePoints="3" visitedSequencePoints="0" numBranchPoints="1" visitedBranchPoints="0" sequenceCoverage="0" branchCoverage="0" maxCyclomaticComplexity="1" minCyclomaticComplexity="1" maxCrapScore="2" minCrapScore="2" visitedClasses="0" numClasses="0" visitedMethods="0" numMethods="1" />
              <MetadataToken>100663309</MetadataToken>
              <Name>NDD.NFe.Domain.Features.Addresses.Address NDD.NFe.Common.Tests.Features.ObjectMothers.ObjectMother::GetInvalidAddressWithStateNameLengthOverflow()</Name>
              <FileRef uid="1" />
              <SequencePoints>
                <SequencePoint vc="0" uspid="37" ordinal="0" offset="0" sl="176" sc="9" el="176" ec="10" bec="0" bev="0" fileid="1" />
                <SequencePoint vc="0" uspid="38" ordinal="1" offset="1" sl="177" sc="13" el="185" ec="15" bec="0" bev="0" fileid="1" />
                <SequencePoint vc="0" uspid="39" ordinal="2" offset="77" sl="186" sc="9" el="186" ec="10" bec="0" bev="0" fileid="1" />
              </SequencePoints>
              <BranchPoints />
              <MethodPoint xsi:type="SequencePoint" vc="0" uspid="37" ordinal="0" offset="0" sl="176" sc="9" el="176" ec="10" bec="0" bev="0" fileid="1" />
            </Method>
            <Method visited="false" cyclomaticComplexity="1" nPathComplexity="0" sequenceCoverage="0" branchCoverage="0" crapScore="2" isConstructor="false" isStatic="true" isGetter="false" isSetter="false">
              <Summary numSequencePoints="3" visitedSequencePoints="0" numBranchPoints="1" visitedBranchPoints="0" sequenceCoverage="0" branchCoverage="0" maxCyclomaticComplexity="1" minCyclomaticComplexity="1" maxCrapScore="2" minCrapScore="2" visitedClasses="0" numClasses="0" visitedMethods="0" numMethods="1" />
              <MetadataToken>100663310</MetadataToken>
              <Name>NDD.NFe.Domain.Features.Addresses.Address NDD.NFe.Common.Tests.Features.ObjectMothers.ObjectMother::GetInvalidAddressWithCountryNameLengthOverflow()</Name>
              <FileRef uid="1" />
              <SequencePoints>
                <SequencePoint vc="0" uspid="40" ordinal="0" offset="0" sl="189" sc="9" el="189" ec="10" bec="0" bev="0" fileid="1" />
                <SequencePoint vc="0" uspid="41" ordinal="1" offset="1" sl="190" sc="13" el="198" ec="15" bec="0" bev="0" fileid="1" />
                <SequencePoint vc="0" uspid="42" ordinal="2" offset="77" sl="199" sc="9" el="199" ec="10" bec="0" bev="0" fileid="1" />
              </SequencePoints>
              <BranchPoints />
              <MethodPoint xsi:type="SequencePoint" vc="0" uspid="40" ordinal="0" offset="0" sl="189" sc="9" el="189" ec="10" bec="0" bev="0" fileid="1" />
            </Method>
            <Method visited="false" cyclomaticComplexity="1" nPathComplexity="0" sequenceCoverage="0" branchCoverage="0" crapScore="2" isConstructor="false" isStatic="true" isGetter="false" isSetter="false">
              <Summary numSequencePoints="3" visitedSequencePoints="0" numBranchPoints="1" visitedBranchPoints="0" sequenceCoverage="0" branchCoverage="0" maxCyclomaticComplexity="1" minCyclomaticComplexity="1" maxCrapScore="2" minCrapScore="2" visitedClasses="0" numClasses="0" visitedMethods="0" numMethods="1" />
              <MetadataToken>100663311</MetadataToken>
              <Name>NDD.NFe.Domain.Features.InvoiceCarriers.InvoiceCarrier NDD.NFe.Common.Tests.Features.ObjectMothers.ObjectMother::GetNewValidInvoiceCarrier(NDD.NFe.Domain.Features.Invoices.Invoice)</Name>
              <FileRef uid="2" />
              <SequencePoints>
                <SequencePoint vc="0" uspid="43" ordinal="0" offset="0" sl="11" sc="9" el="11" ec="10" bec="0" bev="0" fileid="2" />
                <SequencePoint vc="0" uspid="44" ordinal="1" offset="1" sl="12" sc="13" el="15" ec="15" bec="0" bev="0" fileid="2" />
                <SequencePoint vc="0" uspid="45" ordinal="2" offset="17" sl="17" sc="9" el="17" ec="10" bec="0" bev="0" fileid="2" />
              </SequencePoints>
              <BranchPoints />
              <MethodPoint xsi:type="SequencePoint" vc="0" uspid="43" ordinal="0" offset="0" sl="11" sc="9" el="11" ec="10" bec="0" bev="0" fileid="2" />
            </Method>
            <Method visited="false" cyclomaticComplexity="1" nPathComplexity="0" sequenceCoverage="0" branchCoverage="0" crapScore="2" isConstructor="false" isStatic="true" isGetter="false" isSetter="false">
              <Summary numSequencePoints="3" visitedSequencePoints="0" numBranchPoints="1" visitedBranchPoints="0" sequenceCoverage="0" branchCoverage="0" maxCyclomaticComplexity="1" minCyclomaticComplexity="1" maxCrapScore="2" minCrapScore="2" visitedClasses="0" numClasses="0" visitedMethods="0" numMethods="1" />
              <MetadataToken>100663312</MetadataToken>
              <Name>NDD.NFe.Domain.Features.InvoiceCarriers.InvoiceCarrier NDD.NFe.Common.Tests.Features.ObjectMothers.ObjectMother::GetNewValidInvoiceCarrier(NDD.NFe.Domain.Features.Carriers.Carrier,NDD.NFe.Domain.Features.Invoices.Invoice)</Name>
              <FileRef uid="2" />
              <SequencePoints>
                <SequencePoint vc="0" uspid="46" ordinal="0" offset="0" sl="20" sc="9" el="20" ec="10" bec="0" bev="0" fileid="2" />
                <SequencePoint vc="0" uspid="47" ordinal="1" offset="1" sl="21" sc="13" el="25" ec="15" bec="0" bev="0" fileid="2" />
                <SequencePoint vc="0" uspid="48" ordinal="2" offset="25" sl="27" sc="9" el="27" ec="10" bec="0" bev="0" fileid="2" />
              </SequencePoints>
              <BranchPoints />
              <MethodPoint xsi:type="SequencePoint" vc="0" uspid="46" ordinal="0" offset="0" sl="20" sc="9" el="20" ec="10" bec="0" bev="0" fileid="2" />
            </Method>
            <Method visited="true" cyclomaticComplexity="1" nPathComplexity="0" sequenceCoverage="100" branchCoverage="100" crapScore="1" isConstructor="false" isStatic="true" isGetter="false" isSetter="false">
              <Summary numSequencePoints="3" visitedSequencePoints="3" numBranchPoints="1" visitedBranchPoints="1" sequenceCoverage="100" branchCoverage="100" maxCyclomaticComplexity="1" minCyclomaticComplexity="1" maxCrapScore="1" minCrapScore="1" visitedClasses="0" numClasses="0" visitedMethods="1" numMethods="1" />
              <MetadataToken>100663313</MetadataToken>
              <Name>NDD.NFe.Domain.Features.InvoiceCarriers.InvoiceCarrier NDD.NFe.Common.Tests.Features.ObjectMothers.ObjectMother::GetExistentInvoiceCarrier(NDD.NFe.Domain.Features.Carriers.Carrier,NDD.NFe.Domain.Features.Invoices.Invoice)</Name>
              <FileRef uid="2" />
              <SequencePoints>
                <SequencePoint vc="24" uspid="49" ordinal="0" offset="0" sl="30" sc="9" el="30" ec="10" bec="0" bev="0" fileid="2" />
                <SequencePoint vc="24" uspid="50" ordinal="1" offset="1" sl="31" sc="13" el="35" ec="15" bec="0" bev="0" fileid="2" />
                <SequencePoint vc="24" uspid="51" ordinal="2" offset="34" sl="36" sc="9" el="36" ec="10" bec="0" bev="0" fileid="2" />
              </SequencePoints>
              <BranchPoints />
              <MethodPoint xsi:type="SequencePoint" vc="24" uspid="49" ordinal="0" offset="0" sl="30" sc="9" el="30" ec="10" bec="0" bev="0" fileid="2" />
            </Method>
            <Method visited="false" cyclomaticComplexity="1" nPathComplexity="0" sequenceCoverage="0" branchCoverage="0" crapScore="2" isConstructor="false" isStatic="true" isGetter="false" isSetter="false">
              <Summary numSequencePoints="3" visitedSequencePoints="0" numBranchPoints="1" visitedBranchPoints="0" sequenceCoverage="0" branchCoverage="0" maxCyclomaticComplexity="1" minCyclomaticComplexity="1" maxCrapScore="2" minCrapScore="2" visitedClasses="0" numClasses="0" visitedMethods="0" numMethods="1" />
              <MetadataToken>100663314</MetadataToken>
              <Name>NDD.NFe.Domain.Features.InvoiceCarriers.InvoiceCarrier NDD.NFe.Common.Tests.Features.ObjectMothers.ObjectMother::GetInvalidInvoiceCarrierWithNullCarrier(NDD.NFe.Domain.Features.Carriers.Carrier,NDD.NFe.Domain.Features.Invoices.Invoice)</Name>
              <FileRef uid="2" />
              <SequencePoints>
                <SequencePoint vc="0" uspid="52" ordinal="0" offset="0" sl="39" sc="9" el="39" ec="10" bec="0" bev="0" fileid="2" />
                <SequencePoint vc="0" uspid="53" ordinal="1" offset="1" sl="40" sc="13" el="45" ec="15" bec="0" bev="0" fileid="2" />
                <SequencePoint vc="0" uspid="54" ordinal="2" offset="25" sl="46" sc="9" el="46" ec="10" bec="0" bev="0" fileid="2" />
              </SequencePoints>
              <BranchPoints />
              <MethodPoint xsi:type="SequencePoint" vc="0" uspid="52" ordinal="0" offset="0" sl="39" sc="9" el="39" ec="10" bec="0" bev="0" fileid="2" />
            </Method>
            <Method visited="false" cyclomaticComplexity="1" nPathComplexity="0" sequenceCoverage="0" branchCoverage="0" crapScore="2" isConstructor="false" isStatic="true" isGetter="false" isSetter="false">
              <Summary numSequencePoints="3" visitedSequencePoints="0" numBranchPoints="1" visitedBranchPoints="0" sequenceCoverage="0" branchCoverage="0" maxCyclomaticComplexity="1" minCyclomaticComplexity="1" maxCrapScore="2" minCrapScore="2" visitedClasses="0" numClasses="0" visitedMethods="0" numMethods="1" />
              <MetadataToken>100663315</MetadataToken>
              <Name>NDD.NFe.Domain.Features.InvoiceCarriers.InvoiceCarrier NDD.NFe.Common.Tests.Features.ObjectMothers.ObjectMother::GetInvalidInvoiceCarrierWithNullInvoice(NDD.NFe.Domain.Features.Carriers.Carrier,NDD.NFe.Domain.Features.Invoices.Invoice)</Name>
              <FileRef uid="2" />
              <SequencePoints>
                <SequencePoint vc="0" uspid="55" ordinal="0" offset="0" sl="48" sc="9" el="48" ec="10" bec="0" bev="0" fileid="2" />
                <SequencePoint vc="0" uspid="56" ordinal="1" offset="1" sl="49" sc="13" el="54" ec="15" bec="0" bev="0" fileid="2" />
                <SequencePoint vc="0" uspid="57" ordinal="2" offset="25" sl="55" sc="9" el="55" ec="10" bec="0" bev="0" fileid="2" />
              </SequencePoints>
              <BranchPoints />
              <MethodPoint xsi:type="SequencePoint" vc="0" uspid="55" ordinal="0" offset="0" sl="48" sc="9" el="48" ec="10" bec="0" bev="0" fileid="2" />
            </Method>
            <Method visited="false" cyclomaticComplexity="1" nPathComplexity="0" sequenceCoverage="0" branchCoverage="0" crapScore="2" isConstructor="false" isStatic="true" isGetter="false" isSetter="false">
              <Summary numSequencePoints="3" visitedSequencePoints="0" numBranchPoints="1" visitedBranchPoints="0" sequenceCoverage="0" branchCoverage="0" maxCyclomaticComplexity="1" minCyclomaticComplexity="1" maxCrapScore="2" minCrapScore="2" visitedClasses="0" numClasses="0" visitedMethods="0" numMethods="1" />
              <MetadataToken>100663316</MetadataToken>
              <Name>NDD.NFe.Domain.Features.InvoiceCarriers.InvoiceCarrier NDD.NFe.Common.Tests.Features.ObjectMothers.ObjectMother::GetInvalidInvoiceCarrierWithInvalidCarrier(NDD.NFe.Domain.Features.Carriers.Carrier,NDD.NFe.Domain.Features.Invoices.Invoice)</Name>
              <FileRef uid="2" />
              <SequencePoints>
                <SequencePoint vc="0" uspid="58" ordinal="0" offset="0" sl="58" sc="9" el="58" ec="10" bec="0" bev="0" fileid="2" />
                <SequencePoint vc="0" uspid="59" ordinal="1" offset="1" sl="59" sc="13" el="64" ec="15" bec="0" bev="0" fileid="2" />
                <SequencePoint vc="0" uspid="60" ordinal="2" offset="34" sl="65" sc="9" el="65" ec="10" bec="0" bev="0" fileid="2" />
              </SequencePoints>
              <BranchPoints />
              <MethodPoint xsi:type="SequencePoint" vc="0" uspid="58" ordinal="0" offset="0" sl="58" sc="9" el="58" ec="10" bec="0" bev="0" fileid="2" />
            </Method>
            <Method visited="false" cyclomaticComplexity="1" nPathComplexity="0" sequenceCoverage="0" branchCoverage="0" crapScore="2" isConstructor="false" isStatic="true" isGetter="false" isSetter="false">
              <Summary numSequencePoints="3" visitedSequencePoints="0" numBranchPoints="1" visitedBranchPoints="0" sequenceCoverage="0" branchCoverage="0" maxCyclomaticComplexity="1" minCyclomaticComplexity="1" maxCrapScore="2" minCrapScore="2" visitedClasses="0" numClasses="0" visitedMethods="0" numMethods="1" />
              <MetadataToken>100663317</MetadataToken>
              <Name>NDD.NFe.Domain.Features.InvoiceItems.InvoiceItem NDD.NFe.Common.Tests.Features.ObjectMothers.ObjectMother::GetNewInvoiceItemOk(NDD.NFe.Domain.Features.Invoices.Invoice,NDD.NFe.Domain.Features.Products.Product)</Name>
              <FileRef uid="3" />
              <SequencePoints>
                <SequencePoint vc="0" uspid="61" ordinal="0" offset="0" sl="16" sc="9" el="16" ec="10" bec="0" bev="0" fileid="3" />
                <SequencePoint vc="0" uspid="62" ordinal="1" offset="1" sl="17" sc="13" el="22" ec="15" bec="0" bev="0" fileid="3" />
                <SequencePoint vc="0" uspid="63" ordinal="2" offset="34" sl="23" sc="9" el="23" ec="10" bec="0" bev="0" fileid="3" />
              </SequencePoints>
              <BranchPoints />
              <MethodPoint xsi:type="SequencePoint" vc="0" uspid="61" ordinal="0" offset="0" sl="16" sc="9" el="16" ec="10" bec="0" bev="0" fileid="3" />
            </Method>
            <Method visited="false" cyclomaticComplexity="1" nPathComplexity="0" sequenceCoverage="0" branchCoverage="0" crapScore="2" isConstructor="false" isStatic="true" isGetter="false" isSetter="false">
              <Summary numSequencePoints="3" visitedSequencePoints="0" numBranchPoints="1" visitedBranchPoints="0" sequenceCoverage="0" branchCoverage="0" maxCyclomaticComplexity="1" minCyclomaticComplexity="1" maxCrapScore="2" minCrapScore="2" visitedClasses="0" numClasses="0" visitedMethods="0" numMethods="1" />
              <MetadataToken>100663318</MetadataToken>
              <Name>NDD.NFe.Domain.Features.InvoiceItems.InvoiceItem NDD.NFe.Common.Tests.Features.ObjectMothers.ObjectMother::GetExistentInvoinceItemOk(NDD.NFe.Domain.Features.Invoices.Invoice,NDD.NFe.Domain.Features.Products.Product)</Name>
              <FileRef uid="3" />
              <SequencePoints>
                <SequencePoint vc="0" uspid="64" ordinal="0" offset="0" sl="26" sc="9" el="26" ec="10" bec="0" bev="0" fileid="3" />
                <SequencePoint vc="0" uspid="65" ordinal="1" offset="1" sl="27" sc="13" el="33" ec="15" bec="0" bev="0" fileid="3" />
                <SequencePoint vc="0" uspid="66" ordinal="2" offset="43" sl="34" sc="9" el="34" ec="10" bec="0" bev="0" fileid="3" />
              </SequencePoints>
              <BranchPoints />
              <MethodPoint xsi:type="SequencePoint" vc="0" uspid="64" ordinal="0" offset="0" sl="26" sc="9" el="26" ec="10" bec="0" bev="0" fileid="3" />
            </Method>
            <Method visited="true" cyclomaticComplexity="1" nPathComplexity="0" sequenceCoverage="100" branchCoverage="100" crapScore="1" isConstructor="false" isStatic="true" isGetter="false" isSetter="false">
              <Summary numSequencePoints="3" visitedSequencePoints="3" numBranchPoints="1" visitedBranchPoints="1" sequenceCoverage="100" branchCoverage="100" maxCyclomaticComplexity="1" minCyclomaticComplexity="1" maxCrapScore="1" minCrapScore="1" visitedClasses="0" numClasses="0" visitedMethods="1" numMethods="1" />
              <MetadataToken>100663319</MetadataToken>
              <Name>NDD.NFe.Domain.Features.InvoiceItems.InvoiceItem NDD.NFe.Common.Tests.Features.ObjectMothers.ObjectMother::GetExistentInvoinceItemOk(NDD.NFe.Domain.Features.Products.Product,NDD.NFe.Domain.Features.Invoices.Invoice)</Name>
              <FileRef uid="3" />
              <SequencePoints>
                <SequencePoint vc="24" uspid="67" ordinal="0" offset="0" sl="37" sc="9" el="37" ec="10" bec="0" bev="0" fileid="3" />
                <SequencePoint vc="24" uspid="68" ordinal="1" offset="1" sl="38" sc="13" el="44" ec="15" bec="0" bev="0" fileid="3" />
                <SequencePoint vc="24" uspid="69" ordinal="2" offset="43" sl="45" sc="9" el="45" ec="10" bec="0" bev="0" fileid="3" />
              </SequencePoints>
              <BranchPoints />
              <MethodPoint xsi:type="SequencePoint" vc="24" uspid="67" ordinal="0" offset="0" sl="37" sc="9" el="37" ec="10" bec="0" bev="0" fileid="3" />
            </Method>
            <Method visited="false" cyclomaticComplexity="1" nPathComplexity="0" sequenceCoverage="0" branchCoverage="0" crapScore="2" isConstructor="false" isStatic="true" isGetter="false" isSetter="false">
              <Summary numSequencePoints="3" visitedSequencePoints="0" numBranchPoints="1" visitedBranchPoints="0" sequenceCoverage="0" branchCoverage="0" maxCyclomaticComplexity="1" minCyclomaticComplexity="1" maxCrapScore="2" minCrapScore="2" visitedClasses="0" numClasses="0" visitedMethods="0" numMethods="1" />
              <MetadataToken>100663320</MetadataToken>
              <Name>NDD.NFe.Domain.Features.InvoiceItems.InvoiceItem NDD.NFe.Common.Tests.Features.ObjectMothers.ObjectMother::GetInvalidInvoiceItemWithUninformedAmount(NDD.NFe.Domain.Features.Invoices.Invoice,NDD.NFe.Domain.Features.Products.Product)</Name>
              <FileRef uid="3" />
              <SequencePoints>
                <SequencePoint vc="0" uspid="70" ordinal="0" offset="0" sl="48" sc="9" el="48" ec="10" bec="0" bev="0" fileid="3" />
                <SequencePoint vc="0" uspid="71" ordinal="1" offset="1" sl="49" sc="13" el="54" ec="15" bec="0" bev="0" fileid="3" />
                <SequencePoint vc="0" uspid="72" ordinal="2" offset="34" sl="55" sc="9" el="55" ec="10" bec="0" bev="0" fileid="3" />
              </SequencePoints>
              <BranchPoints />
              <MethodPoint xsi:type="SequencePoint" vc="0" uspid="70" ordinal="0" offset="0" sl="48" sc="9" el="48" ec="10" bec="0" bev="0" fileid="3" />
            </Method>
            <Method visited="false" cyclomaticComplexity="1" nPathComplexity="0" sequenceCoverage="0" branchCoverage="0" crapScore="2" isConstructor="false" isStatic="true" isGetter="false" isSetter="false">
              <Summary numSequencePoints="3" visitedSequencePoints="0" numBranchPoints="1" visitedBranchPoints="0" sequenceCoverage="0" branchCoverage="0" maxCyclomaticComplexity="1" minCyclomaticComplexity="1" maxCrapScore="2" minCrapScore="2" visitedClasses="0" numClasses="0" visitedMethods="0" numMethods="1" />
              <MetadataToken>100663321</MetadataToken>
              <Name>NDD.NFe.Domain.Features.InvoiceItems.InvoiceItem NDD.NFe.Common.Tests.Features.ObjectMothers.ObjectMother::GetInvalidInvoiceItemWithInvalidAmount(NDD.NFe.Domain.Features.Invoices.Invoice,NDD.NFe.Domain.Features.Products.Product)</Name>
              <FileRef uid="3" />
              <SequencePoints>
                <SequencePoint vc="0" uspid="73" ordinal="0" offset="0" sl="58" sc="9" el="58" ec="10" bec="0" bev="0" fileid="3" />
                <SequencePoint vc="0" uspid="74" ordinal="1" offset="1" sl="59" sc="13" el="64" ec="15" bec="0" bev="0" fileid="3" />
                <SequencePoint vc="0" uspid="75" ordinal="2" offset="34" sl="65" sc="9" el="65" ec="10" bec="0" bev="0" fileid="3" />
              </SequencePoints>
              <BranchPoints />
              <MethodPoint xsi:type="SequencePoint" vc="0" uspid="73" ordinal="0" offset="0" sl="58" sc="9" el="58" ec="10" bec="0" bev="0" fileid="3" />
            </Method>
            <Method visited="false" cyclomaticComplexity="1" nPathComplexity="0" sequenceCoverage="0" branchCoverage="0" crapScore="2" isConstructor="false" isStatic="true" isGetter="false" isSetter="false">
              <Summary numSequencePoints="3" visitedSequencePoints="0" numBranchPoints="1" visitedBranchPoints="0" sequenceCoverage="0" branchCoverage="0" maxCyclomaticComplexity="1" minCyclomaticComplexity="1" maxCrapScore="2" minCrapScore="2" visitedClasses="0" numClasses="0" visitedMethods="0" numMethods="1" />
              <MetadataToken>100663322</MetadataToken>
              <Name>NDD.NFe.Domain.Features.InvoiceItems.InvoiceItem NDD.NFe.Common.Tests.Features.ObjectMothers.ObjectMother::GetInvalidInvoiceItemWithInvoiceNull(NDD.NFe.Domain.Features.Products.Product)</Name>
              <FileRef uid="3" />
              <SequencePoints>
                <SequencePoint vc="0" uspid="76" ordinal="0" offset="0" sl="68" sc="9" el="68" ec="10" bec="0" bev="0" fileid="3" />
                <SequencePoint vc="0" uspid="77" ordinal="1" offset="1" sl="69" sc="13" el="74" ec="15" bec="0" bev="0" fileid="3" />
                <SequencePoint vc="0" uspid="78" ordinal="2" offset="34" sl="75" sc="9" el="75" ec="10" bec="0" bev="0" fileid="3" />
              </SequencePoints>
              <BranchPoints />
              <MethodPoint xsi:type="SequencePoint" vc="0" uspid="76" ordinal="0" offset="0" sl="68" sc="9" el="68" ec="10" bec="0" bev="0" fileid="3" />
            </Method>
            <Method visited="false" cyclomaticComplexity="1" nPathComplexity="0" sequenceCoverage="0" branchCoverage="0" crapScore="2" isConstructor="false" isStatic="true" isGetter="false" isSetter="false">
              <Summary numSequencePoints="3" visitedSequencePoints="0" numBranchPoints="1" visitedBranchPoints="0" sequenceCoverage="0" branchCoverage="0" maxCyclomaticComplexity="1" minCyclomaticComplexity="1" maxCrapScore="2" minCrapScore="2" visitedClasses="0" numClasses="0" visitedMethods="0" numMethods="1" />
              <MetadataToken>100663323</MetadataToken>
              <Name>NDD.NFe.Domain.Features.InvoiceItems.InvoiceItem NDD.NFe.Common.Tests.Features.ObjectMothers.ObjectMother::GetInvalidInvoiceItemWithProductNull(NDD.NFe.Domain.Features.Invoices.Invoice)</Name>
              <FileRef uid="3" />
              <SequencePoints>
                <SequencePoint vc="0" uspid="79" ordinal="0" offset="0" sl="78" sc="9" el="78" ec="10" bec="0" bev="0" fileid="3" />
                <SequencePoint vc="0" uspid="80" ordinal="1" offset="1" sl="79" sc="13" el="84" ec="15" bec="0" bev="0" fileid="3" />
                <SequencePoint vc="0" uspid="81" ordinal="2" offset="34" sl="85" sc="9" el="85" ec="10" bec="0" bev="0" fileid="3" />
              </SequencePoints>
              <BranchPoints />
              <MethodPoint xsi:type="SequencePoint" vc="0" uspid="79" ordinal="0" offset="0" sl="78" sc="9" el="78" ec="10" bec="0" bev="0" fileid="3" />
            </Method>
            <Method visited="false" cyclomaticComplexity="1" nPathComplexity="0" sequenceCoverage="0" branchCoverage="0" crapScore="2" isConstructor="false" isStatic="true" isGetter="false" isSetter="false">
              <Summary numSequencePoints="3" visitedSequencePoints="0" numBranchPoints="1" visitedBranchPoints="0" sequenceCoverage="0" branchCoverage="0" maxCyclomaticComplexity="1" minCyclomaticComplexity="1" maxCrapScore="2" minCrapScore="2" visitedClasses="0" numClasses="0" visitedMethods="0" numMethods="1" />
              <MetadataToken>100663324</MetadataToken>
              <Name>NDD.NFe.Domain.Features.InvoiceItems.InvoiceItem NDD.NFe.Common.Tests.Features.ObjectMothers.ObjectMother::GetInvalidInvoiceItemWithInvalidProduct(NDD.NFe.Domain.Features.Invoices.Invoice,NDD.NFe.Domain.Features.Products.Product)</Name>
              <FileRef uid="3" />
              <SequencePoints>
                <SequencePoint vc="0" uspid="82" ordinal="0" offset="0" sl="88" sc="9" el="88" ec="10" bec="0" bev="0" fileid="3" />
                <SequencePoint vc="0" uspid="83" ordinal="1" offset="1" sl="89" sc="13" el="94" ec="15" bec="0" bev="0" fileid="3" />
                <SequencePoint vc="0" uspid="84" ordinal="2" offset="34" sl="95" sc="9" el="95" ec="10" bec="0" bev="0" fileid="3" />
              </SequencePoints>
              <BranchPoints />
              <MethodPoint xsi:type="SequencePoint" vc="0" uspid="82" ordinal="0" offset="0" sl="88" sc="9" el="88" ec="10" bec="0" bev="0" fileid="3" />
            </Method>
            <Method visited="false" cyclomaticComplexity="1" nPathComplexity="0" sequenceCoverage="0" branchCoverage="0" crapScore="2" isConstructor="false" isStatic="true" isGetter="false" isSetter="false">
              <Summary numSequencePoints="3" visitedSequencePoints="0" numBranchPoints="1" visitedBranchPoints="0" sequenceCoverage="0" branchCoverage="0" maxCyclomaticComplexity="1" minCyclomaticComplexity="1" maxCrapScore="2" minCrapScore="2" visitedClasses="0" numClasses="0" visitedMethods="0" numMethods="1" />
              <MetadataToken>100663325</MetadataToken>
              <Name>NDD.NFe.Domain.Features.InvoiceItems.InvoiceItem NDD.NFe.Common.Tests.Features.ObjectMothers.ObjectMother::GetNewConsolidatedInvoiceItem(NDD.NFe.Domain.Features.Invoices.Invoice,NDD.NFe.Domain.Features.Products.Product)</Name>
              <FileRef uid="3" />
              <SequencePoints>
                <SequencePoint vc="0" uspid="85" ordinal="0" offset="0" sl="98" sc="9" el="98" ec="10" bec="0" bev="0" fileid="3" />
                <SequencePoint vc="0" uspid="86" ordinal="1" offset="1" sl="99" sc="13" el="110" ec="15" bec="0" bev="0" fileid="3" />
                <SequencePoint vc="0" uspid="87" ordinal="2" offset="118" sl="111" sc="9" el="111" ec="10" bec="0" bev="0" fileid="3" />
              </SequencePoints>
              <BranchPoints />
              <MethodPoint xsi:type="SequencePoint" vc="0" uspid="85" ordinal="0" offset="0" sl="98" sc="9" el="98" ec="10" bec="0" bev="0" fileid="3" />
            </Method>
            <Method visited="false" cyclomaticComplexity="1" nPathComplexity="0" sequenceCoverage="0" branchCoverage="0" crapScore="2" isConstructor="false" isStatic="true" isGetter="false" isSetter="false">
              <Summary numSequencePoints="3" visitedSequencePoints="0" numBranchPoints="1" visitedBranchPoints="0" sequenceCoverage="0" branchCoverage="0" maxCyclomaticComplexity="1" minCyclomaticComplexity="1" maxCrapScore="2" minCrapScore="2" visitedClasses="0" numClasses="0" visitedMethods="0" numMethods="1" />
              <MetadataToken>100663326</MetadataToken>
              <Name>NDD.NFe.Domain.Features.InvoiceItems.InvoiceItem NDD.NFe.Common.Tests.Features.ObjectMothers.ObjectMother::GetExistentConsolidatedInvoiceItem(NDD.NFe.Domain.Features.Invoices.Invoice,NDD.NFe.Domain.Features.Products.Product)</Name>
              <FileRef uid="3" />
              <SequencePoints>
                <SequencePoint vc="0" uspid="88" ordinal="0" offset="0" sl="114" sc="9" el="114" ec="10" bec="0" bev="0" fileid="3" />
                <SequencePoint vc="0" uspid="89" ordinal="1" offset="1" sl="115" sc="13" el="126" ec="15" bec="0" bev="0" fileid="3" />
                <SequencePoint vc="0" uspid="90" ordinal="2" offset="118" sl="127" sc="9" el="127" ec="10" bec="0" bev="0" fileid="3" />
              </SequencePoints>
              <BranchPoints />
              <MethodPoint xsi:type="SequencePoint" vc="0" uspid="88" ordinal="0" offset="0" sl="114" sc="9" el="114" ec="10" bec="0" bev="0" fileid="3" />
            </Method>
            <Method visited="false" cyclomaticComplexity="1" nPathComplexity="0" sequenceCoverage="0" branchCoverage="0" crapScore="2" isConstructor="false" isStatic="true" isGetter="false" isSetter="false">
              <Summary numSequencePoints="3" visitedSequencePoints="0" numBranchPoints="1" visitedBranchPoints="0" sequenceCoverage="0" branchCoverage="0" maxCyclomaticComplexity="1" minCyclomaticComplexity="1" maxCrapScore="2" minCrapScore="2" visitedClasses="0" numClasses="0" visitedMethods="0" numMethods="1" />
              <MetadataToken>100663327</MetadataToken>
              <Name>NDD.NFe.Domain.Features.InvoiceItems.InvoiceItem NDD.NFe.Common.Tests.Features.ObjectMothers.ObjectMother::GetInvalidConsolidatedInvoiceItemWithUninformedAmount(NDD.NFe.Domain.Features.Invoices.Invoice,NDD.NFe.Domain.Features.Products.Product)</Name>
              <FileRef uid="3" />
              <SequencePoints>
                <SequencePoint vc="0" uspid="91" ordinal="0" offset="0" sl="130" sc="9" el="130" ec="10" bec="0" bev="0" fileid="3" />
                <SequencePoint vc="0" uspid="92" ordinal="1" offset="1" sl="131" sc="13" el="141" ec="15" bec="0" bev="0" fileid="3" />
                <SequencePoint vc="0" uspid="93" ordinal="2" offset="109" sl="142" sc="9" el="142" ec="10" bec="0" bev="0" fileid="3" />
              </SequencePoints>
              <BranchPoints />
              <MethodPoint xsi:type="SequencePoint" vc="0" uspid="91" ordinal="0" offset="0" sl="130" sc="9" el="130" ec="10" bec="0" bev="0" fileid="3" />
            </Method>
            <Method visited="false" cyclomaticComplexity="1" nPathComplexity="0" sequenceCoverage="0" branchCoverage="0" crapScore="2" isConstructor="false" isStatic="true" isGetter="false" isSetter="false">
              <Summary numSequencePoints="3" visitedSequencePoints="0" numBranchPoints="1" visitedBranchPoints="0" sequenceCoverage="0" branchCoverage="0" maxCyclomaticComplexity="1" minCyclomaticComplexity="1" maxCrapScore="2" minCrapScore="2" visitedClasses="0" numClasses="0" visitedMethods="0" numMethods="1" />
              <MetadataToken>100663328</MetadataToken>
              <Name>NDD.NFe.Domain.Features.InvoiceReceivers.InvoiceReceiver NDD.NFe.Common.Tests.Features.ObjectMothers.ObjectMother::GetNewValidInvoiceReceiver(NDD.NFe.Domain.Features.Invoices.Invoice,NDD.NFe.Domain.Features.Receivers.Receiver)</Name>
              <FileRef uid="4" />
              <SequencePoints>
                <SequencePoint vc="0" uspid="94" ordinal="0" offset="0" sl="16" sc="3" el="16" ec="4" bec="0" bev="0" fileid="4" />
                <SequencePoint vc="0" uspid="95" ordinal="1" offset="1" sl="17" sc="4" el="21" ec="6" bec="0" bev="0" fileid="4" />
                <SequencePoint vc="0" uspid="96" ordinal="2" offset="25" sl="22" sc="3" el="22" ec="4" bec="0" bev="0" fileid="4" />
              </SequencePoints>
              <BranchPoints />
              <MethodPoint xsi:type="SequencePoint" vc="0" uspid="94" ordinal="0" offset="0" sl="16" sc="3" el="16" ec="4" bec="0" bev="0" fileid="4" />
            </Method>
            <Method visited="true" cyclomaticComplexity="1" nPathComplexity="0" sequenceCoverage="100" branchCoverage="100" crapScore="1" isConstructor="false" isStatic="true" isGetter="false" isSetter="false">
              <Summary numSequencePoints="3" visitedSequencePoints="3" numBranchPoints="1" visitedBranchPoints="1" sequenceCoverage="100" branchCoverage="100" maxCyclomaticComplexity="1" minCyclomaticComplexity="1" maxCrapScore="1" minCrapScore="1" visitedClasses="0" numClasses="0" visitedMethods="1" numMethods="1" />
              <MetadataToken>100663329</MetadataToken>
              <Name>NDD.NFe.Domain.Features.InvoiceReceivers.InvoiceReceiver NDD.NFe.Common.Tests.Features.ObjectMothers.ObjectMother::GetExistentValidInvoiceReceiver(NDD.NFe.Domain.Features.Invoices.Invoice,NDD.NFe.Domain.Features.Receivers.Receiver)</Name>
              <FileRef uid="4" />
              <SequencePoints>
                <SequencePoint vc="24" uspid="97" ordinal="0" offset="0" sl="25" sc="3" el="25" ec="4" bec="0" bev="0" fileid="4" />
                <SequencePoint vc="24" uspid="98" ordinal="1" offset="1" sl="26" sc="4" el="31" ec="6" bec="0" bev="0" fileid="4" />
                <SequencePoint vc="24" uspid="99" ordinal="2" offset="34" sl="32" sc="3" el="32" ec="4" bec="0" bev="0" fileid="4" />
              </SequencePoints>
              <BranchPoints />
              <MethodPoint xsi:type="SequencePoint" vc="24" uspid="97" ordinal="0" offset="0" sl="25" sc="3" el="25" ec="4" bec="0" bev="0" fileid="4" />
            </Method>
            <Method visited="false" cyclomaticComplexity="1" nPathComplexity="0" sequenceCoverage="0" branchCoverage="0" crapScore="2" isConstructor="false" isStatic="true" isGetter="false" isSetter="false">
              <Summary numSequencePoints="3" visitedSequencePoints="0" numBranchPoints="1" visitedBranchPoints="0" sequenceCoverage="0" branchCoverage="0" maxCyclomaticComplexity="1" minCyclomaticComplexity="1" maxCrapScore="2" minCrapScore="2" visitedClasses="0" numClasses="0" visitedMethods="0" numMethods="1" />
              <MetadataToken>100663330</MetadataToken>
              <Name>NDD.NFe.Domain.Features.InvoiceReceivers.InvoiceReceiver NDD.NFe.Common.Tests.Features.ObjectMothers.ObjectMother::GetInvalidInvoiceReceiverNullInvoice(NDD.NFe.Domain.Features.Receivers.Receiver)</Name>
              <FileRef uid="4" />
              <SequencePoints>
                <SequencePoint vc="0" uspid="100" ordinal="0" offset="0" sl="35" sc="3" el="35" ec="4" bec="0" bev="0" fileid="4" />
                <SequencePoint vc="0" uspid="101" ordinal="1" offset="1" sl="36" sc="4" el="41" ec="6" bec="0" bev="0" fileid="4" />
                <SequencePoint vc="0" uspid="102" ordinal="2" offset="34" sl="42" sc="3" el="42" ec="4" bec="0" bev="0" fileid="4" />
              </SequencePoints>
              <BranchPoints />
              <MethodPoint xsi:type="SequencePoint" vc="0" uspid="100" ordinal="0" offset="0" sl="35" sc="3" el="35" ec="4" bec="0" bev="0" fileid="4" />
            </Method>
            <Method visited="false" cyclomaticComplexity="1" nPathComplexity="0" sequenceCoverage="0" branchCoverage="0" crapScore="2" isConstructor="false" isStatic="true" isGetter="false" isSetter="false">
              <Summary numSequencePoints="3" visitedSequencePoints="0" numBranchPoints="1" visitedBranchPoints="0" sequenceCoverage="0" branchCoverage="0" maxCyclomaticComplexity="1" minCyclomaticComplexity="1" maxCrapScore="2" minCrapScore="2" visitedClasses="0" numClasses="0" visitedMethods="0" numMethods="1" />
              <MetadataToken>100663331</MetadataToken>
              <Name>NDD.NFe.Domain.Features.InvoiceReceivers.InvoiceReceiver NDD.NFe.Common.Tests.Features.ObjectMothers.ObjectMother::GetInvalidInvoiceReceiverNullReceiver(NDD.NFe.Domain.Features.Invoices.Invoice)</Name>
              <FileRef uid="4" />
              <SequencePoints>
                <SequencePoint vc="0" uspid="103" ordinal="0" offset="0" sl="45" sc="3" el="45" ec="4" bec="0" bev="0" fileid="4" />
                <SequencePoint vc="0" uspid="104" ordinal="1" offset="1" sl="46" sc="4" el="51" ec="6" bec="0" bev="0" fileid="4" />
                <SequencePoint vc="0" uspid="105" ordinal="2" offset="34" sl="52" sc="3" el="52" ec="4" bec="0" bev="0" fileid="4" />
              </SequencePoints>
              <BranchPoints />
              <MethodPoint xsi:type="SequencePoint" vc="0" uspid="103" ordinal="0" offset="0" sl="45" sc="3" el="45" ec="4" bec="0" bev="0" fileid="4" />
            </Method>
            <Method visited="false" cyclomaticComplexity="1" nPathComplexity="0" sequenceCoverage="0" branchCoverage="0" crapScore="2" isConstructor="false" isStatic="true" isGetter="false" isSetter="false">
              <Summary numSequencePoints="3" visitedSequencePoints="0" numBranchPoints="1" visitedBranchPoints="0" sequenceCoverage="0" branchCoverage="0" maxCyclomaticComplexity="1" minCyclomaticComplexity="1" maxCrapScore="2" minCrapScore="2" visitedClasses="0" numClasses="0" visitedMethods="0" numMethods="1" />
              <MetadataToken>100663332</MetadataToken>
              <Name>NDD.NFe.Domain.Features.InvoiceSenders.InvoiceSender NDD.NFe.Common.Tests.Features.ObjectMothers.ObjectMother::GetNewInvoiceSenderOk(NDD.NFe.Domain.Features.Invoices.Invoice,NDD.NFe.Domain.Features.Senders.Sender)</Name>
              <FileRef uid="5" />
              <SequencePoints>
                <SequencePoint vc="0" uspid="106" ordinal="0" offset="0" sl="16" sc="9" el="16" ec="10" bec="0" bev="0" fileid="5" />
                <SequencePoint vc="0" uspid="107" ordinal="1" offset="1" sl="17" sc="13" el="21" ec="15" bec="0" bev="0" fileid="5" />
                <SequencePoint vc="0" uspid="108" ordinal="2" offset="25" sl="22" sc="9" el="22" ec="10" bec="0" bev="0" fileid="5" />
              </SequencePoints>
              <BranchPoints />
              <MethodPoint xsi:type="SequencePoint" vc="0" uspid="106" ordinal="0" offset="0" sl="16" sc="9" el="16" ec="10" bec="0" bev="0" fileid="5" />
            </Method>
            <Method visited="true" cyclomaticComplexity="1" nPathComplexity="0" sequenceCoverage="100" branchCoverage="100" crapScore="1" isConstructor="false" isStatic="true" isGetter="false" isSetter="false">
              <Summary numSequencePoints="3" visitedSequencePoints="3" numBranchPoints="1" visitedBranchPoints="1" sequenceCoverage="100" branchCoverage="100" maxCyclomaticComplexity="1" minCyclomaticComplexity="1" maxCrapScore="1" minCrapScore="1" visitedClasses="0" numClasses="0" visitedMethods="1" numMethods="1" />
              <MetadataToken>100663333</MetadataToken>
              <Name>NDD.NFe.Domain.Features.InvoiceSenders.InvoiceSender NDD.NFe.Common.Tests.Features.ObjectMothers.ObjectMother::GetExistentInvoinceSenderOk(NDD.NFe.Domain.Features.Invoices.Invoice,NDD.NFe.Domain.Features.Senders.Sender)</Name>
              <FileRef uid="5" />
              <SequencePoints>
                <SequencePoint vc="24" uspid="109" ordinal="0" offset="0" sl="25" sc="9" el="25" ec="10" bec="0" bev="0" fileid="5" />
                <SequencePoint vc="24" uspid="110" ordinal="1" offset="1" sl="26" sc="13" el="31" ec="15" bec="0" bev="0" fileid="5" />
                <SequencePoint vc="24" uspid="111" ordinal="2" offset="34" sl="32" sc="9" el="32" ec="10" bec="0" bev="0" fileid="5" />
              </SequencePoints>
              <BranchPoints />
              <MethodPoint xsi:type="SequencePoint" vc="24" uspid="109" ordinal="0" offset="0" sl="25" sc="9" el="25" ec="10" bec="0" bev="0" fileid="5" />
            </Method>
            <Method visited="false" cyclomaticComplexity="1" nPathComplexity="0" sequenceCoverage="0" branchCoverage="0" crapScore="2" isConstructor="false" isStatic="true" isGetter="false" isSetter="false">
              <Summary numSequencePoints="3" visitedSequencePoints="0" numBranchPoints="1" visitedBranchPoints="0" sequenceCoverage="0" branchCoverage="0" maxCyclomaticComplexity="1" minCyclomaticComplexity="1" maxCrapScore="2" minCrapScore="2" visitedClasses="0" numClasses="0" visitedMethods="0" numMethods="1" />
              <MetadataToken>100663334</MetadataToken>
              <Name>NDD.NFe.Domain.Features.InvoiceSenders.InvoiceSender NDD.NFe.Common.Tests.Features.ObjectMothers.ObjectMother::GetInvalidInvoiceSenderWithInvoiceNull(NDD.NFe.Domain.Features.Senders.Sender)</Name>
              <FileRef uid="5" />
              <SequencePoints>
                <SequencePoint vc="0" uspid="112" ordinal="0" offset="0" sl="35" sc="9" el="35" ec="10" bec="0" bev="0" fileid="5" />
                <SequencePoint vc="0" uspid="113" ordinal="1" offset="1" sl="36" sc="13" el="41" ec="15" bec="0" bev="0" fileid="5" />
                <SequencePoint vc="0" uspid="114" ordinal="2" offset="34" sl="42" sc="9" el="42" ec="10" bec="0" bev="0" fileid="5" />
              </SequencePoints>
              <BranchPoints />
              <MethodPoint xsi:type="SequencePoint" vc="0" uspid="112" ordinal="0" offset="0" sl="35" sc="9" el="35" ec="10" bec="0" bev="0" fileid="5" />
            </Method>
            <Method visited="false" cyclomaticComplexity="1" nPathComplexity="0" sequenceCoverage="0" branchCoverage="0" crapScore="2" isConstructor="false" isStatic="true" isGetter="false" isSetter="false">
              <Summary numSequencePoints="3" visitedSequencePoints="0" numBranchPoints="1" visitedBranchPoints="0" sequenceCoverage="0" branchCoverage="0" maxCyclomaticComplexity="1" minCyclomaticComplexity="1" maxCrapScore="2" minCrapScore="2" visitedClasses="0" numClasses="0" visitedMethods="0" numMethods="1" />
              <MetadataToken>100663335</MetadataToken>
              <Name>NDD.NFe.Domain.Features.InvoiceSenders.InvoiceSender NDD.NFe.Common.Tests.Features.ObjectMothers.ObjectMother::GetInvalidInvoiceSenderWithSenderNull(NDD.NFe.Domain.Features.Invoices.Invoice)</Name>
              <FileRef uid="5" />
              <SequencePoints>
                <SequencePoint vc="0" uspid="115" ordinal="0" offset="0" sl="45" sc="9" el="45" ec="10" bec="0" bev="0" fileid="5" />
                <SequencePoint vc="0" uspid="116" ordinal="1" offset="1" sl="46" sc="13" el="51" ec="15" bec="0" bev="0" fileid="5" />
                <SequencePoint vc="0" uspid="117" ordinal="2" offset="34" sl="52" sc="9" el="52" ec="10" bec="0" bev="0" fileid="5" />
              </SequencePoints>
              <BranchPoints />
              <MethodPoint xsi:type="SequencePoint" vc="0" uspid="115" ordinal="0" offset="0" sl="45" sc="9" el="45" ec="10" bec="0" bev="0" fileid="5" />
            </Method>
            <Method visited="false" cyclomaticComplexity="1" nPathComplexity="0" sequenceCoverage="0" branchCoverage="0" crapScore="2" isConstructor="false" isStatic="true" isGetter="false" isSetter="false">
              <Summary numSequencePoints="3" visitedSequencePoints="0" numBranchPoints="1" visitedBranchPoints="0" sequenceCoverage="0" branchCoverage="0" maxCyclomaticComplexity="1" minCyclomaticComplexity="1" maxCrapScore="2" minCrapScore="2" visitedClasses="0" numClasses="0" visitedMethods="0" numMethods="1" />
              <MetadataToken>100663336</MetadataToken>
              <Name>NDD.NFe.Domain.Features.InvoiceSenders.InvoiceSender NDD.NFe.Common.Tests.Features.ObjectMothers.ObjectMother::GetInvalidInvoiceSenderWithInvalidSender(NDD.NFe.Domain.Features.Invoices.Invoice,NDD.NFe.Domain.Features.Senders.Sender)</Name>
              <FileRef uid="5" />
              <SequencePoints>
                <SequencePoint vc="0" uspid="118" ordinal="0" offset="0" sl="55" sc="9" el="55" ec="10" bec="0" bev="0" fileid="5" />
                <SequencePoint vc="0" uspid="119" ordinal="1" offset="1" sl="56" sc="13" el="61" ec="15" bec="0" bev="0" fileid="5" />
                <SequencePoint vc="0" uspid="120" ordinal="2" offset="34" sl="62" sc="9" el="62" ec="10" bec="0" bev="0" fileid="5" />
              </SequencePoints>
              <BranchPoints />
              <MethodPoint xsi:type="SequencePoint" vc="0" uspid="118" ordinal="0" offset="0" sl="55" sc="9" el="55" ec="10" bec="0" bev="0" fileid="5" />
            </Method>
            <Method visited="true" cyclomaticComplexity="1" nPathComplexity="0" sequenceCoverage="100" branchCoverage="100" crapScore="1" isConstructor="false" isStatic="true" isGetter="false" isSetter="false">
              <Summary numSequencePoints="3" visitedSequencePoints="3" numBranchPoints="1" visitedBranchPoints="1" sequenceCoverage="100" branchCoverage="100" maxCyclomaticComplexity="1" minCyclomaticComplexity="1" maxCrapScore="1" minCrapScore="1" visitedClasses="0" numClasses="0" visitedMethods="1" numMethods="1" />
              <MetadataToken>100663337</MetadataToken>
              <Name>NDD.NFe.Domain.Features.Invoices.Invoice NDD.NFe.Common.Tests.Features.ObjectMothers.ObjectMother::GetNewValidOpenedInvoice(NDD.NFe.Domain.Features.Senders.Sender,NDD.NFe.Domain.Features.Receivers.Receiver,NDD.NFe.Domain.Features.Carriers.Carrier,System.Collections.Generic.IList`1&lt;NDD.NFe.Domain.Features.InvoiceItems.InvoiceItem&gt;)</Name>
              <FileRef uid="6" />
              <SequencePoints>
                <SequencePoint vc="29" uspid="121" ordinal="0" offset="0" sl="20" sc="9" el="20" ec="10" bec="0" bev="0" fileid="6" />
                <SequencePoint vc="29" uspid="122" ordinal="1" offset="1" sl="21" sc="13" el="31" ec="15" bec="0" bev="0" fileid="6" />
                <SequencePoint vc="29" uspid="123" ordinal="2" offset="98" sl="32" sc="9" el="32" ec="10" bec="0" bev="0" fileid="6" />
              </SequencePoints>
              <BranchPoints />
              <MethodPoint xsi:type="SequencePoint" vc="29" uspid="121" ordinal="0" offset="0" sl="20" sc="9" el="20" ec="10" bec="0" bev="0" fileid="6" />
            </Method>
            <Method visited="true" cyclomaticComplexity="1" nPathComplexity="0" sequenceCoverage="100" branchCoverage="100" crapScore="1" isConstructor="false" isStatic="true" isGetter="false" isSetter="false">
              <Summary numSequencePoints="3" visitedSequencePoints="3" numBranchPoints="1" visitedBranchPoints="1" sequenceCoverage="100" branchCoverage="100" maxCyclomaticComplexity="1" minCyclomaticComplexity="1" maxCrapScore="1" minCrapScore="1" visitedClasses="0" numClasses="0" visitedMethods="1" numMethods="1" />
              <MetadataToken>100663338</MetadataToken>
              <Name>NDD.NFe.Domain.Features.Invoices.Invoice NDD.NFe.Common.Tests.Features.ObjectMothers.ObjectMother::GetNewValidIssuedInvoice(NDD.Nfe.Infra.Features.KeysAccess.KeyAccess,NDD.NFe.Domain.Features.Senders.Sender,NDD.NFe.Domain.Features.Receivers.Receiver,NDD.NFe.Domain.Features.Carriers.Carrier,NDD.NFe.Domain.Features.InvoiceSenders.InvoiceSender,NDD.NFe.Domain.Features.InvoiceReceivers.InvoiceReceiver,NDD.NFe.Domain.Features.InvoiceCarriers.InvoiceCarrier,NDD.NFe.Domain.Features.InvoiceTaxes.InvoiceTax,System.Collections.Generic.IList`1&lt;NDD.NFe.Domain.Features.InvoiceItems.InvoiceItem&gt;)</Name>
              <FileRef uid="6" />
              <SequencePoints>
                <SequencePoint vc="1" uspid="124" ordinal="0" offset="0" sl="36" sc="9" el="36" ec="10" bec="0" bev="0" fileid="6" />
                <SequencePoint vc="1" uspid="125" ordinal="1" offset="1" sl="37" sc="13" el="53" ec="15" bec="0" bev="0" fileid="6" />
                <SequencePoint vc="1" uspid="126" ordinal="2" offset="177" sl="54" sc="9" el="54" ec="10" bec="0" bev="0" fileid="6" />
              </SequencePoints>
              <BranchPoints />
              <MethodPoint xsi:type="SequencePoint" vc="1" uspid="124" ordinal="0" offset="0" sl="36" sc="9" el="36" ec="10" bec="0" bev="0" fileid="6" />
            </Method>
            <Method visited="true" cyclomaticComplexity="1" nPathComplexity="0" sequenceCoverage="100" branchCoverage="100" crapScore="1" isConstructor="false" isStatic="true" isGetter="false" isSetter="false">
              <Summary numSequencePoints="3" visitedSequencePoints="3" numBranchPoints="1" visitedBranchPoints="1" sequenceCoverage="100" branchCoverage="100" maxCyclomaticComplexity="1" minCyclomaticComplexity="1" maxCrapScore="1" minCrapScore="1" visitedClasses="0" numClasses="0" visitedMethods="1" numMethods="1" />
              <MetadataToken>100663339</MetadataToken>
              <Name>NDD.NFe.Domain.Features.Invoices.Invoice NDD.NFe.Common.Tests.Features.ObjectMothers.ObjectMother::GetExistentValidOpenedInvoice(NDD.NFe.Domain.Features.Senders.Sender,NDD.NFe.Domain.Features.Receivers.Receiver,NDD.NFe.Domain.Features.Carriers.Carrier,System.Collections.Generic.IList`1&lt;NDD.NFe.Domain.Features.InvoiceItems.InvoiceItem&gt;)</Name>
              <FileRef uid="6" />
              <SequencePoints>
                <SequencePoint vc="11" uspid="127" ordinal="0" offset="0" sl="57" sc="9" el="57" ec="10" bec="0" bev="0" fileid="6" />
                <SequencePoint vc="11" uspid="128" ordinal="1" offset="1" sl="58" sc="13" el="69" ec="15" bec="0" bev="0" fileid="6" />
                <SequencePoint vc="11" uspid="129" ordinal="2" offset="107" sl="70" sc="9" el="70" ec="10" bec="0" bev="0" fileid="6" />
              </SequencePoints>
              <BranchPoints />
              <MethodPoint xsi:type="SequencePoint" vc="11" uspid="127" ordinal="0" offset="0" sl="57" sc="9" el="57" ec="10" bec="0" bev="0" fileid="6" />
            </Method>
            <Method visited="true" cyclomaticComplexity="1" nPathComplexity="0" sequenceCoverage="100" branchCoverage="100" crapScore="1" isConstructor="false" isStatic="true" isGetter="false" isSetter="false">
              <Summary numSequencePoints="3" visitedSequencePoints="3" numBranchPoints="1" visitedBranchPoints="1" sequenceCoverage="100" branchCoverage="100" maxCyclomaticComplexity="1" minCyclomaticComplexity="1" maxCrapScore="1" minCrapScore="1" visitedClasses="0" numClasses="0" visitedMethods="1" numMethods="1" />
              <MetadataToken>100663340</MetadataToken>
              <Name>NDD.NFe.Domain.Features.Invoices.Invoice NDD.NFe.Common.Tests.Features.ObjectMothers.ObjectMother::GetExistentValidIssuedInvoice(NDD.Nfe.Infra.Features.KeysAccess.KeyAccess,NDD.NFe.Domain.Features.Senders.Sender,NDD.NFe.Domain.Features.Receivers.Receiver,NDD.NFe.Domain.Features.Carriers.Carrier,NDD.NFe.Domain.Features.InvoiceSenders.InvoiceSender,NDD.NFe.Domain.Features.InvoiceReceivers.InvoiceReceiver,NDD.NFe.Domain.Features.InvoiceCarriers.InvoiceCarrier,NDD.NFe.Domain.Features.InvoiceTaxes.InvoiceTax,System.Collections.Generic.IList`1&lt;NDD.NFe.Domain.Features.InvoiceItems.InvoiceItem&gt;)</Name>
              <FileRef uid="6" />
              <SequencePoints>
                <SequencePoint vc="3" uspid="130" ordinal="0" offset="0" sl="74" sc="9" el="74" ec="10" bec="0" bev="0" fileid="6" />
                <SequencePoint vc="3" uspid="131" ordinal="1" offset="1" sl="75" sc="13" el="92" ec="15" bec="0" bev="0" fileid="6" />
                <SequencePoint vc="3" uspid="132" ordinal="2" offset="186" sl="93" sc="9" el="93" ec="10" bec="0" bev="0" fileid="6" />
              </SequencePoints>
              <BranchPoints />
              <MethodPoint xsi:type="SequencePoint" vc="3" uspid="130" ordinal="0" offset="0" sl="74" sc="9" el="74" ec="10" bec="0" bev="0" fileid="6" />
            </Method>
            <Method visited="false" cyclomaticComplexity="1" nPathComplexity="0" sequenceCoverage="0" branchCoverage="0" crapScore="2" isConstructor="false" isStatic="true" isGetter="false" isSetter="false">
              <Summary numSequencePoints="3" visitedSequencePoints="0" numBranchPoints="1" visitedBranchPoints="0" sequenceCoverage="0" branchCoverage="0" maxCyclomaticComplexity="1" minCyclomaticComplexity="1" maxCrapScore="2" minCrapScore="2" visitedClasses="0" numClasses="0" visitedMethods="0" numMethods="1" />
              <MetadataToken>100663341</MetadataToken>
              <Name>NDD.NFe.Domain.Features.Invoices.Invoice NDD.NFe.Common.Tests.Features.ObjectMothers.ObjectMother::GetInvalidIssuedInvoiceWithAnyInvoiceItem(NDD.Nfe.Infra.Features.KeysAccess.KeyAccess,NDD.NFe.Domain.Features.Senders.Sender,NDD.NFe.Domain.Features.Receivers.Receiver,NDD.NFe.Domain.Features.Carriers.Carrier,NDD.NFe.Domain.Features.InvoiceSenders.InvoiceSender,NDD.NFe.Domain.Features.InvoiceReceivers.InvoiceReceiver,NDD.NFe.Domain.Features.InvoiceCarriers.InvoiceCarrier,NDD.NFe.Domain.Features.InvoiceTaxes.InvoiceTax)</Name>
              <FileRef uid="6" />
              <SequencePoints>
                <SequencePoint vc="0" uspid="133" ordinal="0" offset="0" sl="97" sc="9" el="97" ec="10" bec="0" bev="0" fileid="6" />
                <SequencePoint vc="0" uspid="134" ordinal="1" offset="1" sl="98" sc="13" el="114" ec="15" bec="0" bev="0" fileid="6" />
                <SequencePoint vc="0" uspid="135" ordinal="2" offset="176" sl="115" sc="9" el="115" ec="10" bec="0" bev="0" fileid="6" />
              </SequencePoints>
              <BranchPoints />
              <MethodPoint xsi:type="SequencePoint" vc="0" uspid="133" ordinal="0" offset="0" sl="97" sc="9" el="97" ec="10" bec="0" bev="0" fileid="6" />
            </Method>
            <Method visited="true" cyclomaticComplexity="1" nPathComplexity="0" sequenceCoverage="100" branchCoverage="100" crapScore="1" isConstructor="false" isStatic="true" isGetter="false" isSetter="false">
              <Summary numSequencePoints="3" visitedSequencePoints="3" numBranchPoints="1" visitedBranchPoints="1" sequenceCoverage="100" branchCoverage="100" maxCyclomaticComplexity="1" minCyclomaticComplexity="1" maxCrapScore="1" minCrapScore="1" visitedClasses="0" numClasses="0" visitedMethods="1" numMethods="1" />
              <MetadataToken>100663342</MetadataToken>
              <Name>NDD.NFe.Domain.Features.Invoices.Invoice NDD.NFe.Common.Tests.Features.ObjectMothers.ObjectMother::GetInvalidOpenedInvoiceWithEntryDateAfterNow(NDD.NFe.Domain.Features.Senders.Sender,NDD.NFe.Domain.Features.Receivers.Receiver,NDD.NFe.Domain.Features.Carriers.Carrier,System.Collections.Generic.IList`1&lt;NDD.NFe.Domain.Features.InvoiceItems.InvoiceItem&gt;)</Name>
              <FileRef uid="6" />
              <SequencePoints>
                <SequencePoint vc="1" uspid="136" ordinal="0" offset="0" sl="118" sc="9" el="118" ec="10" bec="0" bev="0" fileid="6" />
                <SequencePoint vc="1" uspid="137" ordinal="1" offset="1" sl="119" sc="13" el="130" ec="15" bec="0" bev="0" fileid="6" />
                <SequencePoint vc="1" uspid="138" ordinal="2" offset="107" sl="131" sc="9" el="131" ec="10" bec="0" bev="0" fileid="6" />
              </SequencePoints>
              <BranchPoints />
              <MethodPoint xsi:type="SequencePoint" vc="1" uspid="136" ordinal="0" offset="0" sl="118" sc="9" el="118" ec="10" bec="0" bev="0" fileid="6" />
            </Method>
            <Method visited="false" cyclomaticComplexity="1" nPathComplexity="0" sequenceCoverage="0" branchCoverage="0" crapScore="2" isConstructor="false" isStatic="true" isGetter="false" isSetter="false">
              <Summary numSequencePoints="3" visitedSequencePoints="0" numBranchPoints="1" visitedBranchPoints="0" sequenceCoverage="0" branchCoverage="0" maxCyclomaticComplexity="1" minCyclomaticComplexity="1" maxCrapScore="2" minCrapScore="2" visitedClasses="0" numClasses="0" visitedMethods="0" numMethods="1" />
              <MetadataToken>100663343</MetadataToken>
              <Name>NDD.NFe.Domain.Features.Invoices.Invoice NDD.NFe.Common.Tests.Features.ObjectMothers.ObjectMother::GetInvalidOpenedInvoiceWithNonPositiveNumber(NDD.NFe.Domain.Features.Senders.Sender,NDD.NFe.Domain.Features.Receivers.Receiver,NDD.NFe.Domain.Features.Carriers.Carrier,System.Collections.Generic.IList`1&lt;NDD.NFe.Domain.Features.InvoiceItems.InvoiceItem&gt;)</Name>
              <FileRef uid="6" />
              <SequencePoints>
                <SequencePoint vc="0" uspid="139" ordinal="0" offset="0" sl="134" sc="9" el="134" ec="10" bec="0" bev="0" fileid="6" />
                <SequencePoint vc="0" uspid="140" ordinal="1" offset="1" sl="135" sc="13" el="146" ec="15" bec="0" bev="0" fileid="6" />
                <SequencePoint vc="0" uspid="141" ordinal="2" offset="107" sl="147" sc="9" el="147" ec="10" bec="0" bev="0" fileid="6" />
              </SequencePoints>
              <BranchPoints />
              <MethodPoint xsi:type="SequencePoint" vc="0" uspid="139" ordinal="0" offset="0" sl="134" sc="9" el="134" ec="10" bec="0" bev="0" fileid="6" />
            </Method>
            <Method visited="true" cyclomaticComplexity="1" nPathComplexity="0" sequenceCoverage="100" branchCoverage="100" crapScore="1" isConstructor="false" isStatic="true" isGetter="false" isSetter="false">
              <Summary numSequencePoints="3" visitedSequencePoints="3" numBranchPoints="1" visitedBranchPoints="1" sequenceCoverage="100" branchCoverage="100" maxCyclomaticComplexity="1" minCyclomaticComplexity="1" maxCrapScore="1" minCrapScore="1" visitedClasses="0" numClasses="0" visitedMethods="1" numMethods="1" />
              <MetadataToken>100663344</MetadataToken>
              <Name>NDD.NFe.Domain.Features.Invoices.Invoice NDD.NFe.Common.Tests.Features.ObjectMothers.ObjectMother::GetInvalidOpenedInvoiceWithUniformedNatureOperation(NDD.NFe.Domain.Features.Senders.Sender,NDD.NFe.Domain.Features.Receivers.Receiver,NDD.NFe.Domain.Features.Carriers.Carrier,System.Collections.Generic.IList`1&lt;NDD.NFe.Domain.Features.InvoiceItems.InvoiceItem&gt;)</Name>
              <FileRef uid="6" />
              <SequencePoints>
                <SequencePoint vc="1" uspid="142" ordinal="0" offset="0" sl="150" sc="9" el="150" ec="10" bec="0" bev="0" fileid="6" />
                <SequencePoint vc="1" uspid="143" ordinal="1" offset="1" sl="151" sc="13" el="162" ec="15" bec="0" bev="0" fileid="6" />
                <SequencePoint vc="1" uspid="144" ordinal="2" offset="103" sl="163" sc="9" el="163" ec="10" bec="0" bev="0" fileid="6" />
              </SequencePoints>
              <BranchPoints />
              <MethodPoint xsi:type="SequencePoint" vc="1" uspid="142" ordinal="0" offset="0" sl="150" sc="9" el="150" ec="10" bec="0" bev="0" fileid="6" />
            </Method>
            <Method visited="false" cyclomaticComplexity="1" nPathComplexity="0" sequenceCoverage="0" branchCoverage="0" crapScore="2" isConstructor="false" isStatic="true" isGetter="false" isSetter="false">
              <Summary numSequencePoints="3" visitedSequencePoints="0" numBranchPoints="1" visitedBranchPoints="0" sequenceCoverage="0" branchCoverage="0" maxCyclomaticComplexity="1" minCyclomaticComplexity="1" maxCrapScore="2" minCrapScore="2" visitedClasses="0" numClasses="0" visitedMethods="0" numMethods="1" />
              <MetadataToken>100663345</MetadataToken>
[...]
                <SequencePoint vc="150" uspid="1732" ordinal="5" offset="19" sl="114" sc="13" el="114" ec="14" bec="0" bev="0" fileid="265" />
                <SequencePoint vc="150" uspid="1733" ordinal="6" offset="20" sl="111" sc="37" el="111" ec="40" bec="0" bev="0" fileid="265" />
                <SequencePoint vc="165" uspid="1734" ordinal="7" offset="24" sl="111" sc="29" el="111" ec="35" bec="2" bev="2" fileid="265" />
                <SequencePoint vc="15" uspid="1735" ordinal="8" offset="33" sl="116" sc="13" el="116" ec="30" bec="0" bev="0" fileid="265" />
                <SequencePoint vc="15" uspid="1736" ordinal="9" offset="40" sl="117" sc="9" el="117" ec="10" bec="0" bev="0" fileid="265" />
              </SequencePoints>
              <BranchPoints>
                <BranchPoint vc="15" uspid="1737" ordinal="0" offset="31" sl="111" path="0" offsetend="33" fileid="265" />
                <BranchPoint vc="150" uspid="1738" ordinal="1" offset="31" sl="111" path="1" offsetend="7" fileid="265" />
              </BranchPoints>
              <MethodPoint xsi:type="SequencePoint" vc="15" uspid="1727" ordinal="0" offset="0" sl="109" sc="9" el="109" ec="10" bec="0" bev="0" fileid="265" />
            </Method>
          </Methods>
        </Class>
        <Class>
          <Summary numSequencePoints="62" visitedSequencePoints="49" numBranchPoints="25" visitedBranchPoints="17" sequenceCoverage="79.03" branchCoverage="68" maxCyclomaticComplexity="6" minCyclomaticComplexity="1" maxCrapScore="7.33" minCrapScore="1" visitedClasses="1" numClasses="1" visitedMethods="6" numMethods="7" />
          <FullName>NDD.Nfe.Infra.ExtensionMethods.CNPJ.CNPJValidator</FullName>
          <Methods>
            <Method visited="false" cyclomaticComplexity="2" nPathComplexity="2" sequenceCoverage="0" branchCoverage="0" crapScore="6" isConstructor="false" isStatic="true" isGetter="false" isSetter="false">
              <Summary numSequencePoints="6" visitedSequencePoints="0" numBranchPoints="3" visitedBranchPoints="0" sequenceCoverage="0" branchCoverage="0" maxCyclomaticComplexity="2" minCyclomaticComplexity="2" maxCrapScore="6" minCrapScore="6" visitedClasses="0" numClasses="0" visitedMethods="0" numMethods="1" />
              <MetadataToken>100663339</MetadataToken>
              <Name>System.String NDD.Nfe.Infra.ExtensionMethods.CNPJ.CNPJValidator::Format(System.String)</Name>
              <FileRef uid="266" />
              <SequencePoints>
                <SequencePoint vc="0" uspid="1739" ordinal="0" offset="0" sl="17" sc="9" el="17" ec="10" bec="0" bev="0" fileid="266" />
                <SequencePoint vc="0" uspid="1740" ordinal="1" offset="1" sl="18" sc="13" el="18" ec="31" bec="2" bev="0" fileid="266" />
                <SequencePoint vc="0" uspid="1741" ordinal="2" offset="14" sl="19" sc="13" el="19" ec="14" bec="0" bev="0" fileid="266" />
                <SequencePoint vc="0" uspid="1742" ordinal="3" offset="15" sl="20" sc="17" el="25" ec="53" bec="0" bev="0" fileid="266" />
                <SequencePoint vc="0" uspid="1743" ordinal="4" offset="255" sl="28" sc="13" el="28" ec="25" bec="0" bev="0" fileid="266" />
                <SequencePoint vc="0" uspid="1744" ordinal="5" offset="259" sl="29" sc="9" el="29" ec="10" bec="0" bev="0" fileid="266" />
              </SequencePoints>
              <BranchPoints>
                <BranchPoint vc="0" uspid="1745" ordinal="0" offset="9" sl="18" path="0" offsetend="14" fileid="266" />
                <BranchPoint vc="0" uspid="1746" ordinal="1" offset="9" sl="18" path="1" offsetend="255" fileid="266" />
              </BranchPoints>
              <MethodPoint xsi:type="SequencePoint" vc="0" uspid="1739" ordinal="0" offset="0" sl="17" sc="9" el="17" ec="10" bec="0" bev="0" fileid="266" />
            </Method>
            <Method visited="true" cyclomaticComplexity="6" nPathComplexity="32" sequenceCoverage="66.67" branchCoverage="54.55" crapScore="7.33" isConstructor="false" isStatic="true" isGetter="false" isSetter="false">
              <Summary numSequencePoints="21" visitedSequencePoints="14" numBranchPoints="11" visitedBranchPoints="6" sequenceCoverage="66.67" branchCoverage="54.55" maxCyclomaticComplexity="6" minCyclomaticComplexity="6" maxCrapScore="7.33" minCrapScore="7.33" visitedClasses="0" numClasses="0" visitedMethods="1" numMethods="1" />
              <MetadataToken>100663340</MetadataToken>
              <Name>System.Boolean NDD.Nfe.Infra.ExtensionMethods.CNPJ.CNPJValidator::IsValid(System.String)</Name>
              <FileRef uid="266" />
              <SequencePoints>
                <SequencePoint vc="31" uspid="1747" ordinal="0" offset="0" sl="32" sc="9" el="32" ec="10" bec="0" bev="0" fileid="266" />
                <SequencePoint vc="31" uspid="1748" ordinal="1" offset="1" sl="35" sc="13" el="35" ec="55" bec="0" bev="0" fileid="266" />
                <SequencePoint vc="31" uspid="1749" ordinal="2" offset="9" sl="37" sc="13" el="37" ec="35" bec="2" bev="1" fileid="266" />
                <SequencePoint vc="0" uspid="1750" ordinal="3" offset="26" sl="38" sc="17" el="38" ec="30" bec="0" bev="0" fileid="266" />
                <SequencePoint vc="31" uspid="1751" ordinal="4" offset="30" sl="40" sc="13" el="40" ec="49" bec="0" bev="0" fileid="266" />
                <SequencePoint vc="31" uspid="1752" ordinal="5" offset="37" sl="42" sc="13" el="42" ec="60" bec="0" bev="0" fileid="266" />
                <SequencePoint vc="31" uspid="1753" ordinal="6" offset="44" sl="43" sc="13" el="43" ec="27" bec="2" bev="1" fileid="266" />
                <SequencePoint vc="0" uspid="1754" ordinal="7" offset="54" sl="44" sc="17" el="44" ec="27" bec="0" bev="0" fileid="266" />
                <SequencePoint vc="31" uspid="1755" ordinal="8" offset="58" sl="46" sc="17" el="46" ec="36" bec="0" bev="0" fileid="266" />
                <SequencePoint vc="31" uspid="1756" ordinal="9" offset="63" sl="48" sc="13" el="48" ec="38" bec="2" bev="1" fileid="266" />
                <SequencePoint vc="0" uspid="1757" ordinal="10" offset="79" sl="49" sc="13" el="49" ec="14" bec="0" bev="0" fileid="266" />
                <SequencePoint vc="0" uspid="1758" ordinal="11" offset="80" sl="50" sc="17" el="50" ec="30" bec="0" bev="0" fileid="266" />
                <SequencePoint vc="31" uspid="1759" ordinal="12" offset="84" sl="53" sc="13" el="53" ec="61" bec="0" bev="0" fileid="266" />
                <SequencePoint vc="31" uspid="1760" ordinal="13" offset="91" sl="54" sc="13" el="54" ec="27" bec="2" bev="1" fileid="266" />
                <SequencePoint vc="0" uspid="1761" ordinal="14" offset="101" sl="55" sc="17" el="55" ec="27" bec="0" bev="0" fileid="266" />
                <SequencePoint vc="31" uspid="1762" ordinal="15" offset="105" sl="57" sc="17" el="57" ec="36" bec="0" bev="0" fileid="266" />
                <SequencePoint vc="31" uspid="1763" ordinal="16" offset="110" sl="59" sc="13" el="59" ec="38" bec="2" bev="1" fileid="266" />
                <SequencePoint vc="0" uspid="1764" ordinal="17" offset="126" sl="60" sc="13" el="60" ec="14" bec="0" bev="0" fileid="266" />
                <SequencePoint vc="0" uspid="1765" ordinal="18" offset="127" sl="61" sc="17" el="61" ec="30" bec="0" bev="0" fileid="266" />
                <SequencePoint vc="31" uspid="1766" ordinal="19" offset="131" sl="64" sc="13" el="64" ec="25" bec="0" bev="0" fileid="266" />
                <SequencePoint vc="31" uspid="1767" ordinal="20" offset="135" sl="65" sc="9" el="65" ec="10" bec="0" bev="0" fileid="266" />
              </SequencePoints>
              <BranchPoints>
                <BranchPoint vc="0" uspid="1768" ordinal="0" offset="24" sl="37" path="0" offsetend="26" fileid="266" />
                <BranchPoint vc="31" uspid="1769" ordinal="1" offset="24" sl="37" path="1" offsetend="30" fileid="266" />
                <BranchPoint vc="0" uspid="1770" ordinal="2" offset="52" sl="43" path="0" offsetend="54" fileid="266" />
                <BranchPoint vc="31" uspid="1771" ordinal="3" offset="52" sl="43" path="1" offsetend="58" fileid="266" />
                <BranchPoint vc="0" uspid="1772" ordinal="4" offset="77" sl="48" path="0" offsetend="79" fileid="266" />
                <BranchPoint vc="31" uspid="1773" ordinal="5" offset="77" sl="48" path="1" offsetend="84" fileid="266" />
                <BranchPoint vc="0" uspid="1774" ordinal="6" offset="99" sl="54" path="0" offsetend="101" fileid="266" />
                <BranchPoint vc="31" uspid="1775" ordinal="7" offset="99" sl="54" path="1" offsetend="105" fileid="266" />
                <BranchPoint vc="0" uspid="1776" ordinal="8" offset="124" sl="59" path="0" offsetend="126" fileid="266" />
                <BranchPoint vc="31" uspid="1777" ordinal="9" offset="124" sl="59" path="1" offsetend="131" fileid="266" />
              </BranchPoints>
              <MethodPoint xsi:type="SequencePoint" vc="31" uspid="1747" ordinal="0" offset="0" sl="32" sc="9" el="32" ec="10" bec="0" bev="0" fileid="266" />
            </Method>
            <Method visited="true" cyclomaticComplexity="1" nPathComplexity="0" sequenceCoverage="100" branchCoverage="100" crapScore="1" isConstructor="false" isStatic="true" isGetter="false" isSetter="false">
              <Summary numSequencePoints="3" visitedSequencePoints="3" numBranchPoints="1" visitedBranchPoints="1" sequenceCoverage="100" branchCoverage="100" maxCyclomaticComplexity="1" minCyclomaticComplexity="1" maxCrapScore="1" minCrapScore="1" visitedClasses="0" numClasses="0" visitedMethods="1" numMethods="1" />
              <MetadataToken>100663341</MetadataToken>
              <Name>System.String NDD.Nfe.Infra.ExtensionMethods.CNPJ.CNPJValidator::ReplaceNonNumericCharacters(System.String)</Name>
              <FileRef uid="266" />
              <SequencePoints>
                <SequencePoint vc="31" uspid="1778" ordinal="0" offset="0" sl="68" sc="9" el="68" ec="10" bec="0" bev="0" fileid="266" />
                <SequencePoint vc="31" uspid="1779" ordinal="1" offset="1" sl="69" sc="13" el="69" ec="83" bec="0" bev="0" fileid="266" />
                <SequencePoint vc="31" uspid="1780" ordinal="2" offset="55" sl="70" sc="9" el="70" ec="10" bec="0" bev="0" fileid="266" />
              </SequencePoints>
              <BranchPoints />
              <MethodPoint xsi:type="SequencePoint" vc="31" uspid="1778" ordinal="0" offset="0" sl="68" sc="9" el="68" ec="10" bec="0" bev="0" fileid="266" />
            </Method>
            <Method visited="true" cyclomaticComplexity="2" nPathComplexity="2" sequenceCoverage="100" branchCoverage="100" crapScore="2" isConstructor="false" isStatic="true" isGetter="false" isSetter="false">
              <Summary numSequencePoints="10" visitedSequencePoints="10" numBranchPoints="3" visitedBranchPoints="3" sequenceCoverage="100" branchCoverage="100" maxCyclomaticComplexity="2" minCyclomaticComplexity="2" maxCrapScore="2" minCrapScore="2" visitedClasses="0" numClasses="0" visitedMethods="1" numMethods="1" />
              <MetadataToken>100663342</MetadataToken>
              <Name>System.Int32[] NDD.Nfe.Infra.ExtensionMethods.CNPJ.CNPJValidator::ParseToArray(System.String)</Name>
              <FileRef uid="266" />
              <SequencePoints>
                <SequencePoint vc="31" uspid="1781" ordinal="0" offset="0" sl="73" sc="9" el="73" ec="10" bec="0" bev="0" fileid="266" />
                <SequencePoint vc="31" uspid="1782" ordinal="1" offset="1" sl="74" sc="13" el="74" ec="41" bec="0" bev="0" fileid="266" />
                <SequencePoint vc="31" uspid="1783" ordinal="2" offset="9" sl="75" sc="18" el="75" ec="27" bec="0" bev="0" fileid="266" />
                <SequencePoint vc="434" uspid="1784" ordinal="3" offset="13" sl="76" sc="13" el="76" ec="14" bec="0" bev="0" fileid="266" />
                <SequencePoint vc="434" uspid="1785" ordinal="4" offset="14" sl="77" sc="17" el="77" ec="60" bec="0" bev="0" fileid="266" />
                <SequencePoint vc="434" uspid="1786" ordinal="5" offset="37" sl="78" sc="13" el="78" ec="14" bec="0" bev="0" fileid="266" />
                <SequencePoint vc="434" uspid="1787" ordinal="6" offset="38" sl="75" sc="37" el="75" ec="40" bec="0" bev="0" fileid="266" />
                <SequencePoint vc="465" uspid="1788" ordinal="7" offset="42" sl="75" sc="29" el="75" ec="35" bec="2" bev="2" fileid="266" />
                <SequencePoint vc="31" uspid="1789" ordinal="8" offset="51" sl="80" sc="13" el="80" ec="28" bec="0" bev="0" fileid="266" />
                <SequencePoint vc="31" uspid="1790" ordinal="9" offset="56" sl="81" sc="9" el="81" ec="10" bec="0" bev="0" fileid="266" />
              </SequencePoints>
              <BranchPoints>
                <BranchPoint vc="31" uspid="1791" ordinal="0" offset="49" sl="75" path="0" offsetend="51" fileid="266" />
                <BranchPoint vc="434" uspid="1792" ordinal="1" offset="49" sl="75" path="1" offsetend="13" fileid="266" />
              </BranchPoints>
              <MethodPoint xsi:type="SequencePoint" vc="31" uspid="1781" ordinal="0" offset="0" sl="73" sc="9" el="73" ec="10" bec="0" bev="0" fileid="266" />
            </Method>
            <Method visited="true" cyclomaticComplexity="2" nPathComplexity="2" sequenceCoverage="100" branchCoverage="100" crapScore="2" isConstructor="false" isStatic="true" isGetter="false" isSetter="false">
              <Summary numSequencePoints="10" visitedSequencePoints="10" numBranchPoints="3" visitedBranchPoints="3" sequenceCoverage="100" branchCoverage="100" maxCyclomaticComplexity="2" minCyclomaticComplexity="2" maxCrapScore="2" minCrapScore="2" visitedClasses="0" numClasses="0" visitedMethods="1" numMethods="1" />
              <MetadataToken>100663343</MetadataToken>
              <Name>System.Int32 NDD.Nfe.Infra.ExtensionMethods.CNPJ.CNPJValidator::CalculateFirstVerifyingDigit(System.Int32[])</Name>
              <FileRef uid="266" />
              <SequencePoints>
                <SequencePoint vc="31" uspid="1793" ordinal="0" offset="0" sl="84" sc="9" el="84" ec="10" bec="0" bev="0" fileid="266" />
                <SequencePoint vc="31" uspid="1794" ordinal="1" offset="1" sl="85" sc="13" el="85" ec="25" bec="0" bev="0" fileid="266" />
                <SequencePoint vc="31" uspid="1795" ordinal="2" offset="3" sl="86" sc="18" el="86" ec="27" bec="0" bev="0" fileid="266" />
                <SequencePoint vc="372" uspid="1796" ordinal="3" offset="7" sl="87" sc="13" el="87" ec="14" bec="0" bev="0" fileid="266" />
                <SequencePoint vc="372" uspid="1797" ordinal="4" offset="8" sl="88" sc="17" el="88" ec="52" bec="0" bev="0" fileid="266" />
                <SequencePoint vc="372" uspid="1798" ordinal="5" offset="22" sl="89" sc="13" el="89" ec="14" bec="0" bev="0" fileid="266" />
                <SequencePoint vc="372" uspid="1799" ordinal="6" offset="23" sl="86" sc="37" el="86" ec="40" bec="0" bev="0" fileid="266" />
                <SequencePoint vc="403" uspid="1800" ordinal="7" offset="27" sl="86" sc="29" el="86" ec="35" bec="2" bev="2" fileid="266" />
                <SequencePoint vc="31" uspid="1801" ordinal="8" offset="36" sl="91" sc="13" el="91" ec="31" bec="0" bev="0" fileid="266" />
                <SequencePoint vc="31" uspid="1802" ordinal="9" offset="43" sl="92" sc="9" el="92" ec="10" bec="0" bev="0" fileid="266" />
              </SequencePoints>
              <BranchPoints>
                <BranchPoint vc="31" uspid="1803" ordinal="0" offset="34" sl="86" path="0" offsetend="36" fileid="266" />
                <BranchPoint vc="372" uspid="1804" ordinal="1" offset="34" sl="86" path="1" offsetend="7" fileid="266" />
              </BranchPoints>
              <MethodPoint xsi:type="SequencePoint" vc="31" uspid="1793" ordinal="0" offset="0" sl="84" sc="9" el="84" ec="10" bec="0" bev="0" fileid="266" />
            </Method>
            <Method visited="true" cyclomaticComplexity="2" nPathComplexity="2" sequenceCoverage="100" branchCoverage="100" crapScore="2" isConstructor="false" isStatic="true" isGetter="false" isSetter="false">
              <Summary numSequencePoints="10" visitedSequencePoints="10" numBranchPoints="3" visitedBranchPoints="3" sequenceCoverage="100" branchCoverage="100" maxCyclomaticComplexity="2" minCyclomaticComplexity="2" maxCrapScore="2" minCrapScore="2" visitedClasses="0" numClasses="0" visitedMethods="1" numMethods="1" />
              <MetadataToken>100663344</MetadataToken>
              <Name>System.Int32 NDD.Nfe.Infra.ExtensionMethods.CNPJ.CNPJValidator::CalculateSecondVerifyingDigit(System.Int32[])</Name>
              <FileRef uid="266" />
              <SequencePoints>
                <SequencePoint vc="31" uspid="1805" ordinal="0" offset="0" sl="95" sc="9" el="95" ec="10" bec="0" bev="0" fileid="266" />
                <SequencePoint vc="31" uspid="1806" ordinal="1" offset="1" sl="96" sc="13" el="96" ec="25" bec="0" bev="0" fileid="266" />
                <SequencePoint vc="31" uspid="1807" ordinal="2" offset="3" sl="97" sc="18" el="97" ec="27" bec="0" bev="0" fileid="266" />
                <SequencePoint vc="403" uspid="1808" ordinal="3" offset="7" sl="98" sc="13" el="98" ec="14" bec="0" bev="0" fileid="266" />
                <SequencePoint vc="403" uspid="1809" ordinal="4" offset="8" sl="99" sc="17" el="99" ec="52" bec="0" bev="0" fileid="266" />
                <SequencePoint vc="403" uspid="1810" ordinal="5" offset="22" sl="100" sc="13" el="100" ec="14" bec="0" bev="0" fileid="266" />
                <SequencePoint vc="403" uspid="1811" ordinal="6" offset="23" sl="97" sc="37" el="97" ec="40" bec="0" bev="0" fileid="266" />
                <SequencePoint vc="434" uspid="1812" ordinal="7" offset="27" sl="97" sc="29" el="97" ec="35" bec="2" bev="2" fileid="266" />
                <SequencePoint vc="31" uspid="1813" ordinal="8" offset="36" sl="102" sc="13" el="102" ec="31" bec="0" bev="0" fileid="266" />
                <SequencePoint vc="31" uspid="1814" ordinal="9" offset="43" sl="103" sc="9" el="103" ec="10" bec="0" bev="0" fileid="266" />
              </SequencePoints>
              <BranchPoints>
                <BranchPoint vc="31" uspid="1815" ordinal="0" offset="34" sl="97" path="0" offsetend="36" fileid="266" />
                <BranchPoint vc="403" uspid="1816" ordinal="1" offset="34" sl="97" path="1" offsetend="7" fileid="266" />
              </BranchPoints>
              <MethodPoint xsi:type="SequencePoint" vc="31" uspid="1805" ordinal="0" offset="0" sl="95" sc="9" el="95" ec="10" bec="0" bev="0" fileid="266" />
            </Method>
            <Method visited="true" cyclomaticComplexity="1" nPathComplexity="0" sequenceCoverage="100" branchCoverage="100" crapScore="1" isConstructor="true" isStatic="true" isGetter="false" isSetter="false">
              <Summary numSequencePoints="2" visitedSequencePoints="2" numBranchPoints="1" visitedBranchPoints="1" sequenceCoverage="100" branchCoverage="100" maxCyclomaticComplexity="1" minCyclomaticComplexity="1" maxCrapScore="1" minCrapScore="1" visitedClasses="0" numClasses="0" visitedMethods="1" numMethods="1" />
              <MetadataToken>100663345</MetadataToken>
              <Name>System.Void NDD.Nfe.Infra.ExtensionMethods.CNPJ.CNPJValidator::.cctor()</Name>
              <FileRef uid="266" />
              <SequencePoints>
                <SequencePoint vc="1" uspid="1817" ordinal="0" offset="0" sl="12" sc="9" el="12" ec="104" bec="0" bev="0" fileid="266" />
                <SequencePoint vc="1" uspid="1818" ordinal="1" offset="23" sl="13" sc="9" el="13" ec="107" bec="0" bev="0" fileid="266" />
              </SequencePoints>
              <BranchPoints />
              <MethodPoint xsi:type="SequencePoint" vc="1" uspid="1817" ordinal="0" offset="0" sl="12" sc="9" el="12" ec="104" bec="0" bev="0" fileid="266" />
            </Method>
          </Methods>
        </Class>
      </Classes>
    </Module>
  </Modules>
</CoverageSession>