<?xml version="1.0" encoding="utf-8"?>
<CoverageSession xmlns:xsd="http://www.w3.org/2001/XMLSchema" xmlns:xsi="http://www.w3.org/2001/XMLSchema-instance" Version="4.6.0.0">
  <Summary numSequencePoints="1335" visitedSequencePoints="297" numBranchPoints="499" visitedBranchPoints="80" sequenceCoverage="22.25" branchCoverage="16.03" maxCyclomaticComplexity="22" minCyclomaticComplexity="0" maxCrapScore="506" minCrapScore="0" visitedClasses="10" numClasses="23" visitedMethods="42" numMethods="229" />
  <Modules>
    <Module hash="60-C8-D1-B9-A7-E5-4F-E5-3B-6A-92-D7-B0-F9-51-9D-7A-5D-1A-39">
      <Summary numSequencePoints="530" visitedSequencePoints="45" numBranchPoints="161" visitedBranchPoints="15" sequenceCoverage="8.49" branchCoverage="9.32" maxCyclomaticComplexity="1" minCyclomaticComplexity="1" maxCrapScore="2" minCrapScore="1" visitedClasses="1" numClasses="2" visitedMethods="15" numMethods="161" />
      <ModulePath>C:\Users\ndduser\Desktop\AcademiaProgramador2018\TheSolutionBrothers\TheSolutionBrothers\Projeto_NFe\NDD.NFe\NDD.NFe.Infra.PDF.Tests\bin\Debug\NDD.NFe.Common.Tests.dll</ModulePath>
      <ModuleTime>2018-06-14T20:48:28.9974312Z</ModuleTime>
      <ModuleName>NDD.NFe.Common.Tests</ModuleName>
      <Files>
        <File uid="1" fullPath="C:\Users\ndduser\Desktop\AcademiaProgramador2018\TheSolutionBrothers\TheSolutionBrothers\Projeto_NFe\NDD.NFe\NDD.NFe.Common.Tests\Features\Addresses\ObjectMother.cs" />
        <File uid="2" fullPath="C:\Users\ndduser\Desktop\AcademiaProgramador2018\TheSolutionBrothers\TheSolutionBrothers\Projeto_NFe\NDD.NFe\NDD.NFe.Common.Tests\Features\InvoiceCarriers\ObjectMother.cs" />
        <File uid="3" fullPath="C:\Users\ndduser\Desktop\AcademiaProgramador2018\TheSolutionBrothers\TheSolutionBrothers\Projeto_NFe\NDD.NFe\NDD.NFe.Common.Tests\Features\InvoiceItems\ObjectMother.cs" />
        <File uid="4" fullPath="C:\Users\ndduser\Desktop\AcademiaProgramador2018\TheSolutionBrothers\TheSolutionBrothers\Projeto_NFe\NDD.NFe\NDD.NFe.Common.Tests\Features\InvoiceReceivers\ObjectMother.cs" />
        <File uid="5" fullPath="C:\Users\ndduser\Desktop\AcademiaProgramador2018\TheSolutionBrothers\TheSolutionBrothers\Projeto_NFe\NDD.NFe\NDD.NFe.Common.Tests\Features\InvoiceSenders\ObjectMother.cs" />
        <File uid="6" fullPath="C:\Users\ndduser\Desktop\AcademiaProgramador2018\TheSolutionBrothers\TheSolutionBrothers\Projeto_NFe\NDD.NFe\NDD.NFe.Common.Tests\Features\Invoices\ObjectMother.cs" />
        <File uid="7" fullPath="C:\Users\ndduser\Desktop\AcademiaProgramador2018\TheSolutionBrothers\TheSolutionBrothers\Projeto_NFe\NDD.NFe\NDD.NFe.Common.Tests\Features\KeysAccess\ObjectMother.cs" />
        <File uid="8" fullPath="C:\Users\ndduser\Desktop\AcademiaProgramador2018\TheSolutionBrothers\TheSolutionBrothers\Projeto_NFe\NDD.NFe\NDD.NFe.Common.Tests\Features\InvoiceTaxes\ObjectMother.cs" />
        <File uid="9" fullPath="C:\Users\ndduser\Desktop\AcademiaProgramador2018\TheSolutionBrothers\TheSolutionBrothers\Projeto_NFe\NDD.NFe\NDD.NFe.Common.Tests\Features\Receivers\ObjectMother.cs" />
        <File uid="10" fullPath="C:\Users\ndduser\Desktop\AcademiaProgramador2018\TheSolutionBrothers\TheSolutionBrothers\Projeto_NFe\NDD.NFe\NDD.NFe.Common.Tests\Features\Carriers\ObjectMother.cs" />
        <File uid="11" fullPath="C:\Users\ndduser\Desktop\AcademiaProgramador2018\TheSolutionBrothers\TheSolutionBrothers\Projeto_NFe\NDD.NFe\NDD.NFe.Common.Tests\Features\Senders\ObjectMother.cs" />
        <File uid="12" fullPath="C:\Users\ndduser\Desktop\AcademiaProgramador2018\TheSolutionBrothers\TheSolutionBrothers\Projeto_NFe\NDD.NFe\NDD.NFe.Common.Tests\Features\CNPJs\ObjectMother.cs" />
        <File uid="13" fullPath="C:\Users\ndduser\Desktop\AcademiaProgramador2018\TheSolutionBrothers\TheSolutionBrothers\Projeto_NFe\NDD.NFe\NDD.NFe.Common.Tests\Features\CPFs\ObjectMother.cs" />
        <File uid="14" fullPath="C:\Users\ndduser\Desktop\AcademiaProgramador2018\TheSolutionBrothers\TheSolutionBrothers\Projeto_NFe\NDD.NFe\NDD.NFe.Common.Tests\Features\Products\ObjectMother.cs" />
        <File uid="15" fullPath="C:\Users\ndduser\Desktop\AcademiaProgramador2018\TheSolutionBrothers\TheSolutionBrothers\Projeto_NFe\NDD.NFe\NDD.NFe.Common.Tests\Features\TaxProducts\ObjectMother.cs" />
        <File uid="16" fullPath="C:\Users\ndduser\Desktop\AcademiaProgramador2018\TheSolutionBrothers\TheSolutionBrothers\Projeto_NFe\NDD.NFe\NDD.NFe.Common.Tests\Base\BaseSqlTest.cs" />
      </Files>
      <Classes>
        <Class>
          <Summary numSequencePoints="479" visitedSequencePoints="45" numBranchPoints="159" visitedBranchPoints="15" sequenceCoverage="9.39" branchCoverage="9.43" maxCyclomaticComplexity="1" minCyclomaticComplexity="1" maxCrapScore="2" minCrapScore="1" visitedClasses="1" numClasses="1" visitedMethods="15" numMethods="159" />
          <FullName>NDD.NFe.Common.Tests.Features.ObjectMothers.ObjectMother</FullName>
          <Methods>
            <Method visited="false" cyclomaticComplexity="1" nPathComplexity="0" sequenceCoverage="0" branchCoverage="0" crapScore="2" isConstructor="false" isStatic="true" isGetter="false" isSetter="false">
              <Summary numSequencePoints="3" visitedSequencePoints="0" numBranchPoints="1" visitedBranchPoints="0" sequenceCoverage="0" branchCoverage="0" maxCyclomaticComplexity="1" minCyclomaticComplexity="1" maxCrapScore="2" minCrapScore="2" visitedClasses="0" numClasses="0" visitedMethods="0" numMethods="1" />
              <MetadataToken>100663297</MetadataToken>
              <Name>NDD.NFe.Domain.Features.Addresses.Address NDD.NFe.Common.Tests.Features.ObjectMothers.ObjectMother::GetNewValidAddress()</Name>
              <FileRef uid="1" />
              <SequencePoints>
                <SequencePoint vc="0" uspid="1" ordinal="0" offset="0" sl="16" sc="9" el="16" ec="10" bec="0" bev="0" fileid="1" />
                <SequencePoint vc="0" uspid="2" ordinal="1" offset="1" sl="17" sc="13" el="25" ec="15" bec="0" bev="0" fileid="1" />
                <SequencePoint vc="0" uspid="3" ordinal="2" offset="77" sl="26" sc="9" el="26" ec="10" bec="0" bev="0" fileid="1" />
              </SequencePoints>
              <BranchPoints />
              <MethodPoint xsi:type="SequencePoint" vc="0" uspid="1" ordinal="0" offset="0" sl="16" sc="9" el="16" ec="10" bec="0" bev="0" fileid="1" />
            </Method>
            <Method visited="true" cyclomaticComplexity="1" nPathComplexity="0" sequenceCoverage="100" branchCoverage="100" crapScore="1" isConstructor="false" isStatic="true" isGetter="false" isSetter="false">
              <Summary numSequencePoints="3" visitedSequencePoints="3" numBranchPoints="1" visitedBranchPoints="1" sequenceCoverage="100" branchCoverage="100" maxCyclomaticComplexity="1" minCyclomaticComplexity="1" maxCrapScore="1" minCrapScore="1" visitedClasses="0" numClasses="0" visitedMethods="1" numMethods="1" />
              <MetadataToken>100663298</MetadataToken>
              <Name>NDD.NFe.Domain.Features.Addresses.Address NDD.NFe.Common.Tests.Features.ObjectMothers.ObjectMother::GetExistentValidAddress()</Name>
              <FileRef uid="1" />
              <SequencePoints>
                <SequencePoint vc="2" uspid="4" ordinal="0" offset="0" sl="29" sc="9" el="29" ec="10" bec="0" bev="0" fileid="1" />
                <SequencePoint vc="2" uspid="5" ordinal="1" offset="1" sl="30" sc="13" el="39" ec="15" bec="0" bev="0" fileid="1" />
                <SequencePoint vc="2" uspid="6" ordinal="2" offset="86" sl="40" sc="9" el="40" ec="10" bec="0" bev="0" fileid="1" />
              </SequencePoints>
              <BranchPoints />
              <MethodPoint xsi:type="SequencePoint" vc="2" uspid="4" ordinal="0" offset="0" sl="29" sc="9" el="29" ec="10" bec="0" bev="0" fileid="1" />
            </Method>
            <Method visited="false" cyclomaticComplexity="1" nPathComplexity="0" sequenceCoverage="0" branchCoverage="0" crapScore="2" isConstructor="false" isStatic="true" isGetter="false" isSetter="false">
              <Summary numSequencePoints="3" visitedSequencePoints="0" numBranchPoints="1" visitedBranchPoints="0" sequenceCoverage="0" branchCoverage="0" maxCyclomaticComplexity="1" minCyclomaticComplexity="1" maxCrapScore="2" minCrapScore="2" visitedClasses="0" numClasses="0" visitedMethods="0" numMethods="1" />
              <MetadataToken>100663299</MetadataToken>
              <Name>NDD.NFe.Domain.Features.Addresses.Address NDD.NFe.Common.Tests.Features.ObjectMothers.ObjectMother::GetExistentValidAddressWithoutDependency()</Name>
              <FileRef uid="1" />
              <SequencePoints>
                <SequencePoint vc="0" uspid="7" ordinal="0" offset="0" sl="43" sc="9" el="43" ec="10" bec="0" bev="0" fileid="1" />
                <SequencePoint vc="0" uspid="8" ordinal="1" offset="1" sl="44" sc="13" el="53" ec="15" bec="0" bev="0" fileid="1" />
                <SequencePoint vc="0" uspid="9" ordinal="2" offset="86" sl="54" sc="9" el="54" ec="10" bec="0" bev="0" fileid="1" />
              </SequencePoints>
              <BranchPoints />
              <MethodPoint xsi:type="SequencePoint" vc="0" uspid="7" ordinal="0" offset="0" sl="43" sc="9" el="43" ec="10" bec="0" bev="0" fileid="1" />
            </Method>
            <Method visited="false" cyclomaticComplexity="1" nPathComplexity="0" sequenceCoverage="0" branchCoverage="0" crapScore="2" isConstructor="false" isStatic="true" isGetter="false" isSetter="false">
              <Summary numSequencePoints="3" visitedSequencePoints="0" numBranchPoints="1" visitedBranchPoints="0" sequenceCoverage="0" branchCoverage="0" maxCyclomaticComplexity="1" minCyclomaticComplexity="1" maxCrapScore="2" minCrapScore="2" visitedClasses="0" numClasses="0" visitedMethods="0" numMethods="1" />
              <MetadataToken>100663300</MetadataToken>
              <Name>NDD.NFe.Domain.Features.Addresses.Address NDD.NFe.Common.Tests.Features.ObjectMothers.ObjectMother::GetInvalidAddressWithNegativeNumber()</Name>
              <FileRef uid="1" />
              <SequencePoints>
                <SequencePoint vc="0" uspid="10" ordinal="0" offset="0" sl="57" sc="9" el="57" ec="10" bec="0" bev="0" fileid="1" />
                <SequencePoint vc="0" uspid="11" ordinal="1" offset="1" sl="58" sc="13" el="67" ec="15" bec="0" bev="0" fileid="1" />
                <SequencePoint vc="0" uspid="12" ordinal="2" offset="86" sl="68" sc="9" el="68" ec="10" bec="0" bev="0" fileid="1" />
              </SequencePoints>
              <BranchPoints />
              <MethodPoint xsi:type="SequencePoint" vc="0" uspid="10" ordinal="0" offset="0" sl="57" sc="9" el="57" ec="10" bec="0" bev="0" fileid="1" />
            </Method>
            <Method visited="false" cyclomaticComplexity="1" nPathComplexity="0" sequenceCoverage="0" branchCoverage="0" crapScore="2" isConstructor="false" isStatic="true" isGetter="false" isSetter="false">
              <Summary numSequencePoints="3" visitedSequencePoints="0" numBranchPoints="1" visitedBranchPoints="0" sequenceCoverage="0" branchCoverage="0" maxCyclomaticComplexity="1" minCyclomaticComplexity="1" maxCrapScore="2" minCrapScore="2" visitedClasses="0" numClasses="0" visitedMethods="0" numMethods="1" />
              <MetadataToken>100663301</MetadataToken>
              <Name>NDD.NFe.Domain.Features.Addresses.Address NDD.NFe.Common.Tests.Features.ObjectMothers.ObjectMother::GetInvalidAddressWithUninformedStreetName()</Name>
              <FileRef uid="1" />
              <SequencePoints>
                <SequencePoint vc="0" uspid="13" ordinal="0" offset="0" sl="71" sc="9" el="71" ec="10" bec="0" bev="0" fileid="1" />
                <SequencePoint vc="0" uspid="14" ordinal="1" offset="1" sl="72" sc="13" el="80" ec="15" bec="0" bev="0" fileid="1" />
                <SequencePoint vc="0" uspid="15" ordinal="2" offset="73" sl="81" sc="9" el="81" ec="10" bec="0" bev="0" fileid="1" />
              </SequencePoints>
              <BranchPoints />
              <MethodPoint xsi:type="SequencePoint" vc="0" uspid="13" ordinal="0" offset="0" sl="71" sc="9" el="71" ec="10" bec="0" bev="0" fileid="1" />
            </Method>
            <Method visited="false" cyclomaticComplexity="1" nPathComplexity="0" sequenceCoverage="0" branchCoverage="0" crapScore="2" isConstructor="false" isStatic="true" isGetter="false" isSetter="false">
              <Summary numSequencePoints="3" visitedSequencePoints="0" numBranchPoints="1" visitedBranchPoints="0" sequenceCoverage="0" branchCoverage="0" maxCyclomaticComplexity="1" minCyclomaticComplexity="1" maxCrapScore="2" minCrapScore="2" visitedClasses="0" numClasses="0" visitedMethods="0" numMethods="1" />
              <MetadataToken>100663302</MetadataToken>
              <Name>NDD.NFe.Domain.Features.Addresses.Address NDD.NFe.Common.Tests.Features.ObjectMothers.ObjectMother::GetInvalidAddressWithUninformedNeighborhood()</Name>
              <FileRef uid="1" />
              <SequencePoints>
                <SequencePoint vc="0" uspid="16" ordinal="0" offset="0" sl="84" sc="9" el="84" ec="10" bec="0" bev="0" fileid="1" />
                <SequencePoint vc="0" uspid="17" ordinal="1" offset="1" sl="85" sc="13" el="93" ec="15" bec="0" bev="0" fileid="1" />
                <SequencePoint vc="0" uspid="18" ordinal="2" offset="73" sl="94" sc="9" el="94" ec="10" bec="0" bev="0" fileid="1" />
              </SequencePoints>
              <BranchPoints />
              <MethodPoint xsi:type="SequencePoint" vc="0" uspid="16" ordinal="0" offset="0" sl="84" sc="9" el="84" ec="10" bec="0" bev="0" fileid="1" />
            </Method>
            <Method visited="false" cyclomaticComplexity="1" nPathComplexity="0" sequenceCoverage="0" branchCoverage="0" crapScore="2" isConstructor="false" isStatic="true" isGetter="false" isSetter="false">
              <Summary numSequencePoints="3" visitedSequencePoints="0" numBranchPoints="1" visitedBranchPoints="0" sequenceCoverage="0" branchCoverage="0" maxCyclomaticComplexity="1" minCyclomaticComplexity="1" maxCrapScore="2" minCrapScore="2" visitedClasses="0" numClasses="0" visitedMethods="0" numMethods="1" />
              <MetadataToken>100663303</MetadataToken>
              <Name>NDD.NFe.Domain.Features.Addresses.Address NDD.NFe.Common.Tests.Features.ObjectMothers.ObjectMother::GetInvalidAddressWithUninformedCity()</Name>
              <FileRef uid="1" />
              <SequencePoints>
                <SequencePoint vc="0" uspid="19" ordinal="0" offset="0" sl="97" sc="9" el="97" ec="10" bec="0" bev="0" fileid="1" />
                <SequencePoint vc="0" uspid="20" ordinal="1" offset="1" sl="98" sc="13" el="107" ec="15" bec="0" bev="0" fileid="1" />
                <SequencePoint vc="0" uspid="21" ordinal="2" offset="82" sl="108" sc="9" el="108" ec="10" bec="0" bev="0" fileid="1" />
              </SequencePoints>
              <BranchPoints />
              <MethodPoint xsi:type="SequencePoint" vc="0" uspid="19" ordinal="0" offset="0" sl="97" sc="9" el="97" ec="10" bec="0" bev="0" fileid="1" />
            </Method>
            <Method visited="false" cyclomaticComplexity="1" nPathComplexity="0" sequenceCoverage="0" branchCoverage="0" crapScore="2" isConstructor="false" isStatic="true" isGetter="false" isSetter="false">
              <Summary numSequencePoints="3" visitedSequencePoints="0" numBranchPoints="1" visitedBranchPoints="0" sequenceCoverage="0" branchCoverage="0" maxCyclomaticComplexity="1" minCyclomaticComplexity="1" maxCrapScore="2" minCrapScore="2" visitedClasses="0" numClasses="0" visitedMethods="0" numMethods="1" />
              <MetadataToken>100663304</MetadataToken>
              <Name>NDD.NFe.Domain.Features.Addresses.Address NDD.NFe.Common.Tests.Features.ObjectMothers.ObjectMother::GetInvalidAddressWithUninformedState()</Name>
              <FileRef uid="1" />
              <SequencePoints>
                <SequencePoint vc="0" uspid="22" ordinal="0" offset="0" sl="111" sc="9" el="111" ec="10" bec="0" bev="0" fileid="1" />
                <SequencePoint vc="0" uspid="23" ordinal="1" offset="1" sl="112" sc="13" el="120" ec="15" bec="0" bev="0" fileid="1" />
                <SequencePoint vc="0" uspid="24" ordinal="2" offset="73" sl="121" sc="9" el="121" ec="10" bec="0" bev="0" fileid="1" />
              </SequencePoints>
              <BranchPoints />
              <MethodPoint xsi:type="SequencePoint" vc="0" uspid="22" ordinal="0" offset="0" sl="111" sc="9" el="111" ec="10" bec="0" bev="0" fileid="1" />
            </Method>
            <Method visited="false" cyclomaticComplexity="1" nPathComplexity="0" sequenceCoverage="0" branchCoverage="0" crapScore="2" isConstructor="false" isStatic="true" isGetter="false" isSetter="false">
              <Summary numSequencePoints="3" visitedSequencePoints="0" numBranchPoints="1" visitedBranchPoints="0" sequenceCoverage="0" branchCoverage="0" maxCyclomaticComplexity="1" minCyclomaticComplexity="1" maxCrapScore="2" minCrapScore="2" visitedClasses="0" numClasses="0" visitedMethods="0" numMethods="1" />
              <MetadataToken>100663305</MetadataToken>
              <Name>NDD.NFe.Domain.Features.Addresses.Address NDD.NFe.Common.Tests.Features.ObjectMothers.ObjectMother::GetInvalidAddressWithUninformedCountry()</Name>
              <FileRef uid="1" />
              <SequencePoints>
                <SequencePoint vc="0" uspid="25" ordinal="0" offset="0" sl="124" sc="9" el="124" ec="10" bec="0" bev="0" fileid="1" />
                <SequencePoint vc="0" uspid="26" ordinal="1" offset="1" sl="125" sc="13" el="133" ec="15" bec="0" bev="0" fileid="1" />
                <SequencePoint vc="0" uspid="27" ordinal="2" offset="73" sl="134" sc="9" el="134" ec="10" bec="0" bev="0" fileid="1" />
              </SequencePoints>
              <BranchPoints />
              <MethodPoint xsi:type="SequencePoint" vc="0" uspid="25" ordinal="0" offset="0" sl="124" sc="9" el="124" ec="10" bec="0" bev="0" fileid="1" />
            </Method>
            <Method visited="false" cyclomaticComplexity="1" nPathComplexity="0" sequenceCoverage="0" branchCoverage="0" crapScore="2" isConstructor="false" isStatic="true" isGetter="false" isSetter="false">
              <Summary numSequencePoints="3" visitedSequencePoints="0" numBranchPoints="1" visitedBranchPoints="0" sequenceCoverage="0" branchCoverage="0" maxCyclomaticComplexity="1" minCyclomaticComplexity="1" maxCrapScore="2" minCrapScore="2" visitedClasses="0" numClasses="0" visitedMethods="0" numMethods="1" />
              <MetadataToken>100663306</MetadataToken>
              <Name>NDD.NFe.Domain.Features.Addresses.Address NDD.NFe.Common.Tests.Features.ObjectMothers.ObjectMother::GetInvalidAddressWithStreetNameLengthOverflow()</Name>
              <FileRef uid="1" />
              <SequencePoints>
                <SequencePoint vc="0" uspid="28" ordinal="0" offset="0" sl="137" sc="9" el="137" ec="10" bec="0" bev="0" fileid="1" />
                <SequencePoint vc="0" uspid="29" ordinal="1" offset="1" sl="138" sc="13" el="146" ec="15" bec="0" bev="0" fileid="1" />
                <SequencePoint vc="0" uspid="30" ordinal="2" offset="77" sl="147" sc="9" el="147" ec="10" bec="0" bev="0" fileid="1" />
              </SequencePoints>
              <BranchPoints />
              <MethodPoint xsi:type="SequencePoint" vc="0" uspid="28" ordinal="0" offset="0" sl="137" sc="9" el="137" ec="10" bec="0" bev="0" fileid="1" />
            </Method>
            <Method visited="false" cyclomaticComplexity="1" nPathComplexity="0" sequenceCoverage="0" branchCoverage="0" crapScore="2" isConstructor="false" isStatic="true" isGetter="false" isSetter="false">
              <Summary numSequencePoints="3" visitedSequencePoints="0" numBranchPoints="1" visitedBranchPoints="0" sequenceCoverage="0" branchCoverage="0" maxCyclomaticComplexity="1" minCyclomaticComplexity="1" maxCrapScore="2" minCrapScore="2" visitedClasses="0" numClasses="0" visitedMethods="0" numMethods="1" />
              <MetadataToken>100663307</MetadataToken>
              <Name>NDD.NFe.Domain.Features.Addresses.Address NDD.NFe.Common.Tests.Features.ObjectMothers.ObjectMother::GetInvalidAddressWithNeighborhoodNameLengthOverflow()</Name>
              <FileRef uid="1" />
              <SequencePoints>
                <SequencePoint vc="0" uspid="31" ordinal="0" offset="0" sl="150" sc="9" el="150" ec="10" bec="0" bev="0" fileid="1" />
                <SequencePoint vc="0" uspid="32" ordinal="1" offset="1" sl="151" sc="13" el="159" ec="15" bec="0" bev="0" fileid="1" />
                <SequencePoint vc="0" uspid="33" ordinal="2" offset="77" sl="160" sc="9" el="160" ec="10" bec="0" bev="0" fileid="1" />
              </SequencePoints>
              <BranchPoints />
              <MethodPoint xsi:type="SequencePoint" vc="0" uspid="31" ordinal="0" offset="0" sl="150" sc="9" el="150" ec="10" bec="0" bev="0" fileid="1" />
            </Method>
            <Method visited="false" cyclomaticComplexity="1" nPathComplexity="0" sequenceCoverage="0" branchCoverage="0" crapScore="2" isConstructor="false" isStatic="true" isGetter="false" isSetter="false">
              <Summary numSequencePoints="3" visitedSequencePoints="0" numBranchPoints="1" visitedBranchPoints="0" sequenceCoverage="0" branchCoverage="0" maxCyclomaticComplexity="1" minCyclomaticComplexity="1" maxCrapScore="2" minCrapScore="2" visitedClasses="0" numClasses="0" visitedMethods="0" numMethods="1" />
              <MetadataToken>100663308</MetadataToken>
              <Name>NDD.NFe.Domain.Features.Addresses.Address NDD.NFe.Common.Tests.Features.ObjectMothers.ObjectMother::GetInvalidAddressWithCityNameLengthOverflow()</Name>
              <FileRef uid="1" />
              <SequencePoints>
                <SequencePoint vc="0" uspid="34" ordinal="0" offset="0" sl="163" sc="9" el="163" ec="10" bec="0" bev="0" fileid="1" />
                <SequencePoint vc="0" uspid="35" ordinal="1" offset="1" sl="164" sc="13" el="172" ec="15" bec="0" bev="0" fileid="1" />
                <SequencePoint vc="0" uspid="36" ordinal="2" offset="77" sl="173" sc="9" el="173" ec="10" bec="0" bev="0" fileid="1" />
              </SequencePoints>
              <BranchPoints />
              <MethodPoint xsi:type="SequencePoint" vc="0" uspid="34" ordinal="0" offset="0" sl="163" sc="9" el="163" ec="10" bec="0" bev="0" fileid="1" />
            </Method>
            <Method visited="false" cyclomaticComplexity="1" nPathComplexity="0" sequenceCoverage="0" branchCoverage="0" crapScore="2" isConstructor="false" isStatic="true" isGetter="false" isSetter="false">
              <Summary numSequencePoints="3" visitedSequencePoints="0" numBranchPoints="1" visitedBranchPoints="0" sequenceCoverage="0" branchCoverage="0" maxCyclomaticComplexity="1" minCyclomaticComplexity="1" maxCrapScore="2" minCrapScore="2" visitedClasses="0" numClasses="0" visitedMethods="0" numMethods="1" />
              <MetadataToken>100663309</MetadataToken>
              <Name>NDD.NFe.Domain.Features.Addresses.Address NDD.NFe.Common.Tests.Features.ObjectMothers.ObjectMother::GetInvalidAddressWithStateNameLengthOverflow()</Name>
              <FileRef uid="1" />
              <SequencePoints>
                <SequencePoint vc="0" uspid="37" ordinal="0" offset="0" sl="176" sc="9" el="176" ec="10" bec="0" bev="0" fileid="1" />
                <SequencePoint vc="0" uspid="38" ordinal="1" offset="1" sl="177" sc="13" el="185" ec="15" bec="0" bev="0" fileid="1" />
                <SequencePoint vc="0" uspid="39" ordinal="2" offset="77" sl="186" sc="9" el="186" ec="10" bec="0" bev="0" fileid="1" />
              </SequencePoints>
              <BranchPoints />
              <MethodPoint xsi:type="SequencePoint" vc="0" uspid="37" ordinal="0" offset="0" sl="176" sc="9" el="176" ec="10" bec="0" bev="0" fileid="1" />
            </Method>
            <Method visited="false" cyclomaticComplexity="1" nPathComplexity="0" sequenceCoverage="0" branchCoverage="0" crapScore="2" isConstructor="false" isStatic="true" isGetter="false" isSetter="false">
              <Summary numSequencePoints="3" visitedSequencePoints="0" numBranchPoints="1" visitedBranchPoints="0" sequenceCoverage="0" branchCoverage="0" maxCyclomaticComplexity="1" minCyclomaticComplexity="1" maxCrapScore="2" minCrapScore="2" visitedClasses="0" numClasses="0" visitedMethods="0" numMethods="1" />
              <MetadataToken>100663310</MetadataToken>
              <Name>NDD.NFe.Domain.Features.Addresses.Address NDD.NFe.Common.Tests.Features.ObjectMothers.ObjectMother::GetInvalidAddressWithCountryNameLengthOverflow()</Name>
              <FileRef uid="1" />
              <SequencePoints>
                <SequencePoint vc="0" uspid="40" ordinal="0" offset="0" sl="189" sc="9" el="189" ec="10" bec="0" bev="0" fileid="1" />
                <SequencePoint vc="0" uspid="41" ordinal="1" offset="1" sl="190" sc="13" el="198" ec="15" bec="0" bev="0" fileid="1" />
                <SequencePoint vc="0" uspid="42" ordinal="2" offset="77" sl="199" sc="9" el="199" ec="10" bec="0" bev="0" fileid="1" />
              </SequencePoints>
              <BranchPoints />
              <MethodPoint xsi:type="SequencePoint" vc="0" uspid="40" ordinal="0" offset="0" sl="189" sc="9" el="189" ec="10" bec="0" bev="0" fileid="1" />
            </Method>
            <Method visited="false" cyclomaticComplexity="1" nPathComplexity="0" sequenceCoverage="0" branchCoverage="0" crapScore="2" isConstructor="false" isStatic="true" isGetter="false" isSetter="false">
              <Summary numSequencePoints="3" visitedSequencePoints="0" numBranchPoints="1" visitedBranchPoints="0" sequenceCoverage="0" branchCoverage="0" maxCyclomaticComplexity="1" minCyclomaticComplexity="1" maxCrapScore="2" minCrapScore="2" visitedClasses="0" numClasses="0" visitedMethods="0" numMethods="1" />
              <MetadataToken>100663311</MetadataToken>
              <Name>NDD.NFe.Domain.Features.InvoiceCarriers.InvoiceCarrier NDD.NFe.Common.Tests.Features.ObjectMothers.ObjectMother::GetNewValidInvoiceCarrier(NDD.NFe.Domain.Features.Invoices.Invoice)</Name>
              <FileRef uid="2" />
              <SequencePoints>
                <SequencePoint vc="0" uspid="43" ordinal="0" offset="0" sl="11" sc="9" el="11" ec="10" bec="0" bev="0" fileid="2" />
                <SequencePoint vc="0" uspid="44" ordinal="1" offset="1" sl="12" sc="13" el="15" ec="15" bec="0" bev="0" fileid="2" />
                <SequencePoint vc="0" uspid="45" ordinal="2" offset="17" sl="17" sc="9" el="17" ec="10" bec="0" bev="0" fileid="2" />
              </SequencePoints>
              <BranchPoints />
              <MethodPoint xsi:type="SequencePoint" vc="0" uspid="43" ordinal="0" offset="0" sl="11" sc="9" el="11" ec="10" bec="0" bev="0" fileid="2" />
            </Method>
            <Method visited="false" cyclomaticComplexity="1" nPathComplexity="0" sequenceCoverage="0" branchCoverage="0" crapScore="2" isConstructor="false" isStatic="true" isGetter="false" isSetter="false">
              <Summary numSequencePoints="3" visitedSequencePoints="0" numBranchPoints="1" visitedBranchPoints="0" sequenceCoverage="0" branchCoverage="0" maxCyclomaticComplexity="1" minCyclomaticComplexity="1" maxCrapScore="2" minCrapScore="2" visitedClasses="0" numClasses="0" visitedMethods="0" numMethods="1" />
              <MetadataToken>100663312</MetadataToken>
              <Name>NDD.NFe.Domain.Features.InvoiceCarriers.InvoiceCarrier NDD.NFe.Common.Tests.Features.ObjectMothers.ObjectMother::GetNewValidInvoiceCarrier(NDD.NFe.Domain.Features.Carriers.Carrier,NDD.NFe.Domain.Features.Invoices.Invoice)</Name>
              <FileRef uid="2" />
              <SequencePoints>
                <SequencePoint vc="0" uspid="46" ordinal="0" offset="0" sl="20" sc="9" el="20" ec="10" bec="0" bev="0" fileid="2" />
                <SequencePoint vc="0" uspid="47" ordinal="1" offset="1" sl="21" sc="13" el="25" ec="15" bec="0" bev="0" fileid="2" />
                <SequencePoint vc="0" uspid="48" ordinal="2" offset="25" sl="27" sc="9" el="27" ec="10" bec="0" bev="0" fileid="2" />
              </SequencePoints>
              <BranchPoints />
              <MethodPoint xsi:type="SequencePoint" vc="0" uspid="46" ordinal="0" offset="0" sl="20" sc="9" el="20" ec="10" bec="0" bev="0" fileid="2" />
            </Method>
            <Method visited="true" cyclomaticComplexity="1" nPathComplexity="0" sequenceCoverage="100" branchCoverage="100" crapScore="1" isConstructor="false" isStatic="true" isGetter="false" isSetter="false">
              <Summary numSequencePoints="3" visitedSequencePoints="3" numBranchPoints="1" visitedBranchPoints="1" sequenceCoverage="100" branchCoverage="100" maxCyclomaticComplexity="1" minCyclomaticComplexity="1" maxCrapScore="1" minCrapScore="1" visitedClasses="0" numClasses="0" visitedMethods="1" numMethods="1" />
              <MetadataToken>100663313</MetadataToken>
              <Name>NDD.NFe.Domain.Features.InvoiceCarriers.InvoiceCarrier NDD.NFe.Common.Tests.Features.ObjectMothers.ObjectMother::GetExistentInvoiceCarrier(NDD.NFe.Domain.Features.Carriers.Carrier,NDD.NFe.Domain.Features.Invoices.Invoice)</Name>
              <FileRef uid="2" />
              <SequencePoints>
                <SequencePoint vc="2" uspid="49" ordinal="0" offset="0" sl="30" sc="9" el="30" ec="10" bec="0" bev="0" fileid="2" />
                <SequencePoint vc="2" uspid="50" ordinal="1" offset="1" sl="31" sc="13" el="35" ec="15" bec="0" bev="0" fileid="2" />
                <SequencePoint vc="2" uspid="51" ordinal="2" offset="34" sl="36" sc="9" el="36" ec="10" bec="0" bev="0" fileid="2" />
              </SequencePoints>
              <BranchPoints />
              <MethodPoint xsi:type="SequencePoint" vc="2" uspid="49" ordinal="0" offset="0" sl="30" sc="9" el="30" ec="10" bec="0" bev="0" fileid="2" />
            </Method>
            <Method visited="false" cyclomaticComplexity="1" nPathComplexity="0" sequenceCoverage="0" branchCoverage="0" crapScore="2" isConstructor="false" isStatic="true" isGetter="false" isSetter="false">
              <Summary numSequencePoints="3" visitedSequencePoints="0" numBranchPoints="1" visitedBranchPoints="0" sequenceCoverage="0" branchCoverage="0" maxCyclomaticComplexity="1" minCyclomaticComplexity="1" maxCrapScore="2" minCrapScore="2" visitedClasses="0" numClasses="0" visitedMethods="0" numMethods="1" />
              <MetadataToken>100663314</MetadataToken>
              <Name>NDD.NFe.Domain.Features.InvoiceCarriers.InvoiceCarrier NDD.NFe.Common.Tests.Features.ObjectMothers.ObjectMother::GetInvalidInvoiceCarrierWithNullCarrier(NDD.NFe.Domain.Features.Carriers.Carrier,NDD.NFe.Domain.Features.Invoices.Invoice)</Name>
              <FileRef uid="2" />
              <SequencePoints>
                <SequencePoint vc="0" uspid="52" ordinal="0" offset="0" sl="39" sc="9" el="39" ec="10" bec="0" bev="0" fileid="2" />
                <SequencePoint vc="0" uspid="53" ordinal="1" offset="1" sl="40" sc="13" el="45" ec="15" bec="0" bev="0" fileid="2" />
                <SequencePoint vc="0" uspid="54" ordinal="2" offset="25" sl="46" sc="9" el="46" ec="10" bec="0" bev="0" fileid="2" />
              </SequencePoints>
              <BranchPoints />
              <MethodPoint xsi:type="SequencePoint" vc="0" uspid="52" ordinal="0" offset="0" sl="39" sc="9" el="39" ec="10" bec="0" bev="0" fileid="2" />
            </Method>
            <Method visited="false" cyclomaticComplexity="1" nPathComplexity="0" sequenceCoverage="0" branchCoverage="0" crapScore="2" isConstructor="false" isStatic="true" isGetter="false" isSetter="false">
              <Summary numSequencePoints="3" visitedSequencePoints="0" numBranchPoints="1" visitedBranchPoints="0" sequenceCoverage="0" branchCoverage="0" maxCyclomaticComplexity="1" minCyclomaticComplexity="1" maxCrapScore="2" minCrapScore="2" visitedClasses="0" numClasses="0" visitedMethods="0" numMethods="1" />
              <MetadataToken>100663315</MetadataToken>
              <Name>NDD.NFe.Domain.Features.InvoiceCarriers.InvoiceCarrier NDD.NFe.Common.Tests.Features.ObjectMothers.ObjectMother::GetInvalidInvoiceCarrierWithNullInvoice(NDD.NFe.Domain.Features.Carriers.Carrier,NDD.NFe.Domain.Features.Invoices.Invoice)</Name>
              <FileRef uid="2" />
              <SequencePoints>
                <SequencePoint vc="0" uspid="55" ordinal="0" offset="0" sl="48" sc="9" el="48" ec="10" bec="0" bev="0" fileid="2" />
                <SequencePoint vc="0" uspid="56" ordinal="1" offset="1" sl="49" sc="13" el="54" ec="15" bec="0" bev="0" fileid="2" />
                <SequencePoint vc="0" uspid="57" ordinal="2" offset="25" sl="55" sc="9" el="55" ec="10" bec="0" bev="0" fileid="2" />
              </SequencePoints>
              <BranchPoints />
              <MethodPoint xsi:type="SequencePoint" vc="0" uspid="55" ordinal="0" offset="0" sl="48" sc="9" el="48" ec="10" bec="0" bev="0" fileid="2" />
            </Method>
            <Method visited="false" cyclomaticComplexity="1" nPathComplexity="0" sequenceCoverage="0" branchCoverage="0" crapScore="2" isConstructor="false" isStatic="true" isGetter="false" isSetter="false">
              <Summary numSequencePoints="3" visitedSequencePoints="0" numBranchPoints="1" visitedBranchPoints="0" sequenceCoverage="0" branchCoverage="0" maxCyclomaticComplexity="1" minCyclomaticComplexity="1" maxCrapScore="2" minCrapScore="2" visitedClasses="0" numClasses="0" visitedMethods="0" numMethods="1" />
              <MetadataToken>100663316</MetadataToken>
              <Name>NDD.NFe.Domain.Features.InvoiceCarriers.InvoiceCarrier NDD.NFe.Common.Tests.Features.ObjectMothers.ObjectMother::GetInvalidInvoiceCarrierWithInvalidCarrier(NDD.NFe.Domain.Features.Carriers.Carrier,NDD.NFe.Domain.Features.Invoices.Invoice)</Name>
              <FileRef uid="2" />
              <SequencePoints>
                <SequencePoint vc="0" uspid="58" ordinal="0" offset="0" sl="58" sc="9" el="58" ec="10" bec="0" bev="0" fileid="2" />
                <SequencePoint vc="0" uspid="59" ordinal="1" offset="1" sl="59" sc="13" el="64" ec="15" bec="0" bev="0" fileid="2" />
                <SequencePoint vc="0" uspid="60" ordinal="2" offset="34" sl="65" sc="9" el="65" ec="10" bec="0" bev="0" fileid="2" />
              </SequencePoints>
              <BranchPoints />
              <MethodPoint xsi:type="SequencePoint" vc="0" uspid="58" ordinal="0" offset="0" sl="58" sc="9" el="58" ec="10" bec="0" bev="0" fileid="2" />
            </Method>
            <Method visited="false" cyclomaticComplexity="1" nPathComplexity="0" sequenceCoverage="0" branchCoverage="0" crapScore="2" isConstructor="false" isStatic="true" isGetter="false" isSetter="false">
              <Summary numSequencePoints="3" visitedSequencePoints="0" numBranchPoints="1" visitedBranchPoints="0" sequenceCoverage="0" branchCoverage="0" maxCyclomaticComplexity="1" minCyclomaticComplexity="1" maxCrapScore="2" minCrapScore="2" visitedClasses="0" numClasses="0" visitedMethods="0" numMethods="1" />
              <MetadataToken>100663317</MetadataToken>
              <Name>NDD.NFe.Domain.Features.InvoiceItems.InvoiceItem NDD.NFe.Common.Tests.Features.ObjectMothers.ObjectMother::GetNewInvoiceItemOk(NDD.NFe.Domain.Features.Invoices.Invoice,NDD.NFe.Domain.Features.Products.Product)</Name>
              <FileRef uid="3" />
              <SequencePoints>
                <SequencePoint vc="0" uspid="61" ordinal="0" offset="0" sl="16" sc="9" el="16" ec="10" bec="0" bev="0" fileid="3" />
                <SequencePoint vc="0" uspid="62" ordinal="1" offset="1" sl="17" sc="13" el="22" ec="15" bec="0" bev="0" fileid="3" />
                <SequencePoint vc="0" uspid="63" ordinal="2" offset="34" sl="23" sc="9" el="23" ec="10" bec="0" bev="0" fileid="3" />
              </SequencePoints>
              <BranchPoints />
              <MethodPoint xsi:type="SequencePoint" vc="0" uspid="61" ordinal="0" offset="0" sl="16" sc="9" el="16" ec="10" bec="0" bev="0" fileid="3" />
            </Method>
            <Method visited="false" cyclomaticComplexity="1" nPathComplexity="0" sequenceCoverage="0" branchCoverage="0" crapScore="2" isConstructor="false" isStatic="true" isGetter="false" isSetter="false">
              <Summary numSequencePoints="3" visitedSequencePoints="0" numBranchPoints="1" visitedBranchPoints="0" sequenceCoverage="0" branchCoverage="0" maxCyclomaticComplexity="1" minCyclomaticComplexity="1" maxCrapScore="2" minCrapScore="2" visitedClasses="0" numClasses="0" visitedMethods="0" numMethods="1" />
              <MetadataToken>100663318</MetadataToken>
              <Name>NDD.NFe.Domain.Features.InvoiceItems.InvoiceItem NDD.NFe.Common.Tests.Features.ObjectMothers.ObjectMother::GetExistentInvoinceItemOk(NDD.NFe.Domain.Features.Invoices.Invoice,NDD.NFe.Domain.Features.Products.Product)</Name>
              <FileRef uid="3" />
              <SequencePoints>
                <SequencePoint vc="0" uspid="64" ordinal="0" offset="0" sl="26" sc="9" el="26" ec="10" bec="0" bev="0" fileid="3" />
                <SequencePoint vc="0" uspid="65" ordinal="1" offset="1" sl="27" sc="13" el="33" ec="15" bec="0" bev="0" fileid="3" />
                <SequencePoint vc="0" uspid="66" ordinal="2" offset="43" sl="34" sc="9" el="34" ec="10" bec="0" bev="0" fileid="3" />
              </SequencePoints>
              <BranchPoints />
              <MethodPoint xsi:type="SequencePoint" vc="0" uspid="64" ordinal="0" offset="0" sl="26" sc="9" el="26" ec="10" bec="0" bev="0" fileid="3" />
            </Method>
            <Method visited="false" cyclomaticComplexity="1" nPathComplexity="0" sequenceCoverage="0" branchCoverage="0" crapScore="2" isConstructor="false" isStatic="true" isGetter="false" isSetter="false">
              <Summary numSequencePoints="3" visitedSequencePoints="0" numBranchPoints="1" visitedBranchPoints="0" sequenceCoverage="0" branchCoverage="0" maxCyclomaticComplexity="1" minCyclomaticComplexity="1" maxCrapScore="2" minCrapScore="2" visitedClasses="0" numClasses="0" visitedMethods="0" numMethods="1" />
              <MetadataToken>100663319</MetadataToken>
              <Name>NDD.NFe.Domain.Features.InvoiceItems.InvoiceItem NDD.NFe.Common.Tests.Features.ObjectMothers.ObjectMother::GetExistentInvoinceItemOk(NDD.NFe.Domain.Features.Products.Product,NDD.NFe.Domain.Features.Invoices.Invoice)</Name>
              <FileRef uid="3" />
              <SequencePoints>
                <SequencePoint vc="0" uspid="67" ordinal="0" offset="0" sl="37" sc="9" el="37" ec="10" bec="0" bev="0" fileid="3" />
                <SequencePoint vc="0" uspid="68" ordinal="1" offset="1" sl="38" sc="13" el="44" ec="15" bec="0" bev="0" fileid="3" />
                <SequencePoint vc="0" uspid="69" ordinal="2" offset="43" sl="45" sc="9" el="45" ec="10" bec="0" bev="0" fileid="3" />
              </SequencePoints>
              <BranchPoints />
              <MethodPoint xsi:type="SequencePoint" vc="0" uspid="67" ordinal="0" offset="0" sl="37" sc="9" el="37" ec="10" bec="0" bev="0" fileid="3" />
            </Method>
            <Method visited="false" cyclomaticComplexity="1" nPathComplexity="0" sequenceCoverage="0" branchCoverage="0" crapScore="2" isConstructor="false" isStatic="true" isGetter="false" isSetter="false">
              <Summary numSequencePoints="3" visitedSequencePoints="0" numBranchPoints="1" visitedBranchPoints="0" sequenceCoverage="0" branchCoverage="0" maxCyclomaticComplexity="1" minCyclomaticComplexity="1" maxCrapScore="2" minCrapScore="2" visitedClasses="0" numClasses="0" visitedMethods="0" numMethods="1" />
              <MetadataToken>100663320</MetadataToken>
              <Name>NDD.NFe.Domain.Features.InvoiceItems.InvoiceItem NDD.NFe.Common.Tests.Features.ObjectMothers.ObjectMother::GetInvalidInvoiceItemWithUninformedAmount(NDD.NFe.Domain.Features.Invoices.Invoice,NDD.NFe.Domain.Features.Products.Product)</Name>
              <FileRef uid="3" />
              <SequencePoints>
                <SequencePoint vc="0" uspid="70" ordinal="0" offset="0" sl="48" sc="9" el="48" ec="10" bec="0" bev="0" fileid="3" />
                <SequencePoint vc="0" uspid="71" ordinal="1" offset="1" sl="49" sc="13" el="54" ec="15" bec="0" bev="0" fileid="3" />
                <SequencePoint vc="0" uspid="72" ordinal="2" offset="34" sl="55" sc="9" el="55" ec="10" bec="0" bev="0" fileid="3" />
              </SequencePoints>
              <BranchPoints />
              <MethodPoint xsi:type="SequencePoint" vc="0" uspid="70" ordinal="0" offset="0" sl="48" sc="9" el="48" ec="10" bec="0" bev="0" fileid="3" />
            </Method>
            <Method visited="false" cyclomaticComplexity="1" nPathComplexity="0" sequenceCoverage="0" branchCoverage="0" crapScore="2" isConstructor="false" isStatic="true" isGetter="false" isSetter="false">
              <Summary numSequencePoints="3" visitedSequencePoints="0" numBranchPoints="1" visitedBranchPoints="0" sequenceCoverage="0" branchCoverage="0" maxCyclomaticComplexity="1" minCyclomaticComplexity="1" maxCrapScore="2" minCrapScore="2" visitedClasses="0" numClasses="0" visitedMethods="0" numMethods="1" />
              <MetadataToken>100663321</MetadataToken>
              <Name>NDD.NFe.Domain.Features.InvoiceItems.InvoiceItem NDD.NFe.Common.Tests.Features.ObjectMothers.ObjectMother::GetInvalidInvoiceItemWithInvalidAmount(NDD.NFe.Domain.Features.Invoices.Invoice,NDD.NFe.Domain.Features.Products.Product)</Name>
              <FileRef uid="3" />
              <SequencePoints>
                <SequencePoint vc="0" uspid="73" ordinal="0" offset="0" sl="58" sc="9" el="58" ec="10" bec="0" bev="0" fileid="3" />
                <SequencePoint vc="0" uspid="74" ordinal="1" offset="1" sl="59" sc="13" el="64" ec="15" bec="0" bev="0" fileid="3" />
                <SequencePoint vc="0" uspid="75" ordinal="2" offset="34" sl="65" sc="9" el="65" ec="10" bec="0" bev="0" fileid="3" />
              </SequencePoints>
              <BranchPoints />
              <MethodPoint xsi:type="SequencePoint" vc="0" uspid="73" ordinal="0" offset="0" sl="58" sc="9" el="58" ec="10" bec="0" bev="0" fileid="3" />
            </Method>
            <Method visited="false" cyclomaticComplexity="1" nPathComplexity="0" sequenceCoverage="0" branchCoverage="0" crapScore="2" isConstructor="false" isStatic="true" isGetter="false" isSetter="false">
              <Summary numSequencePoints="3" visitedSequencePoints="0" numBranchPoints="1" visitedBranchPoints="0" sequenceCoverage="0" branchCoverage="0" maxCyclomaticComplexity="1" minCyclomaticComplexity="1" maxCrapScore="2" minCrapScore="2" visitedClasses="0" numClasses="0" visitedMethods="0" numMethods="1" />
              <MetadataToken>100663322</MetadataToken>
              <Name>NDD.NFe.Domain.Features.InvoiceItems.InvoiceItem NDD.NFe.Common.Tests.Features.ObjectMothers.ObjectMother::GetInvalidInvoiceItemWithInvoiceNull(NDD.NFe.Domain.Features.Products.Product)</Name>
              <FileRef uid="3" />
              <SequencePoints>
                <SequencePoint vc="0" uspid="76" ordinal="0" offset="0" sl="68" sc="9" el="68" ec="10" bec="0" bev="0" fileid="3" />
                <SequencePoint vc="0" uspid="77" ordinal="1" offset="1" sl="69" sc="13" el="74" ec="15" bec="0" bev="0" fileid="3" />
                <SequencePoint vc="0" uspid="78" ordinal="2" offset="34" sl="75" sc="9" el="75" ec="10" bec="0" bev="0" fileid="3" />
              </SequencePoints>
              <BranchPoints />
              <MethodPoint xsi:type="SequencePoint" vc="0" uspid="76" ordinal="0" offset="0" sl="68" sc="9" el="68" ec="10" bec="0" bev="0" fileid="3" />
            </Method>
            <Method visited="false" cyclomaticComplexity="1" nPathComplexity="0" sequenceCoverage="0" branchCoverage="0" crapScore="2" isConstructor="false" isStatic="true" isGetter="false" isSetter="false">
              <Summary numSequencePoints="3" visitedSequencePoints="0" numBranchPoints="1" visitedBranchPoints="0" sequenceCoverage="0" branchCoverage="0" maxCyclomaticComplexity="1" minCyclomaticComplexity="1" maxCrapScore="2" minCrapScore="2" visitedClasses="0" numClasses="0" visitedMethods="0" numMethods="1" />
              <MetadataToken>100663323</MetadataToken>
              <Name>NDD.NFe.Domain.Features.InvoiceItems.InvoiceItem NDD.NFe.Common.Tests.Features.ObjectMothers.ObjectMother::GetInvalidInvoiceItemWithProductNull(NDD.NFe.Domain.Features.Invoices.Invoice)</Name>
              <FileRef uid="3" />
              <SequencePoints>
                <SequencePoint vc="0" uspid="79" ordinal="0" offset="0" sl="78" sc="9" el="78" ec="10" bec="0" bev="0" fileid="3" />
                <SequencePoint vc="0" uspid="80" ordinal="1" offset="1" sl="79" sc="13" el="84" ec="15" bec="0" bev="0" fileid="3" />
                <SequencePoint vc="0" uspid="81" ordinal="2" offset="34" sl="85" sc="9" el="85" ec="10" bec="0" bev="0" fileid="3" />
              </SequencePoints>
              <BranchPoints />
              <MethodPoint xsi:type="SequencePoint" vc="0" uspid="79" ordinal="0" offset="0" sl="78" sc="9" el="78" ec="10" bec="0" bev="0" fileid="3" />
            </Method>
            <Method visited="false" cyclomaticComplexity="1" nPathComplexity="0" sequenceCoverage="0" branchCoverage="0" crapScore="2" isConstructor="false" isStatic="true" isGetter="false" isSetter="false">
              <Summary numSequencePoints="3" visitedSequencePoints="0" numBranchPoints="1" visitedBranchPoints="0" sequenceCoverage="0" branchCoverage="0" maxCyclomaticComplexity="1" minCyclomaticComplexity="1" maxCrapScore="2" minCrapScore="2" visitedClasses="0" numClasses="0" visitedMethods="0" numMethods="1" />
              <MetadataToken>100663324</MetadataToken>
              <Name>NDD.NFe.Domain.Features.InvoiceItems.InvoiceItem NDD.NFe.Common.Tests.Features.ObjectMothers.ObjectMother::GetInvalidInvoiceItemWithInvalidProduct(NDD.NFe.Domain.Features.Invoices.Invoice,NDD.NFe.Domain.Features.Products.Product)</Name>
              <FileRef uid="3" />
              <SequencePoints>
                <SequencePoint vc="0" uspid="82" ordinal="0" offset="0" sl="88" sc="9" el="88" ec="10" bec="0" bev="0" fileid="3" />
                <SequencePoint vc="0" uspid="83" ordinal="1" offset="1" sl="89" sc="13" el="94" ec="15" bec="0" bev="0" fileid="3" />
                <SequencePoint vc="0" uspid="84" ordinal="2" offset="34" sl="95" sc="9" el="95" ec="10" bec="0" bev="0" fileid="3" />
              </SequencePoints>
              <BranchPoints />
              <MethodPoint xsi:type="SequencePoint" vc="0" uspid="82" ordinal="0" offset="0" sl="88" sc="9" el="88" ec="10" bec="0" bev="0" fileid="3" />
            </Method>
            <Method visited="false" cyclomaticComplexity="1" nPathComplexity="0" sequenceCoverage="0" branchCoverage="0" crapScore="2" isConstructor="false" isStatic="true" isGetter="false" isSetter="false">
              <Summary numSequencePoints="3" visitedSequencePoints="0" numBranchPoints="1" visitedBranchPoints="0" sequenceCoverage="0" branchCoverage="0" maxCyclomaticComplexity="1" minCyclomaticComplexity="1" maxCrapScore="2" minCrapScore="2" visitedClasses="0" numClasses="0" visitedMethods="0" numMethods="1" />
              <MetadataToken>100663325</MetadataToken>
              <Name>NDD.NFe.Domain.Features.InvoiceItems.InvoiceItem NDD.NFe.Common.Tests.Features.ObjectMothers.ObjectMother::GetNewConsolidatedInvoiceItem(NDD.NFe.Domain.Features.Invoices.Invoice,NDD.NFe.Domain.Features.Products.Product)</Name>
              <FileRef uid="3" />
              <SequencePoints>
                <SequencePoint vc="0" uspid="85" ordinal="0" offset="0" sl="98" sc="9" el="98" ec="10" bec="0" bev="0" fileid="3" />
                <SequencePoint vc="0" uspid="86" ordinal="1" offset="1" sl="99" sc="13" el="110" ec="15" bec="0" bev="0" fileid="3" />
                <SequencePoint vc="0" uspid="87" ordinal="2" offset="118" sl="111" sc="9" el="111" ec="10" bec="0" bev="0" fileid="3" />
              </SequencePoints>
              <BranchPoints />
              <MethodPoint xsi:type="SequencePoint" vc="0" uspid="85" ordinal="0" offset="0" sl="98" sc="9" el="98" ec="10" bec="0" bev="0" fileid="3" />
            </Method>
            <Method visited="true" cyclomaticComplexity="1" nPathComplexity="0" sequenceCoverage="100" branchCoverage="100" crapScore="1" isConstructor="false" isStatic="true" isGetter="false" isSetter="false">
              <Summary numSequencePoints="3" visitedSequencePoints="3" numBranchPoints="1" visitedBranchPoints="1" sequenceCoverage="100" branchCoverage="100" maxCyclomaticComplexity="1" minCyclomaticComplexity="1" maxCrapScore="1" minCrapScore="1" visitedClasses="0" numClasses="0" visitedMethods="1" numMethods="1" />
              <MetadataToken>100663326</MetadataToken>
              <Name>NDD.NFe.Domain.Features.InvoiceItems.InvoiceItem NDD.NFe.Common.Tests.Features.ObjectMothers.ObjectMother::GetExistentConsolidatedInvoiceItem(NDD.NFe.Domain.Features.Invoices.Invoice,NDD.NFe.Domain.Features.Products.Product)</Name>
              <FileRef uid="3" />
              <SequencePoints>
                <SequencePoint vc="2" uspid="88" ordinal="0" offset="0" sl="114" sc="9" el="114" ec="10" bec="0" bev="0" fileid="3" />
                <SequencePoint vc="2" uspid="89" ordinal="1" offset="1" sl="115" sc="13" el="126" ec="15" bec="0" bev="0" fileid="3" />
                <SequencePoint vc="2" uspid="90" ordinal="2" offset="118" sl="127" sc="9" el="127" ec="10" bec="0" bev="0" fileid="3" />
              </SequencePoints>
              <BranchPoints />
              <MethodPoint xsi:type="SequencePoint" vc="2" uspid="88" ordinal="0" offset="0" sl="114" sc="9" el="114" ec="10" bec="0" bev="0" fileid="3" />
            </Method>
            <Method visited="false" cyclomaticComplexity="1" nPathComplexity="0" sequenceCoverage="0" branchCoverage="0" crapScore="2" isConstructor="false" isStatic="true" isGetter="false" isSetter="false">
              <Summary numSequencePoints="3" visitedSequencePoints="0" numBranchPoints="1" visitedBranchPoints="0" sequenceCoverage="0" branchCoverage="0" maxCyclomaticComplexity="1" minCyclomaticComplexity="1" maxCrapScore="2" minCrapScore="2" visitedClasses="0" numClasses="0" visitedMethods="0" numMethods="1" />
              <MetadataToken>100663327</MetadataToken>
              <Name>NDD.NFe.Domain.Features.InvoiceItems.InvoiceItem NDD.NFe.Common.Tests.Features.ObjectMothers.ObjectMother::GetInvalidConsolidatedInvoiceItemWithUninformedAmount(NDD.NFe.Domain.Features.Invoices.Invoice,NDD.NFe.Domain.Features.Products.Product)</Name>
              <FileRef uid="3" />
              <SequencePoints>
                <SequencePoint vc="0" uspid="91" ordinal="0" offset="0" sl="130" sc="9" el="130" ec="10" bec="0" bev="0" fileid="3" />
                <SequencePoint vc="0" uspid="92" ordinal="1" offset="1" sl="131" sc="13" el="141" ec="15" bec="0" bev="0" fileid="3" />
                <SequencePoint vc="0" uspid="93" ordinal="2" offset="109" sl="142" sc="9" el="142" ec="10" bec="0" bev="0" fileid="3" />
              </SequencePoints>
              <BranchPoints />
              <MethodPoint xsi:type="SequencePoint" vc="0" uspid="91" ordinal="0" offset="0" sl="130" sc="9" el="130" ec="10" bec="0" bev="0" fileid="3" />
            </Method>
            <Method visited="false" cyclomaticComplexity="1" nPathComplexity="0" sequenceCoverage="0" branchCoverage="0" crapScore="2" isConstructor="false" isStatic="true" isGetter="false" isSetter="false">
              <Summary numSequencePoints="3" visitedSequencePoints="0" numBranchPoints="1" visitedBranchPoints="0" sequenceCoverage="0" branchCoverage="0" maxCyclomaticComplexity="1" minCyclomaticComplexity="1" maxCrapScore="2" minCrapScore="2" visitedClasses="0" numClasses="0" visitedMethods="0" numMethods="1" />
              <MetadataToken>100663328</MetadataToken>
              <Name>NDD.NFe.Domain.Features.InvoiceReceivers.InvoiceReceiver NDD.NFe.Common.Tests.Features.ObjectMothers.ObjectMother::GetNewValidInvoiceReceiver(NDD.NFe.Domain.Features.Invoices.Invoice,NDD.NFe.Domain.Features.Receivers.Receiver)</Name>
              <FileRef uid="4" />
              <SequencePoints>
                <SequencePoint vc="0" uspid="94" ordinal="0" offset="0" sl="16" sc="3" el="16" ec="4" bec="0" bev="0" fileid="4" />
                <SequencePoint vc="0" uspid="95" ordinal="1" offset="1" sl="17" sc="4" el="21" ec="6" bec="0" bev="0" fileid="4" />
                <SequencePoint vc="0" uspid="96" ordinal="2" offset="25" sl="22" sc="3" el="22" ec="4" bec="0" bev="0" fileid="4" />
              </SequencePoints>
              <BranchPoints />
              <MethodPoint xsi:type="SequencePoint" vc="0" uspid="94" ordinal="0" offset="0" sl="16" sc="3" el="16" ec="4" bec="0" bev="0" fileid="4" />
            </Method>
            <Method visited="true" cyclomaticComplexity="1" nPathComplexity="0" sequenceCoverage="100" branchCoverage="100" crapScore="1" isConstructor="false" isStatic="true" isGetter="false" isSetter="false">
              <Summary numSequencePoints="3" visitedSequencePoints="3" numBranchPoints="1" visitedBranchPoints="1" sequenceCoverage="100" branchCoverage="100" maxCyclomaticComplexity="1" minCyclomaticComplexity="1" maxCrapScore="1" minCrapScore="1" visitedClasses="0" numClasses="0" visitedMethods="1" numMethods="1" />
              <MetadataToken>100663329</MetadataToken>
              <Name>NDD.NFe.Domain.Features.InvoiceReceivers.InvoiceReceiver NDD.NFe.Common.Tests.Features.ObjectMothers.ObjectMother::GetExistentValidInvoiceReceiver(NDD.NFe.Domain.Features.Invoices.Invoice,NDD.NFe.Domain.Features.Receivers.Receiver)</Name>
              <FileRef uid="4" />
              <SequencePoints>
                <SequencePoint vc="2" uspid="97" ordinal="0" offset="0" sl="25" sc="3" el="25" ec="4" bec="0" bev="0" fileid="4" />
                <SequencePoint vc="2" uspid="98" ordinal="1" offset="1" sl="26" sc="4" el="31" ec="6" bec="0" bev="0" fileid="4" />
                <SequencePoint vc="2" uspid="99" ordinal="2" offset="34" sl="32" sc="3" el="32" ec="4" bec="0" bev="0" fileid="4" />
              </SequencePoints>
              <BranchPoints />
              <MethodPoint xsi:type="SequencePoint" vc="2" uspid="97" ordinal="0" offset="0" sl="25" sc="3" el="25" ec="4" bec="0" bev="0" fileid="4" />
            </Method>
            <Method visited="false" cyclomaticComplexity="1" nPathComplexity="0" sequenceCoverage="0" branchCoverage="0" crapScore="2" isConstructor="false" isStatic="true" isGetter="false" isSetter="false">
              <Summary numSequencePoints="3" visitedSequencePoints="0" numBranchPoints="1" visitedBranchPoints="0" sequenceCoverage="0" branchCoverage="0" maxCyclomaticComplexity="1" minCyclomaticComplexity="1" maxCrapScore="2" minCrapScore="2" visitedClasses="0" numClasses="0" visitedMethods="0" numMethods="1" />
              <MetadataToken>100663330</MetadataToken>
              <Name>NDD.NFe.Domain.Features.InvoiceReceivers.InvoiceReceiver NDD.NFe.Common.Tests.Features.ObjectMothers.ObjectMother::GetInvalidInvoiceReceiverNullInvoice(NDD.NFe.Domain.Features.Receivers.Receiver)</Name>
              <FileRef uid="4" />
              <SequencePoints>
                <SequencePoint vc="0" uspid="100" ordinal="0" offset="0" sl="35" sc="3" el="35" ec="4" bec="0" bev="0" fileid="4" />
                <SequencePoint vc="0" uspid="101" ordinal="1" offset="1" sl="36" sc="4" el="41" ec="6" bec="0" bev="0" fileid="4" />
                <SequencePoint vc="0" uspid="102" ordinal="2" offset="34" sl="42" sc="3" el="42" ec="4" bec="0" bev="0" fileid="4" />
              </SequencePoints>
              <BranchPoints />
              <MethodPoint xsi:type="SequencePoint" vc="0" uspid="100" ordinal="0" offset="0" sl="35" sc="3" el="35" ec="4" bec="0" bev="0" fileid="4" />
            </Method>
            <Method visited="false" cyclomaticComplexity="1" nPathComplexity="0" sequenceCoverage="0" branchCoverage="0" crapScore="2" isConstructor="false" isStatic="true" isGetter="false" isSetter="false">
              <Summary numSequencePoints="3" visitedSequencePoints="0" numBranchPoints="1" visitedBranchPoints="0" sequenceCoverage="0" branchCoverage="0" maxCyclomaticComplexity="1" minCyclomaticComplexity="1" maxCrapScore="2" minCrapScore="2" visitedClasses="0" numClasses="0" visitedMethods="0" numMethods="1" />
              <MetadataToken>100663331</MetadataToken>
              <Name>NDD.NFe.Domain.Features.InvoiceReceivers.InvoiceReceiver NDD.NFe.Common.Tests.Features.ObjectMothers.ObjectMother::GetInvalidInvoiceReceiverNullReceiver(NDD.NFe.Domain.Features.Invoices.Invoice)</Name>
              <FileRef uid="4" />
              <SequencePoints>
                <SequencePoint vc="0" uspid="103" ordinal="0" offset="0" sl="45" sc="3" el="45" ec="4" bec="0" bev="0" fileid="4" />
                <SequencePoint vc="0" uspid="104" ordinal="1" offset="1" sl="46" sc="4" el="51" ec="6" bec="0" bev="0" fileid="4" />
                <SequencePoint vc="0" uspid="105" ordinal="2" offset="34" sl="52" sc="3" el="52" ec="4" bec="0" bev="0" fileid="4" />
              </SequencePoints>
              <BranchPoints />
              <MethodPoint xsi:type="SequencePoint" vc="0" uspid="103" ordinal="0" offset="0" sl="45" sc="3" el="45" ec="4" bec="0" bev="0" fileid="4" />
            </Method>
            <Method visited="false" cyclomaticComplexity="1" nPathComplexity="0" sequenceCoverage="0" branchCoverage="0" crapScore="2" isConstructor="false" isStatic="true" isGetter="false" isSetter="false">
              <Summary numSequencePoints="3" visitedSequencePoints="0" numBranchPoints="1" visitedBranchPoints="0" sequenceCoverage="0" branchCoverage="0" maxCyclomaticComplexity="1" minCyclomaticComplexity="1" maxCrapScore="2" minCrapScore="2" visitedClasses="0" numClasses="0" visitedMethods="0" numMethods="1" />
              <MetadataToken>100663332</MetadataToken>
              <Name>NDD.NFe.Domain.Features.InvoiceSenders.InvoiceSender NDD.NFe.Common.Tests.Features.ObjectMothers.ObjectMother::GetNewInvoiceSenderOk(NDD.NFe.Domain.Features.Invoices.Invoice,NDD.NFe.Domain.Features.Senders.Sender)</Name>
              <FileRef uid="5" />
              <SequencePoints>
                <SequencePoint vc="0" uspid="106" ordinal="0" offset="0" sl="16" sc="9" el="16" ec="10" bec="0" bev="0" fileid="5" />
                <SequencePoint vc="0" uspid="107" ordinal="1" offset="1" sl="17" sc="13" el="21" ec="15" bec="0" bev="0" fileid="5" />
                <SequencePoint vc="0" uspid="108" ordinal="2" offset="25" sl="22" sc="9" el="22" ec="10" bec="0" bev="0" fileid="5" />
              </SequencePoints>
              <BranchPoints />
              <MethodPoint xsi:type="SequencePoint" vc="0" uspid="106" ordinal="0" offset="0" sl="16" sc="9" el="16" ec="10" bec="0" bev="0" fileid="5" />
            </Method>
            <Method visited="true" cyclomaticComplexity="1" nPathComplexity="0" sequenceCoverage="100" branchCoverage="100" crapScore="1" isConstructor="false" isStatic="true" isGetter="false" isSetter="false">
              <Summary numSequencePoints="3" visitedSequencePoints="3" numBranchPoints="1" visitedBranchPoints="1" sequenceCoverage="100" branchCoverage="100" maxCyclomaticComplexity="1" minCyclomaticComplexity="1" maxCrapScore="1" minCrapScore="1" visitedClasses="0" numClasses="0" visitedMethods="1" numMethods="1" />
              <MetadataToken>100663333</MetadataToken>
              <Name>NDD.NFe.Domain.Features.InvoiceSenders.InvoiceSender NDD.NFe.Common.Tests.Features.ObjectMothers.ObjectMother::GetExistentInvoinceSenderOk(NDD.NFe.Domain.Features.Invoices.Invoice,NDD.NFe.Domain.Features.Senders.Sender)</Name>
              <FileRef uid="5" />
              <SequencePoints>
                <SequencePoint vc="2" uspid="109" ordinal="0" offset="0" sl="25" sc="9" el="25" ec="10" bec="0" bev="0" fileid="5" />
                <SequencePoint vc="2" uspid="110" ordinal="1" offset="1" sl="26" sc="13" el="31" ec="15" bec="0" bev="0" fileid="5" />
                <SequencePoint vc="2" uspid="111" ordinal="2" offset="34" sl="32" sc="9" el="32" ec="10" bec="0" bev="0" fileid="5" />
              </SequencePoints>
              <BranchPoints />
              <MethodPoint xsi:type="SequencePoint" vc="2" uspid="109" ordinal="0" offset="0" sl="25" sc="9" el="25" ec="10" bec="0" bev="0" fileid="5" />
            </Method>
            <Method visited="false" cyclomaticComplexity="1" nPathComplexity="0" sequenceCoverage="0" branchCoverage="0" crapScore="2" isConstructor="false" isStatic="true" isGetter="false" isSetter="false">
              <Summary numSequencePoints="3" visitedSequencePoints="0" numBranchPoints="1" visitedBranchPoints="0" sequenceCoverage="0" branchCoverage="0" maxCyclomaticComplexity="1" minCyclomaticComplexity="1" maxCrapScore="2" minCrapScore="2" visitedClasses="0" numClasses="0" visitedMethods="0" numMethods="1" />
              <MetadataToken>100663334</MetadataToken>
              <Name>NDD.NFe.Domain.Features.InvoiceSenders.InvoiceSender NDD.NFe.Common.Tests.Features.ObjectMothers.ObjectMother::GetInvalidInvoiceSenderWithInvoiceNull(NDD.NFe.Domain.Features.Senders.Sender)</Name>
              <FileRef uid="5" />
              <SequencePoints>
                <SequencePoint vc="0" uspid="112" ordinal="0" offset="0" sl="35" sc="9" el="35" ec="10" bec="0" bev="0" fileid="5" />
                <SequencePoint vc="0" uspid="113" ordinal="1" offset="1" sl="36" sc="13" el="41" ec="15" bec="0" bev="0" fileid="5" />
                <SequencePoint vc="0" uspid="114" ordinal="2" offset="34" sl="42" sc="9" el="42" ec="10" bec="0" bev="0" fileid="5" />
              </SequencePoints>
              <BranchPoints />
              <MethodPoint xsi:type="SequencePoint" vc="0" uspid="112" ordinal="0" offset="0" sl="35" sc="9" el="35" ec="10" bec="0" bev="0" fileid="5" />
            </Method>
            <Method visited="false" cyclomaticComplexity="1" nPathComplexity="0" sequenceCoverage="0" branchCoverage="0" crapScore="2" isConstructor="false" isStatic="true" isGetter="false" isSetter="false">
              <Summary numSequencePoints="3" visitedSequencePoints="0" numBranchPoints="1" visitedBranchPoints="0" sequenceCoverage="0" branchCoverage="0" maxCyclomaticComplexity="1" minCyclomaticComplexity="1" maxCrapScore="2" minCrapScore="2" visitedClasses="0" numClasses="0" visitedMethods="0" numMethods="1" />
              <MetadataToken>100663335</MetadataToken>
              <Name>NDD.NFe.Domain.Features.InvoiceSenders.InvoiceSender NDD.NFe.Common.Tests.Features.ObjectMothers.ObjectMother::GetInvalidInvoiceSenderWithSenderNull(NDD.NFe.Domain.Features.Invoices.Invoice)</Name>
              <FileRef uid="5" />
              <SequencePoints>
                <SequencePoint vc="0" uspid="115" ordinal="0" offset="0" sl="45" sc="9" el="45" ec="10" bec="0" bev="0" fileid="5" />
                <SequencePoint vc="0" uspid="116" ordinal="1" offset="1" sl="46" sc="13" el="51" ec="15" bec="0" bev="0" fileid="5" />
                <SequencePoint vc="0" uspid="117" ordinal="2" offset="34" sl="52" sc="9" el="52" ec="10" bec="0" bev="0" fileid="5" />
              </SequencePoints>
              <BranchPoints />
              <MethodPoint xsi:type="SequencePoint" vc="0" uspid="115" ordinal="0" offset="0" sl="45" sc="9" el="45" ec="10" bec="0" bev="0" fileid="5" />
            </Method>
            <Method visited="false" cyclomaticComplexity="1" nPathComplexity="0" sequenceCoverage="0" branchCoverage="0" crapScore="2" isConstructor="false" isStatic="true" isGetter="false" isSetter="false">
              <Summary numSequencePoints="3" visitedSequencePoints="0" numBranchPoints="1" visitedBranchPoints="0" sequenceCoverage="0" branchCoverage="0" maxCyclomaticComplexity="1" minCyclomaticComplexity="1" maxCrapScore="2" minCrapScore="2" visitedClasses="0" numClasses="0" visitedMethods="0" numMethods="1" />
              <MetadataToken>100663336</MetadataToken>
              <Name>NDD.NFe.Domain.Features.InvoiceSenders.InvoiceSender NDD.NFe.Common.Tests.Features.ObjectMothers.ObjectMother::GetInvalidInvoiceSenderWithInvalidSender(NDD.NFe.Domain.Features.Invoices.Invoice,NDD.NFe.Domain.Features.Senders.Sender)</Name>
              <FileRef uid="5" />
              <SequencePoints>
                <SequencePoint vc="0" uspid="118" ordinal="0" offset="0" sl="55" sc="9" el="55" ec="10" bec="0" bev="0" fileid="5" />
                <SequencePoint vc="0" uspid="119" ordinal="1" offset="1" sl="56" sc="13" el="61" ec="15" bec="0" bev="0" fileid="5" />
                <SequencePoint vc="0" uspid="120" ordinal="2" offset="34" sl="62" sc="9" el="62" ec="10" bec="0" bev="0" fileid="5" />
              </SequencePoints>
              <BranchPoints />
              <MethodPoint xsi:type="SequencePoint" vc="0" uspid="118" ordinal="0" offset="0" sl="55" sc="9" el="55" ec="10" bec="0" bev="0" fileid="5" />
            </Method>
            <Method visited="false" cyclomaticComplexity="1" nPathComplexity="0" sequenceCoverage="0" branchCoverage="0" crapScore="2" isConstructor="false" isStatic="true" isGetter="false" isSetter="false">
              <Summary numSequencePoints="3" visitedSequencePoints="0" numBranchPoints="1" visitedBranchPoints="0" sequenceCoverage="0" branchCoverage="0" maxCyclomaticComplexity="1" minCyclomaticComplexity="1" maxCrapScore="2" minCrapScore="2" visitedClasses="0" numClasses="0" visitedMethods="0" numMethods="1" />
              <MetadataToken>100663337</MetadataToken>
              <Name>NDD.NFe.Domain.Features.Invoices.Invoice NDD.NFe.Common.Tests.Features.ObjectMothers.ObjectMother::GetNewValidOpenedInvoice(NDD.NFe.Domain.Features.Senders.Sender,NDD.NFe.Domain.Features.Receivers.Receiver,NDD.NFe.Domain.Features.Carriers.Carrier,System.Collections.Generic.IList`1&lt;NDD.NFe.Domain.Features.InvoiceItems.InvoiceItem&gt;)</Name>
              <FileRef uid="6" />
              <SequencePoints>
                <SequencePoint vc="0" uspid="121" ordinal="0" offset="0" sl="20" sc="9" el="20" ec="10" bec="0" bev="0" fileid="6" />
                <SequencePoint vc="0" uspid="122" ordinal="1" offset="1" sl="21" sc="13" el="31" ec="15" bec="0" bev="0" fileid="6" />
                <SequencePoint vc="0" uspid="123" ordinal="2" offset="98" sl="32" sc="9" el="32" ec="10" bec="0" bev="0" fileid="6" />
              </SequencePoints>
              <BranchPoints />
              <MethodPoint xsi:type="SequencePoint" vc="0" uspid="121" ordinal="0" offset="0" sl="20" sc="9" el="20" ec="10" bec="0" bev="0" fileid="6" />
            </Method>
            <Method visited="false" cyclomaticComplexity="1" nPathComplexity="0" sequenceCoverage="0" branchCoverage="0" crapScore="2" isConstructor="false" isStatic="true" isGetter="false" isSetter="false">
              <Summary numSequencePoints="3" visitedSequencePoints="0" numBranchPoints="1" visitedBranchPoints="0" sequenceCoverage="0" branchCoverage="0" maxCyclomaticComplexity="1" minCyclomaticComplexity="1" maxCrapScore="2" minCrapScore="2" visitedClasses="0" numClasses="0" visitedMethods="0" numMethods="1" />
              <MetadataToken>100663338</MetadataToken>
              <Name>NDD.NFe.Domain.Features.Invoices.Invoice NDD.NFe.Common.Tests.Features.ObjectMothers.ObjectMother::GetNewValidOpenedInvoiceWithNumberNonexistent(NDD.NFe.Domain.Features.Senders.Sender,NDD.NFe.Domain.Features.Receivers.Receiver,NDD.NFe.Domain.Features.Carriers.Carrier,System.Collections.Generic.IList`1&lt;NDD.NFe.Domain.Features.InvoiceItems.InvoiceItem&gt;)</Name>
              <FileRef uid="6" />
              <SequencePoints>
                <SequencePoint vc="0" uspid="124" ordinal="0" offset="0" sl="35" sc="3" el="35" ec="4" bec="0" bev="0" fileid="6" />
                <SequencePoint vc="0" uspid="125" ordinal="1" offset="1" sl="36" sc="4" el="46" ec="6" bec="0" bev="0" fileid="6" />
                <SequencePoint vc="0" uspid="126" ordinal="2" offset="102" sl="47" sc="3" el="47" ec="4" bec="0" bev="0" fileid="6" />
              </SequencePoints>
              <BranchPoints />
              <MethodPoint xsi:type="SequencePoint" vc="0" uspid="124" ordinal="0" offset="0" sl="35" sc="3" el="35" ec="4" bec="0" bev="0" fileid="6" />
            </Method>
            <Method visited="false" cyclomaticComplexity="1" nPathComplexity="0" sequenceCoverage="0" branchCoverage="0" crapScore="2" isConstructor="false" isStatic="true" isGetter="false" isSetter="false">
              <Summary numSequencePoints="3" visitedSequencePoints="0" numBranchPoints="1" visitedBranchPoints="0" sequenceCoverage="0" branchCoverage="0" maxCyclomaticComplexity="1" minCyclomaticComplexity="1" maxCrapScore="2" minCrapScore="2" visitedClasses="0" numClasses="0" visitedMethods="0" numMethods="1" />
              <MetadataToken>100663339</MetadataToken>
              <Name>NDD.NFe.Domain.Features.Invoices.Invoice NDD.NFe.Common.Tests.Features.ObjectMothers.ObjectMother::GetNewValidIssuedInvoice(NDD.Nfe.Infra.Features.KeysAccess.KeyAccess,NDD.NFe.Domain.Features.Senders.Sender,NDD.NFe.Domain.Features.Receivers.Receiver,NDD.NFe.Domain.Features.Carriers.Carrier,NDD.NFe.Domain.Features.InvoiceSenders.InvoiceSender,NDD.NFe.Domain.Features.InvoiceReceivers.InvoiceReceiver,NDD.NFe.Domain.Features.InvoiceCarriers.InvoiceCarrier,NDD.NFe.Domain.Features.InvoiceTaxes.InvoiceTax,System.Collections.Generic.IList`1&lt;NDD.NFe.Domain.Features.InvoiceItems.InvoiceItem&gt;)</Name>
              <FileRef uid="6" />
              <SequencePoints>
                <SequencePoint vc="0" uspid="127" ordinal="0" offset="0" sl="51" sc="9" el="51" ec="10" bec="0" bev="0" fileid="6" />
                <SequencePoint vc="0" uspid="128" ordinal="1" offset="1" sl="52" sc="13" el="68" ec="15" bec="0" bev="0" fileid="6" />
                <SequencePoint vc="0" uspid="129" ordinal="2" offset="177" sl="69" sc="9" el="69" ec="10" bec="0" bev="0" fileid="6" />
              </SequencePoints>
              <BranchPoints />
              <MethodPoint xsi:type="SequencePoint" vc="0" uspid="127" ordinal="0" offset="0" sl="51" sc="9" el="51" ec="10" bec="0" bev="0" fileid="6" />
            </Method>
            <Method visited="false" cyclomaticComplexity="1" nPathComplexity="0" sequenceCoverage="0" branchCoverage="0" crapScore="2" isConstructor="false" isStatic="true" isGetter="false" isSetter="false">
              <Summary numSequencePoints="3" visitedSequencePoints="0" numBranchPoints="1" visitedBranchPoints="0" sequenceCoverage="0" branchCoverage="0" maxCyclomaticComplexity="1" minCyclomaticComplexity="1" maxCrapScore="2" minCrapScore="2" visitedClasses="0" numClasses="0" visitedMethods="0" numMethods="1" />
              <MetadataToken>100663340</MetadataToken>
              <Name>NDD.NFe.Domain.Features.Invoices.Invoice NDD.NFe.Common.Tests.Features.ObjectMothers.ObjectMother::GetExistentValidOpenedInvoice(NDD.NFe.Domain.Features.Senders.Sender,NDD.NFe.Domain.Features.Receivers.Receiver,NDD.NFe.Domain.Features.Carriers.Carrier,System.Collections.Generic.IList`1&lt;NDD.NFe.Domain.Features.InvoiceItems.InvoiceItem&gt;)</Name>
              <FileRef uid="6" />
              <SequencePoints>
                <SequencePoint vc="0" uspid="130" ordinal="0" offset="0" sl="72" sc="9" el="72" ec="10" bec="0" bev="0" fileid="6" />
                <SequencePoint vc="0" uspid="131" ordinal="1" offset="1" sl="73" sc="13" el="84" ec="15" bec="0" bev="0" fileid="6" />
                <SequencePoint vc="0" uspid="132" ordinal="2" offset="107" sl="85" sc="9" el="85" ec="10" bec="0" bev="0" fileid="6" />
              </SequencePoints>
              <BranchPoints />
              <MethodPoint xsi:type="SequencePoint" vc="0" uspid="130" ordinal="0" offset="0" sl="72" sc="9" el="72" ec="10" bec="0" bev="0" fileid="6" />
            </Method>
            <Method visited="false" cyclomaticComplexity="1" nPathComplexity="0" sequenceCoverage="0" branchCoverage="0" crapScore="2" isConstructor="false" isStatic="true" isGetter="false" isSetter="false">
              <Summary numSequencePoints="3" visitedSequencePoints="0" numBranchPoints="1" visitedBranchPoints="0" sequenceCoverage="0" branchCoverage="0" maxCyclomaticComplexity="1" minCyclomaticComplexity="1" maxCrapScore="2" minCrapScore="2" visitedClasses="0" numClasses="0" visitedMethods="0" numMethods="1" />
              <MetadataToken>100663341</MetadataToken>
              <Name>NDD.NFe.Domain.Features.Invoices.Invoice NDD.NFe.Common.Tests.Features.ObjectMothers.ObjectMother::GetExistentValidOpenedInvoiceWithNumberNonexistent(NDD.NFe.Domain.Features.Senders.Sender,NDD.NFe.Domain.Features.Receivers.Receiver,NDD.NFe.Domain.Features.Carriers.Carrier,System.Collections.Generic.IList`1&lt;NDD.NFe.Domain.Features.InvoiceItems.InvoiceItem&gt;)</Name>
              <FileRef uid="6" />
              <SequencePoints>
                <SequencePoint vc="0" uspid="133" ordinal="0" offset="0" sl="88" sc="3" el="88" ec="4" bec="0" bev="0" fileid="6" />
                <SequencePoint vc="0" uspid="134" ordinal="1" offset="1" sl="89" sc="4" el="100" ec="6" bec="0" bev="0" fileid="6" />
                <SequencePoint vc="0" uspid="135" ordinal="2" offset="108" sl="101" sc="3" el="101" ec="4" bec="0" bev="0" fileid="6" />
              </SequencePoints>
              <BranchPoints />
              <MethodPoint xsi:type="SequencePoint" vc="0" uspid="133" ordinal="0" offset="0" sl="88" sc="3" el="88" ec="4" bec="0" bev="0" fileid="6" />
            </Method>
            <Method visited="true" cyclomaticComplexity="1" nPathComplexity="0" sequenceCoverage="100" branchCoverage="100" crapScore="1" isConstructor="false" isStatic="true" isGetter="false" isSetter="false">
              <Summary numSequencePoints="3" visitedSequencePoints="3" numBranchPoints="1" visitedBranchPoints="1" sequenceCoverage="100" branchCoverage="100" maxCyclomaticComplexity="1" minCyclomaticComplexity="1" maxCrapScore="1" minCrapScore="1" visitedClasses="0" numClasses="0" visitedMethods="1" numMethods="1" />
              <MetadataToken>100663342</MetadataToken>
              <Name>NDD.NFe.Domain.Features.Invoices.Invoice NDD.NFe.Common.Tests.Features.ObjectMothers.ObjectMother::GetExistentValidIssuedInvoice(NDD.Nfe.Infra.Features.KeysAccess.KeyAccess,NDD.NFe.Domain.Features.Senders.Sender,NDD.NFe.Domain.Features.Receivers.Receiver,NDD.NFe.Domain.Features.Carriers.Carrier,NDD.NFe.Domain.Features.InvoiceSenders.InvoiceSender,NDD.NFe.Domain.Features.InvoiceReceivers.InvoiceReceiver,NDD.NFe.Domain.Features.InvoiceCarriers.InvoiceCarrier,NDD.NFe.Domain.Features.InvoiceTaxes.InvoiceTax,System.Collections.Generic.IList`1&lt;NDD.NFe.Domain.Features.InvoiceItems.InvoiceItem&gt;)</Name>
              <FileRef uid="6" />
              <SequencePoints>
                <SequencePoint vc="4" uspid="136" ordinal="0" offset="0" sl="105" sc="9" el="105" ec="10" bec="0" bev="0" fileid="6" />
                <SequencePoint vc="4" uspid="137" ordinal="1" offset="1" sl="106" sc="13" el="123" ec="15" bec="0" bev="0" fileid="6" />
                <SequencePoint vc="4" uspid="138" ordinal="2" offset="186" sl="124" sc="9" el="124" ec="10" bec="0" bev="0" fileid="6" />
              </SequencePoints>
              <BranchPoints />
              <MethodPoint xsi:type="SequencePoint" vc="4" uspid="136" ordinal="0" offset="0" sl="105" sc="9" el="105" ec="10" bec="0" bev="0" fileid="6" />
            </Method>
            <Method visited="false" cyclomaticComplexity="1" nPathComplexity="0" sequenceCoverage="0" branchCoverage="0" crapScore="2" isConstructor="false" isStatic="true" isGetter="false" isSetter="false">
              <Summary numSequencePoints="3" visitedSequencePoints="0" numBranchPoints="1" visitedBranchPoints="0" sequenceCoverage="0" branchCoverage="0" maxCyclomaticComplexity="1" minCyclomaticComplexity="1" maxCrapScore="2" minCrapScore="2" visitedClasses="0" numClasses="0" visitedMethods="0" numMethods="1" />
              <MetadataToken>100663343</MetadataToken>
              <Name>NDD.NFe.Domain.Features.Invoices.Invoice NDD.NFe.Common.Tests.Features.ObjectMothers.ObjectMother::GetInvalidIssuedInvoiceWithAnyInvoiceItem(NDD.Nfe.Infra.Features.KeysAccess.KeyAccess,NDD.NFe.Domain.Features.Senders.Sender,NDD.NFe.Domain.Features.Receivers.Receiver,NDD.NFe.Domain.Features.Carriers.Carrier,NDD.NFe.Domain.Features.InvoiceSenders.InvoiceSender,NDD.NFe.Domain.Features.InvoiceReceivers.InvoiceReceiver,NDD.NFe.Domain.Features.InvoiceCarriers.InvoiceCarrier,NDD.NFe.Domain.Features.InvoiceTaxes.InvoiceTax)</Name>
              <FileRef uid="6" />
              <SequencePoints>
                <SequencePoint vc="0" uspid="139" ordinal="0" offset="0" sl="128" sc="9" el="128" ec="10" bec="0" bev="0" fileid="6" />
                <SequencePoint vc="0" uspid="140" ordinal="1" offset="1" sl="129" sc="13" el="145" ec="15" bec="0" bev="0" fileid="6" />
                <SequencePoint vc="0" uspid="141" ordinal="2" offset="176" sl="146" sc="9" el="146" ec="10" bec="0" bev="0" fileid="6" />
              </SequencePoints>
              <BranchPoints />
              <MethodPoint xsi:type="SequencePoint" vc="0" uspid="139" ordinal="0" offset="0" sl="128" sc="9" el="128" ec="10" bec="0" bev="0" fileid="6" />
            </Method>
            <Method visited="false" cyclomaticComplexity="1" nPathComplexity="0" sequenceCoverage="0" branchCoverage="0" crapScore="2" isConstructor="false" isStatic="true" isGetter="false" isSetter="false">
              <Summary numSequencePoints="3" visitedSequencePoints="0" numBranchPoints="1" visitedBranchPoints="0" sequenceCoverage="0" branchCoverage="0" maxCyclomaticComplexity="1" minCyclomaticComplexity="1" maxCrapScore="2" minCrapScore="2" visitedClasses="0" numClasses="0" visitedMethods="0" numMethods="1" />
              <MetadataToken>100663344</MetadataToken>
              <Name>NDD.NFe.Domain.Features.Invoices.Invoice NDD.NFe.Common.Tests.Features.ObjectMothers.ObjectMother::GetInvalidOpenedInvoiceWithEntryDateAfterNow(NDD.NFe.Domain.Features.Senders.Sender,NDD.NFe.Domain.Features.Receivers.Receiver,NDD.NFe.Domain.Features.Carriers.Carrier,System.Collections.Generic.IList`1&lt;NDD.NFe.Domain.Features.InvoiceItems.InvoiceItem&gt;)</Name>
              <FileRef uid="6" />
              <SequencePoints>
                <SequencePoint vc="0" uspid="142" ordinal="0" offset="0" sl="149" sc="9" el="149" ec="10" bec="0" bev="0" fileid="6" />
                <SequencePoint vc="0" uspid="143" ordinal="1" offset="1" sl="150" sc="13" el="161" ec="15" bec="0" bev="0" fileid="6" />
                <SequencePoint vc="0" uspid="144" ordinal="2" offset="107" sl="162" sc="9" el="162" ec="10" bec="0" bev="0" fileid="6" />
              </SequencePoints>
              <BranchPoints />
              <MethodPoint xsi:type="SequencePoint" vc="0" uspid="142" ordinal="0" offset="0" sl="149" sc="9" el="149" ec="10" bec="0" bev="0" fileid="6" />
            </Method>
            <Method visited="false" cyclomaticComplexity="1" nPathComplexity="0" sequenceCoverage="0" branchCoverage="0" crapScore="2" isConstructor="false" isStatic="true" isGetter="false" isSetter="false">
              <Summary numSequencePoints="3" visitedSequencePoints="0" numBranchPoints="1" visitedBranchPoints="0" sequenceCoverage="0" branchCoverage="0" maxCyclomaticComplexity="1" minCyclomaticComplexity="1" maxCrapScore="2" minCrapScore="2" visitedClasses="0" numClasses="0" visitedMethods="0" numMethods="1" />
              <MetadataToken>100663345</MetadataToken>
[...]
                <SequencePoint vc="2" uspid="1526" ordinal="9" offset="54" sl="42" sc="21" el="42" ec="22" bec="0" bev="0" fileid="276" />
                <SequencePoint vc="2" uspid="1527" ordinal="10" offset="55" sl="43" sc="25" el="43" ec="32" bec="0" bev="0" fileid="276" />
                <SequencePoint vc="2" uspid="1528" ordinal="11" offset="56" sl="43" sc="79" el="43" ec="92" bec="0" bev="0" fileid="276" />
                <SequencePoint vc="920" uspid="1529" ordinal="12" offset="72" sl="43" sc="34" el="43" ec="75" bec="0" bev="0" fileid="276" />
                <SequencePoint vc="920" uspid="1530" ordinal="13" offset="81" sl="44" sc="25" el="44" ec="26" bec="0" bev="0" fileid="276" />
                <SequencePoint vc="920" uspid="1531" ordinal="14" offset="82" sl="45" sc="29" el="45" ec="66" bec="2" bev="1" fileid="276" />
                <SequencePoint vc="920" uspid="1532" ordinal="15" offset="105" sl="48" sc="37" el="48" ec="81" bec="0" bev="0" fileid="276" />
                <SequencePoint vc="920" uspid="1533" ordinal="16" offset="121" sl="49" sc="37" el="49" ec="82" bec="0" bev="0" fileid="276" />
                <SequencePoint vc="920" uspid="1534" ordinal="17" offset="137" sl="50" sc="37" el="50" ec="104" bec="0" bev="0" fileid="276" />
                <SequencePoint vc="920" uspid="1535" ordinal="18" offset="153" sl="51" sc="37" el="51" ec="78" bec="0" bev="0" fileid="276" />
                <SequencePoint vc="920" uspid="1536" ordinal="19" offset="168" sl="52" sc="37" el="52" ec="43" bec="0" bev="0" fileid="276" />
                <SequencePoint vc="920" uspid="1537" ordinal="20" offset="170" sl="54" sc="25" el="54" ec="26" bec="0" bev="0" fileid="276" />
                <SequencePoint vc="922" uspid="1538" ordinal="21" offset="171" sl="43" sc="76" el="43" ec="78" bec="0" bev="0" fileid="276" />
                <SequencePoint vc="2" uspid="1539" ordinal="22" offset="195" sl="55" sc="21" el="55" ec="22" bec="0" bev="0" fileid="276" />
                <SequencePoint vc="2" uspid="1540" ordinal="23" offset="196" sl="41" sc="70" el="41" ec="76" bec="0" bev="0" fileid="276" />
                <SequencePoint vc="4" uspid="1541" ordinal="24" offset="202" sl="41" sc="40" el="41" ec="68" bec="2" bev="2" fileid="276" />
                <SequencePoint vc="2" uspid="1542" ordinal="25" offset="224" sl="58" sc="21" el="58" ec="51" bec="0" bev="0" fileid="276" />
                <SequencePoint vc="2" uspid="1543" ordinal="26" offset="242" sl="59" sc="21" el="59" ec="75" bec="0" bev="0" fileid="276" />
                <SequencePoint vc="2" uspid="1544" ordinal="27" offset="270" sl="60" sc="21" el="60" ec="75" bec="0" bev="0" fileid="276" />
                <SequencePoint vc="2" uspid="1545" ordinal="28" offset="289" sl="61" sc="21" el="61" ec="83" bec="0" bev="0" fileid="276" />
                <SequencePoint vc="2" uspid="1546" ordinal="29" offset="313" sl="62" sc="21" el="62" ec="93" bec="0" bev="0" fileid="276" />
                <SequencePoint vc="2" uspid="1547" ordinal="30" offset="350" sl="63" sc="21" el="63" ec="91" bec="0" bev="0" fileid="276" />
                <SequencePoint vc="2" uspid="1548" ordinal="31" offset="378" sl="64" sc="21" el="64" ec="93" bec="0" bev="0" fileid="276" />
                <SequencePoint vc="2" uspid="1549" ordinal="32" offset="406" sl="67" sc="21" el="67" ec="87" bec="0" bev="0" fileid="276" />
                <SequencePoint vc="2" uspid="1550" ordinal="33" offset="435" sl="68" sc="21" el="68" ec="153" bec="0" bev="0" fileid="276" />
                <SequencePoint vc="2" uspid="1551" ordinal="34" offset="505" sl="69" sc="21" el="69" ec="98" bec="0" bev="0" fileid="276" />
                <SequencePoint vc="2" uspid="1552" ordinal="35" offset="539" sl="70" sc="21" el="70" ec="96" bec="0" bev="0" fileid="276" />
                <SequencePoint vc="2" uspid="1553" ordinal="36" offset="568" sl="71" sc="21" el="71" ec="100" bec="0" bev="0" fileid="276" />
                <SequencePoint vc="2" uspid="1554" ordinal="37" offset="602" sl="72" sc="21" el="72" ec="100" bec="0" bev="0" fileid="276" />
                <SequencePoint vc="2" uspid="1555" ordinal="38" offset="631" sl="76" sc="21" el="76" ec="185" bec="0" bev="0" fileid="276" />
                <SequencePoint vc="2" uspid="1556" ordinal="39" offset="696" sl="77" sc="21" el="77" ec="204" bec="0" bev="0" fileid="276" />
                <SequencePoint vc="2" uspid="1557" ordinal="40" offset="771" sl="78" sc="21" el="78" ec="170" bec="0" bev="0" fileid="276" />
                <SequencePoint vc="2" uspid="1558" ordinal="41" offset="841" sl="79" sc="21" el="79" ec="118" bec="0" bev="0" fileid="276" />
                <SequencePoint vc="2" uspid="1559" ordinal="42" offset="875" sl="80" sc="21" el="80" ec="107" bec="0" bev="0" fileid="276" />
                <SequencePoint vc="2" uspid="1560" ordinal="43" offset="909" sl="81" sc="21" el="81" ec="106" bec="0" bev="0" fileid="276" />
                <SequencePoint vc="2" uspid="1561" ordinal="44" offset="943" sl="82" sc="21" el="82" ec="119" bec="0" bev="0" fileid="276" />
                <SequencePoint vc="2" uspid="1562" ordinal="45" offset="986" sl="83" sc="21" el="83" ec="100" bec="0" bev="0" fileid="276" />
                <SequencePoint vc="2" uspid="1563" ordinal="46" offset="1015" sl="86" sc="21" el="86" ec="113" bec="0" bev="0" fileid="276" />
                <SequencePoint vc="2" uspid="1564" ordinal="47" offset="1043" sl="87" sc="21" el="87" ec="105" bec="0" bev="0" fileid="276" />
                <SequencePoint vc="2" uspid="1565" ordinal="48" offset="1071" sl="88" sc="21" el="88" ec="106" bec="0" bev="0" fileid="276" />
                <SequencePoint vc="2" uspid="1566" ordinal="49" offset="1099" sl="89" sc="21" el="89" ec="115" bec="0" bev="0" fileid="276" />
                <SequencePoint vc="2" uspid="1567" ordinal="50" offset="1127" sl="90" sc="21" el="90" ec="104" bec="0" bev="0" fileid="276" />
                <SequencePoint vc="2" uspid="1568" ordinal="51" offset="1155" sl="91" sc="21" el="91" ec="112" bec="0" bev="0" fileid="276" />
                <SequencePoint vc="2" uspid="1569" ordinal="52" offset="1183" sl="92" sc="21" el="92" ec="77" bec="0" bev="0" fileid="276" />
                <SequencePoint vc="2" uspid="1570" ordinal="53" offset="1198" sl="93" sc="21" el="93" ec="83" bec="0" bev="0" fileid="276" />
                <SequencePoint vc="2" uspid="1571" ordinal="54" offset="1213" sl="94" sc="21" el="94" ec="81" bec="0" bev="0" fileid="276" />
                <SequencePoint vc="2" uspid="1572" ordinal="55" offset="1228" sl="95" sc="21" el="95" ec="81" bec="0" bev="0" fileid="276" />
                <SequencePoint vc="2" uspid="1573" ordinal="56" offset="1243" sl="96" sc="21" el="96" ec="79" bec="0" bev="0" fileid="276" />
                <SequencePoint vc="2" uspid="1574" ordinal="57" offset="1258" sl="97" sc="21" el="97" ec="77" bec="0" bev="0" fileid="276" />
                <SequencePoint vc="2" uspid="1575" ordinal="58" offset="1273" sl="100" sc="21" el="100" ec="192" bec="0" bev="0" fileid="276" />
                <SequencePoint vc="2" uspid="1576" ordinal="59" offset="1338" sl="101" sc="21" el="101" ec="171" bec="0" bev="0" fileid="276" />
                <SequencePoint vc="2" uspid="1577" ordinal="60" offset="1408" sl="102" sc="21" el="102" ec="135" bec="2" bev="2" fileid="276" />
                <SequencePoint vc="1" uspid="1578" ordinal="61" offset="1433" sl="103" sc="21" el="103" ec="22" bec="0" bev="0" fileid="276" />
                <SequencePoint vc="1" uspid="1579" ordinal="62" offset="1434" sl="104" sc="25" el="104" ec="71" bec="0" bev="0" fileid="276" />
                <SequencePoint vc="1" uspid="1580" ordinal="63" offset="1452" sl="105" sc="21" el="105" ec="22" bec="0" bev="0" fileid="276" />
                <SequencePoint vc="1" uspid="1581" ordinal="64" offset="1455" sl="107" sc="21" el="107" ec="22" bec="0" bev="0" fileid="276" />
                <SequencePoint vc="1" uspid="1582" ordinal="65" offset="1456" sl="108" sc="25" el="108" ec="76" bec="0" bev="0" fileid="276" />
                <SequencePoint vc="1" uspid="1583" ordinal="66" offset="1474" sl="109" sc="21" el="109" ec="22" bec="0" bev="0" fileid="276" />
                <SequencePoint vc="2" uspid="1584" ordinal="67" offset="1475" sl="110" sc="21" el="110" ec="108" bec="0" bev="0" fileid="276" />
                <SequencePoint vc="2" uspid="1585" ordinal="68" offset="1509" sl="111" sc="21" el="111" ec="111" bec="0" bev="0" fileid="276" />
                <SequencePoint vc="2" uspid="1586" ordinal="69" offset="1538" sl="112" sc="21" el="112" ec="107" bec="0" bev="0" fileid="276" />
                <SequencePoint vc="2" uspid="1587" ordinal="70" offset="1572" sl="113" sc="21" el="113" ec="211" bec="0" bev="0" fileid="276" />
                <SequencePoint vc="2" uspid="1588" ordinal="71" offset="1647" sl="114" sc="21" el="114" ec="112" bec="0" bev="0" fileid="276" />
                <SequencePoint vc="2" uspid="1589" ordinal="72" offset="1676" sl="118" sc="26" el="118" ec="35" bec="0" bev="0" fileid="276" />
                <SequencePoint vc="2" uspid="1590" ordinal="73" offset="1684" sl="119" sc="21" el="119" ec="22" bec="0" bev="0" fileid="276" />
                <SequencePoint vc="2" uspid="1591" ordinal="74" offset="1685" sl="120" sc="25" el="120" ec="111" bec="0" bev="0" fileid="276" />
                <SequencePoint vc="2" uspid="1592" ordinal="75" offset="1742" sl="121" sc="25" el="121" ec="120" bec="0" bev="0" fileid="276" />
                <SequencePoint vc="2" uspid="1593" ordinal="76" offset="1795" sl="122" sc="25" el="122" ec="69" bec="0" bev="0" fileid="276" />
                <SequencePoint vc="2" uspid="1594" ordinal="77" offset="1825" sl="123" sc="25" el="123" ec="106" bec="0" bev="0" fileid="276" />
                <SequencePoint vc="2" uspid="1595" ordinal="78" offset="1877" sl="124" sc="25" el="124" ec="111" bec="0" bev="0" fileid="276" />
                <SequencePoint vc="2" uspid="1596" ordinal="79" offset="1929" sl="125" sc="25" el="125" ec="125" bec="0" bev="0" fileid="276" />
                <SequencePoint vc="2" uspid="1597" ordinal="80" offset="1981" sl="126" sc="25" el="126" ec="125" bec="0" bev="0" fileid="276" />
                <SequencePoint vc="2" uspid="1598" ordinal="81" offset="2033" sl="127" sc="25" el="127" ec="123" bec="0" bev="0" fileid="276" />
                <SequencePoint vc="2" uspid="1599" ordinal="82" offset="2085" sl="128" sc="25" el="128" ec="111" bec="0" bev="0" fileid="276" />
                <SequencePoint vc="2" uspid="1600" ordinal="83" offset="2137" sl="129" sc="25" el="129" ec="121" bec="0" bev="0" fileid="276" />
                <SequencePoint vc="2" uspid="1601" ordinal="84" offset="2189" sl="130" sc="25" el="130" ec="123" bec="0" bev="0" fileid="276" />
                <SequencePoint vc="2" uspid="1602" ordinal="85" offset="2241" sl="131" sc="21" el="131" ec="22" bec="0" bev="0" fileid="276" />
                <SequencePoint vc="2" uspid="1603" ordinal="86" offset="2242" sl="118" sc="69" el="118" ec="72" bec="0" bev="0" fileid="276" />
                <SequencePoint vc="4" uspid="1604" ordinal="87" offset="2248" sl="118" sc="37" el="118" ec="67" bec="2" bev="2" fileid="276" />
                <SequencePoint vc="2" uspid="1605" ordinal="88" offset="2272" sl="135" sc="21" el="135" ec="51" bec="0" bev="0" fileid="276" />
                <SequencePoint vc="2" uspid="1606" ordinal="89" offset="2280" sl="136" sc="21" el="136" ec="37" bec="0" bev="0" fileid="276" />
                <SequencePoint vc="2" uspid="1607" ordinal="90" offset="2287" sl="137" sc="17" el="137" ec="18" bec="0" bev="0" fileid="276" />
                <SequencePoint vc="2" uspid="1608" ordinal="91" offset="2301" sl="138" sc="13" el="138" ec="14" bec="0" bev="0" fileid="276" />
                <SequencePoint vc="2" uspid="1609" ordinal="92" offset="2315" sl="139" sc="9" el="139" ec="10" bec="0" bev="0" fileid="276" />
              </SequencePoints>
              <BranchPoints>
                <BranchPoint vc="0" uspid="1610" ordinal="0" offset="101" sl="45" path="0" offsetchain="103" offsetend="170" fileid="276" />
                <BranchPoint vc="920" uspid="1611" ordinal="1" offset="101" sl="45" path="1" offsetend="105" fileid="276" />
                <BranchPoint vc="2" uspid="1614" ordinal="4" offset="219" sl="41" path="0" offsetend="224" fileid="276" />
                <BranchPoint vc="2" uspid="1615" ordinal="5" offset="219" sl="41" path="1" offsetend="54" fileid="276" />
                <BranchPoint vc="1" uspid="1622" ordinal="12" offset="1431" sl="102" path="0" offsetend="1433" fileid="276" />
                <BranchPoint vc="1" uspid="1623" ordinal="13" offset="1431" sl="102" path="1" offsetend="1455" fileid="276" />
                <BranchPoint vc="2" uspid="1626" ordinal="16" offset="2267" sl="118" path="0" offsetend="2272" fileid="276" />
                <BranchPoint vc="2" uspid="1627" ordinal="17" offset="2267" sl="118" path="1" offsetend="1684" fileid="276" />
              </BranchPoints>
              <MethodPoint xsi:type="SequencePoint" vc="2" uspid="1517" ordinal="0" offset="0" sl="32" sc="9" el="32" ec="10" bec="0" bev="0" fileid="276" />
            </Method>
            <Method visited="false" cyclomaticComplexity="1" nPathComplexity="0" sequenceCoverage="0" branchCoverage="0" crapScore="2" isConstructor="true" isStatic="false" isGetter="false" isSetter="false">
              <Summary numSequencePoints="0" visitedSequencePoints="0" numBranchPoints="0" visitedBranchPoints="0" sequenceCoverage="0" branchCoverage="0" maxCyclomaticComplexity="1" minCyclomaticComplexity="1" maxCrapScore="2" minCrapScore="2" visitedClasses="0" numClasses="0" visitedMethods="0" numMethods="0" />
              <MetadataToken>100663305</MetadataToken>
              <Name>System.Void NDD.NFe.Infra.PDF.Features.Invoices.InvoicePdfGenerator::.ctor()</Name>
              <SequencePoints />
              <BranchPoints />
              <MethodPoint vc="0" uspid="1628" ordinal="0" offset="0" />
            </Method>
          </Methods>
        </Class>
        <Class>
          <Summary numSequencePoints="17" visitedSequencePoints="0" numBranchPoints="8" visitedBranchPoints="0" sequenceCoverage="0" branchCoverage="0" maxCyclomaticComplexity="4" minCyclomaticComplexity="1" maxCrapScore="20" minCrapScore="2" visitedClasses="0" numClasses="1" visitedMethods="0" numMethods="2" />
          <FullName>NDD.NFe.Infra.PDF.Features.Invoices.InvoiceRepositoryPDF</FullName>
          <Methods>
            <Method visited="false" cyclomaticComplexity="1" nPathComplexity="0" sequenceCoverage="0" branchCoverage="0" crapScore="2" isConstructor="true" isStatic="false" isGetter="false" isSetter="false">
              <Summary numSequencePoints="4" visitedSequencePoints="0" numBranchPoints="1" visitedBranchPoints="0" sequenceCoverage="0" branchCoverage="0" maxCyclomaticComplexity="1" minCyclomaticComplexity="1" maxCrapScore="2" minCrapScore="2" visitedClasses="0" numClasses="0" visitedMethods="0" numMethods="1" />
              <MetadataToken>100663306</MetadataToken>
              <Name>System.Void NDD.NFe.Infra.PDF.Features.Invoices.InvoiceRepositoryPDF::.ctor(NDD.NFe.Infra.PDF.Features.Invoices.InvoicePdfGenerator)</Name>
              <FileRef uid="277" />
              <SequencePoints>
                <SequencePoint vc="0" uspid="1629" ordinal="0" offset="0" sl="10" sc="9" el="10" ec="70" bec="0" bev="0" fileid="277" />
                <SequencePoint vc="0" uspid="1630" ordinal="1" offset="7" sl="11" sc="9" el="11" ec="10" bec="0" bev="0" fileid="277" />
                <SequencePoint vc="0" uspid="1631" ordinal="2" offset="8" sl="12" sc="13" el="12" ec="42" bec="0" bev="0" fileid="277" />
                <SequencePoint vc="0" uspid="1632" ordinal="3" offset="15" sl="14" sc="9" el="14" ec="10" bec="0" bev="0" fileid="277" />
              </SequencePoints>
              <BranchPoints />
              <MethodPoint xsi:type="SequencePoint" vc="0" uspid="1629" ordinal="0" offset="0" sl="10" sc="9" el="10" ec="70" bec="0" bev="0" fileid="277" />
            </Method>
            <Method visited="false" cyclomaticComplexity="4" nPathComplexity="8" sequenceCoverage="0" branchCoverage="0" crapScore="20" isConstructor="false" isStatic="false" isGetter="false" isSetter="false">
              <Summary numSequencePoints="13" visitedSequencePoints="0" numBranchPoints="7" visitedBranchPoints="0" sequenceCoverage="0" branchCoverage="0" maxCyclomaticComplexity="4" minCyclomaticComplexity="4" maxCrapScore="20" minCrapScore="20" visitedClasses="0" numClasses="0" visitedMethods="0" numMethods="1" />
              <MetadataToken>100663307</MetadataToken>
              <Name>System.Void NDD.NFe.Infra.PDF.Features.Invoices.InvoiceRepositoryPDF::Export(NDD.NFe.Domain.Features.Invoices.Invoice,System.String)</Name>
              <FileRef uid="277" />
              <SequencePoints>
                <SequencePoint vc="0" uspid="1633" ordinal="0" offset="0" sl="17" sc="9" el="17" ec="10" bec="0" bev="0" fileid="277" />
                <SequencePoint vc="0" uspid="1634" ordinal="1" offset="1" sl="18" sc="13" el="18" ec="44" bec="2" bev="0" fileid="277" />
                <SequencePoint vc="0" uspid="1635" ordinal="2" offset="11" sl="19" sc="13" el="19" ec="14" bec="0" bev="0" fileid="277" />
                <SequencePoint vc="0" uspid="1636" ordinal="3" offset="12" sl="20" sc="17" el="20" ec="50" bec="0" bev="0" fileid="277" />
                <SequencePoint vc="0" uspid="1637" ordinal="4" offset="18" sl="23" sc="13" el="23" ec="33" bec="2" bev="0" fileid="277" />
                <SequencePoint vc="0" uspid="1638" ordinal="5" offset="26" sl="24" sc="13" el="24" ec="14" bec="0" bev="0" fileid="277" />
                <SequencePoint vc="0" uspid="1639" ordinal="6" offset="27" sl="25" sc="17" el="25" ec="70" bec="0" bev="0" fileid="277" />
                <SequencePoint vc="0" uspid="1640" ordinal="7" offset="33" sl="28" sc="13" el="28" ec="56" bec="2" bev="0" fileid="277" />
                <SequencePoint vc="0" uspid="1641" ordinal="8" offset="49" sl="29" sc="13" el="29" ec="14" bec="0" bev="0" fileid="277" />
                <SequencePoint vc="0" uspid="1642" ordinal="9" offset="50" sl="30" sc="17" el="30" ec="75" bec="0" bev="0" fileid="277" />
                <SequencePoint vc="0" uspid="1643" ordinal="10" offset="56" sl="33" sc="13" el="33" ec="32" bec="0" bev="0" fileid="277" />
                <SequencePoint vc="0" uspid="1644" ordinal="11" offset="63" sl="35" sc="13" el="35" ec="48" bec="0" bev="0" fileid="277" />
                <SequencePoint vc="0" uspid="1645" ordinal="12" offset="77" sl="36" sc="9" el="36" ec="10" bec="0" bev="0" fileid="277" />
              </SequencePoints>
              <BranchPoints>
                <BranchPoint vc="0" uspid="1646" ordinal="0" offset="9" sl="18" path="0" offsetend="11" fileid="277" />
                <BranchPoint vc="0" uspid="1647" ordinal="1" offset="9" sl="18" path="1" offsetend="18" fileid="277" />
                <BranchPoint vc="0" uspid="1648" ordinal="2" offset="24" sl="23" path="0" offsetend="26" fileid="277" />
                <BranchPoint vc="0" uspid="1649" ordinal="3" offset="24" sl="23" path="1" offsetend="33" fileid="277" />
                <BranchPoint vc="0" uspid="1650" ordinal="4" offset="47" sl="28" path="0" offsetend="49" fileid="277" />
                <BranchPoint vc="0" uspid="1651" ordinal="5" offset="47" sl="28" path="1" offsetend="56" fileid="277" />
              </BranchPoints>
              <MethodPoint xsi:type="SequencePoint" vc="0" uspid="1633" ordinal="0" offset="0" sl="17" sc="9" el="17" ec="10" bec="0" bev="0" fileid="277" />
            </Method>
          </Methods>
        </Class>
      </Classes>
    </Module>
  </Modules>
</CoverageSession>